#
# There is insufficient memory for the Java Runtime Environment to continue.
# Native memory allocation (mmap) failed to map 253755392 bytes for committing reserved memory.
# Possible reasons:
#   The system is out of physical RAM or swap space
#   The process is running with CompressedOops enabled, and the Java Heap may be blocking the growth of the native heap
# Possible solutions:
#   Reduce memory load on the system
#   Increase physical memory or swap space
#   Check if swap backing store is full
#   Decrease Java heap size (-Xmx/-Xms)
#   Decrease number of Java threads
#   Decrease Java thread stack sizes (-Xss)
#   Set larger code cache with -XX:ReservedCodeCacheSize=
#   JVM is running with Unscaled Compressed Oops mode in which the Java heap is
#     placed in the first 4GB address space. The Java Heap base address is the
#     maximum limit for the native heap growth. Please use -XX:HeapBaseMinAddress
#     to set the Java Heap base and to place the Java Heap above 4GB virtual address.
# This output file may be truncated or incomplete.
#
#  Out of Memory Error (os_linux.cpp:2985), pid=10059, tid=10066
#
# JRE version: OpenJDK Runtime Environment (11.0.11+9) (build 11.0.11+9-Ubuntu-0ubuntu2.18.04)
# Java VM: OpenJDK 64-Bit Server VM (11.0.11+9-Ubuntu-0ubuntu2.18.04, mixed mode, sharing, tiered, compressed oops, g1 gc, linux-amd64)
# No core dump will be written. Core dumps have been disabled. To enable core dumping, try "ulimit -c unlimited" before starting Java again
#

---------------  S U M M A R Y ------------

Command Line: -Xmx2G meteor-1.5.jar - - -stdio -l en -norm -a data/paraphrase-en.gz

Host: QEMU Virtual CPU version (cpu64-rhel6), 3 cores, 1G, Ubuntu 18.04 LTS
Time: Thu Jun 24 09:23:18 2021 EDT elapsed time: 2.944701 seconds (0d 0h 0m 2s)

---------------  T H R E A D  ---------------

Current thread (0x00007fbc5811d000):  VMThread "VM Thread" [stack: 0x00007fbc5c721000,0x00007fbc5c821000] [id=10066]

Stack: [0x00007fbc5c721000,0x00007fbc5c821000],  sp=0x00007fbc5c81ee40,  free space=1015k
Native frames: (J=compiled Java code, A=aot compiled Java code, j=interpreted, Vv=VM code, C=native code)
V  [libjvm.so+0xe1c39a]
V  [libjvm.so+0xe1d04b]
V  [libjvm.so+0x649755]
V  [libjvm.so+0xb76a88]
V  [libjvm.so+0xb6cf2d]
V  [libjvm.so+0x76107f]
V  [libjvm.so+0x76142e]
V  [libjvm.so+0x76aac6]
V  [libjvm.so+0x7e31c4]
V  [libjvm.so+0x7e3dd0]
V  [libjvm.so+0x7e41e7]
V  [libjvm.so+0x71ed30]
V  [libjvm.so+0x7236fc]
V  [libjvm.so+0xe27364]
V  [libjvm.so+0xe1eb58]
V  [libjvm.so+0xe24a47]
V  [libjvm.so+0xe250d8]
V  [libjvm.so+0xe253e3]
V  [libjvm.so+0xdb67e9]
V  [libjvm.so+0xb7b34e]

VM_Operation (0x00007fbc627ee240): G1CollectForAllocation, mode: safepoint, requested by thread 0x00007fbc58017000


---------------  P R O C E S S  ---------------

Threads class SMR info:
_java_thread_list=0x00007fbc58180f00, length=9, elements={
0x00007fbc58017000, 0x00007fbc58120000, 0x00007fbc58122000, 0x00007fbc58128000,
0x00007fbc5812a000, 0x00007fbc5812c800, 0x00007fbc5812e800, 0x00007fbc58130800,
0x00007fbc5817f800
}

Java Threads: ( => current thread )
  0x00007fbc58017000 JavaThread "main" [_thread_blocked, id=10060, stack(0x00007fbc626ef000,0x00007fbc627f0000)]
  0x00007fbc58120000 JavaThread "Reference Handler" daemon [_thread_blocked, id=10067, stack(0x00007fbc5c61e000,0x00007fbc5c71f000)]
  0x00007fbc58122000 JavaThread "Finalizer" daemon [_thread_blocked, id=10068, stack(0x00007fbc5c51d000,0x00007fbc5c61e000)]
  0x00007fbc58128000 JavaThread "Signal Dispatcher" daemon [_thread_blocked, id=10069, stack(0x00007fbc5c281000,0x00007fbc5c382000)]
  0x00007fbc5812a000 JavaThread "Service Thread" daemon [_thread_blocked, id=10070, stack(0x00007fbc5c180000,0x00007fbc5c281000)]
  0x00007fbc5812c800 JavaThread "C2 CompilerThread0" daemon [_thread_blocked, id=10071, stack(0x00007fbc5c07f000,0x00007fbc5c180000)]
  0x00007fbc5812e800 JavaThread "C1 CompilerThread0" daemon [_thread_blocked, id=10072, stack(0x00007fbc40777000,0x00007fbc40878000)]
  0x00007fbc58130800 JavaThread "Sweeper thread" daemon [_thread_blocked, id=10073, stack(0x00007fbc40676000,0x00007fbc40777000)]
  0x00007fbc5817f800 JavaThread "Common-Cleaner" daemon [_thread_blocked, id=10075, stack(0x00007fbc40473000,0x00007fbc40574000)]

Other Threads:
=>0x00007fbc5811d000 VMThread "VM Thread" [stack: 0x00007fbc5c721000,0x00007fbc5c821000] [id=10066]
  0x00007fbc5817c800 WatcherThread [stack: 0x00007fbc40576000,0x00007fbc40676000] [id=10074]
  0x00007fbc5802f000 GCTaskThread "GC Thread#0" [stack: 0x00007fbc5e6b2000,0x00007fbc5e7b2000] [id=10061]
  0x00007fbc24001000 GCTaskThread "GC Thread#1" [stack: 0x00007fbc2df00000,0x00007fbc2e000000] [id=10076]
  0x00007fbc24072000 GCTaskThread "GC Thread#2" [stack: 0x00007fbc2dcfc000,0x00007fbc2ddfc000] [id=10078]
  0x00007fbc58062000 ConcurrentGCThread "G1 Main Marker" [stack: 0x00007fbc5d6ad000,0x00007fbc5d7ad000] [id=10062]
  0x00007fbc58063800 ConcurrentGCThread "G1 Conc#0" [stack: 0x00007fbc5d5ab000,0x00007fbc5d6ab000] [id=10063]
  0x00007fbc5808c800 ConcurrentGCThread "G1 Refine#0" [stack: 0x00007fbc5d1a6000,0x00007fbc5d2a6000] [id=10064]
  0x00007fbc28001000 ConcurrentGCThread "G1 Refine#1" [stack: 0x00007fbc2ddfe000,0x00007fbc2defe000] [id=10077]
  0x00007fbc5808e000 ConcurrentGCThread "G1 Young RemSet Sampling" [stack: 0x00007fbc5d0a4000,0x00007fbc5d1a4000] [id=10065]

Threads with active compile tasks:
C2 CompilerThread0   2947  364 % !   4       edu.cmu.meteor.aligner.ParaphraseTransducer::<init> @ 110 (267 bytes)

VM state:at safepoint (normal execution)

VM Mutex/Monitor currently owned by a thread:  ([mutex/lock_event])
[0x00007fbc580133e0] Threads_lock - owner thread: 0x00007fbc5811d000
[0x00007fbc58013bc0] Heap_lock - owner thread: 0x00007fbc58017000

Heap address: 0x0000000080000000, size: 2048 MB, Compressed Oops mode: 32-bit
Narrow klass base: 0x0000000800000000, Narrow klass shift: 3
Compressed class space size: 1073741824 Address: 0x0000000840000000

Heap:
 garbage-first heap   total 416768K, used 59663K [0x0000000080000000, 0x0000000100000000)
  region size 1024K, 6 young (6144K), 6 survivors (6144K)
 Metaspace       used 1038K, capacity 4856K, committed 5120K, reserved 1056768K
  class space    used 71K, capacity 428K, committed 512K, reserved 1048576K
Heap Regions: E=young(eden), S=young(survivor), O=old, HS=humongous(starts), HC=humongous(continues), CS=collection set, F=free, A=archive, TAMS=top-at-mark-start (previous, next)
|   0|0x0000000080000000, 0x0000000080100000, 0x0000000080100000|100%| O|  |TAMS 0x0000000080100000, 0x0000000080000000| Untracked 
|   1|0x0000000080100000, 0x0000000080200000, 0x0000000080200000|100%| O|  |TAMS 0x0000000080200000, 0x0000000080100000| Untracked 
|   2|0x0000000080200000, 0x0000000080300000, 0x0000000080300000|100%| O|  |TAMS 0x0000000080300000, 0x0000000080200000| Untracked 
|   3|0x0000000080300000, 0x0000000080400000, 0x0000000080400000|100%| O|  |TAMS 0x0000000080400000, 0x0000000080300000| Untracked 
|   4|0x0000000080400000, 0x0000000080500000, 0x0000000080500000|100%| O|  |TAMS 0x0000000080500000, 0x0000000080400000| Untracked 
|   5|0x0000000080500000, 0x0000000080600000, 0x0000000080600000|100%| O|  |TAMS 0x0000000080600000, 0x0000000080500000| Untracked 
|   6|0x0000000080600000, 0x0000000080700000, 0x0000000080700000|100%| O|  |TAMS 0x0000000080700000, 0x0000000080600000| Untracked 
|   7|0x0000000080700000, 0x0000000080800000, 0x0000000080800000|100%| O|  |TAMS 0x0000000080800000, 0x0000000080700000| Untracked 
|   8|0x0000000080800000, 0x0000000080900000, 0x0000000080900000|100%| O|  |TAMS 0x0000000080900000, 0x0000000080800000| Untracked 
|   9|0x0000000080900000, 0x0000000080a00000, 0x0000000080a00000|100%| O|  |TAMS 0x0000000080a00000, 0x0000000080900000| Untracked 
|  10|0x0000000080a00000, 0x0000000080b00000, 0x0000000080b00000|100%| O|  |TAMS 0x0000000080b00000, 0x0000000080a00000| Untracked 
|  11|0x0000000080b00000, 0x0000000080c00000, 0x0000000080c00000|100%| O|  |TAMS 0x0000000080c00000, 0x0000000080b00000| Untracked 
|  12|0x0000000080c00000, 0x0000000080d00000, 0x0000000080d00000|100%| O|  |TAMS 0x0000000080d00000, 0x0000000080c00000| Untracked 
|  13|0x0000000080d00000, 0x0000000080e00000, 0x0000000080e00000|100%| O|  |TAMS 0x0000000080e00000, 0x0000000080d00000| Untracked 
|  14|0x0000000080e00000, 0x0000000080f00000, 0x0000000080f00000|100%| O|  |TAMS 0x0000000080f00000, 0x0000000080e00000| Untracked 
|  15|0x0000000080f00000, 0x0000000081000000, 0x0000000081000000|100%| O|  |TAMS 0x0000000081000000, 0x0000000080f00000| Untracked 
|  16|0x0000000081000000, 0x0000000081100000, 0x0000000081100000|100%|HS|  |TAMS 0x0000000081100000, 0x0000000081000000| Complete 
|  17|0x0000000081100000, 0x0000000081200000, 0x0000000081200000|100%| O|  |TAMS 0x0000000081200000, 0x0000000081100000| Untracked 
|  18|0x0000000081200000, 0x0000000081300000, 0x0000000081300000|100%| O|  |TAMS 0x0000000081300000, 0x0000000081200000| Untracked 
|  19|0x0000000081300000, 0x0000000081400000, 0x0000000081400000|100%| O|  |TAMS 0x0000000081400000, 0x0000000081300000| Untracked 
|  20|0x0000000081400000, 0x0000000081500000, 0x0000000081500000|100%| O|  |TAMS 0x0000000081500000, 0x0000000081400000| Untracked 
|  21|0x0000000081500000, 0x0000000081600000, 0x0000000081600000|100%| O|  |TAMS 0x0000000081600000, 0x0000000081500000| Untracked 
|  22|0x0000000081600000, 0x0000000081700000, 0x0000000081700000|100%| O|  |TAMS 0x0000000081700000, 0x0000000081600000| Untracked 
|  23|0x0000000081700000, 0x0000000081800000, 0x0000000081800000|100%| O|  |TAMS 0x0000000081800000, 0x0000000081700000| Untracked 
|  24|0x0000000081800000, 0x0000000081900000, 0x0000000081900000|100%| O|  |TAMS 0x0000000081900000, 0x0000000081800000| Untracked 
|  25|0x0000000081900000, 0x0000000081a00000, 0x0000000081a00000|100%| O|  |TAMS 0x0000000081a00000, 0x0000000081900000| Untracked 
|  26|0x0000000081a00000, 0x0000000081b00000, 0x0000000081b00000|100%| O|  |TAMS 0x0000000081b00000, 0x0000000081a00000| Untracked 
|  27|0x0000000081b00000, 0x0000000081c00000, 0x0000000081c00000|100%| O|  |TAMS 0x0000000081c00000, 0x0000000081b00000| Untracked 
|  28|0x0000000081c00000, 0x0000000081d00000, 0x0000000081d00000|100%| O|  |TAMS 0x0000000081d00000, 0x0000000081c00000| Untracked 
|  29|0x0000000081d00000, 0x0000000081e00000, 0x0000000081e00000|100%| O|  |TAMS 0x0000000081e00000, 0x0000000081d00000| Untracked 
|  30|0x0000000081e00000, 0x0000000081f00000, 0x0000000081f00000|100%| O|  |TAMS 0x0000000081f00000, 0x0000000081e00000| Untracked 
|  31|0x0000000081f00000, 0x0000000082000000, 0x0000000082000000|100%| O|  |TAMS 0x0000000082000000, 0x0000000081f00000| Untracked 
|  32|0x0000000082000000, 0x0000000082100000, 0x0000000082100000|100%| O|  |TAMS 0x0000000082100000, 0x0000000082000000| Untracked 
|  33|0x0000000082100000, 0x0000000082200000, 0x0000000082200000|100%| O|  |TAMS 0x0000000082200000, 0x0000000082100000| Untracked 
|  34|0x0000000082200000, 0x0000000082300000, 0x0000000082300000|100%| O|  |TAMS 0x0000000082300000, 0x0000000082200000| Untracked 
|  35|0x0000000082300000, 0x0000000082400000, 0x0000000082400000|100%| O|  |TAMS 0x0000000082400000, 0x0000000082300000| Untracked 
|  36|0x0000000082400000, 0x0000000082500000, 0x0000000082500000|100%| O|  |TAMS 0x0000000082480000, 0x0000000082400000| Untracked 
|  37|0x0000000082500000, 0x0000000082600000, 0x0000000082600000|100%| O|  |TAMS 0x0000000082500000, 0x0000000082500000| Untracked 
|  38|0x0000000082600000, 0x0000000082700000, 0x0000000082700000|100%| O|  |TAMS 0x0000000082600000, 0x0000000082600000| Untracked 
|  39|0x0000000082700000, 0x0000000082800000, 0x0000000082800000|100%| O|  |TAMS 0x0000000082700000, 0x0000000082700000| Untracked 
|  40|0x0000000082800000, 0x0000000082900000, 0x0000000082900000|100%| O|  |TAMS 0x0000000082800000, 0x0000000082800000| Untracked 
|  41|0x0000000082900000, 0x0000000082a00000, 0x0000000082a00000|100%| O|  |TAMS 0x0000000082900000, 0x0000000082900000| Untracked 
|  42|0x0000000082a00000, 0x0000000082b00000, 0x0000000082b00000|100%| O|  |TAMS 0x0000000082a00000, 0x0000000082a00000| Untracked 
|  43|0x0000000082b00000, 0x0000000082c00000, 0x0000000082c00000|100%| O|  |TAMS 0x0000000082b00000, 0x0000000082b00000| Untracked 
|  44|0x0000000082c00000, 0x0000000082d00000, 0x0000000082d00000|100%| O|  |TAMS 0x0000000082c00000, 0x0000000082c00000| Untracked 
|  45|0x0000000082d00000, 0x0000000082e00000, 0x0000000082e00000|100%| O|  |TAMS 0x0000000082d00000, 0x0000000082d00000| Untracked 
|  46|0x0000000082e00000, 0x0000000082f00000, 0x0000000082f00000|100%| O|  |TAMS 0x0000000082e00000, 0x0000000082e00000| Untracked 
|  47|0x0000000082f00000, 0x0000000083000000, 0x0000000083000000|100%| O|  |TAMS 0x0000000082f00000, 0x0000000082f00000| Untracked 
|  48|0x0000000083000000, 0x0000000083100000, 0x0000000083100000|100%| O|  |TAMS 0x0000000083000000, 0x0000000083000000| Untracked 
|  49|0x0000000083100000, 0x0000000083200000, 0x0000000083200000|100%| O|  |TAMS 0x0000000083100000, 0x0000000083100000| Untracked 
|  50|0x0000000083200000, 0x0000000083300000, 0x0000000083300000|100%| O|  |TAMS 0x0000000083200000, 0x0000000083200000| Untracked 
|  51|0x0000000083300000, 0x0000000083400000, 0x0000000083400000|100%|HS|  |TAMS 0x0000000083300000, 0x0000000083300000| Complete 
|  52|0x0000000083400000, 0x0000000083500000, 0x0000000083500000|100%| O|  |TAMS 0x0000000083400000, 0x0000000083400000| Untracked 
|  53|0x0000000083500000, 0x000000008350fa00, 0x0000000083600000|  6%| O|  |TAMS 0x0000000083500000, 0x0000000083500000| Untracked 
|  54|0x0000000083600000, 0x0000000083600000, 0x0000000083700000|  0%| F|  |TAMS 0x0000000083600000, 0x0000000083600000| Untracked 
|  55|0x0000000083700000, 0x0000000083700000, 0x0000000083800000|  0%| F|  |TAMS 0x0000000083700000, 0x0000000083700000| Untracked 
|  56|0x0000000083800000, 0x0000000083800000, 0x0000000083900000|  0%| F|  |TAMS 0x0000000083800000, 0x0000000083800000| Untracked 
|  57|0x0000000083900000, 0x0000000083900000, 0x0000000083a00000|  0%| F|  |TAMS 0x0000000083900000, 0x0000000083900000| Untracked 
|  58|0x0000000083a00000, 0x0000000083a00000, 0x0000000083b00000|  0%| F|  |TAMS 0x0000000083a00000, 0x0000000083a00000| Untracked 
|  59|0x0000000083b00000, 0x0000000083b00000, 0x0000000083c00000|  0%| F|  |TAMS 0x0000000083b00000, 0x0000000083b00000| Untracked 
|  60|0x0000000083c00000, 0x0000000083c00000, 0x0000000083d00000|  0%| F|  |TAMS 0x0000000083c00000, 0x0000000083c00000| Untracked 
|  61|0x0000000083d00000, 0x0000000083d00000, 0x0000000083e00000|  0%| F|  |TAMS 0x0000000083d00000, 0x0000000083d00000| Untracked 
|  62|0x0000000083e00000, 0x0000000083e00000, 0x0000000083f00000|  0%| F|  |TAMS 0x0000000083e00000, 0x0000000083e00000| Untracked 
|  63|0x0000000083f00000, 0x0000000083f00000, 0x0000000084000000|  0%| F|  |TAMS 0x0000000083f00000, 0x0000000083f00000| Untracked 
|  64|0x0000000084000000, 0x0000000084000000, 0x0000000084100000|  0%| F|  |TAMS 0x0000000084000000, 0x0000000084000000| Untracked 
|  65|0x0000000084100000, 0x0000000084100000, 0x0000000084200000|  0%| F|  |TAMS 0x0000000084100000, 0x0000000084100000| Untracked 
|  66|0x0000000084200000, 0x0000000084200000, 0x0000000084300000|  0%| F|  |TAMS 0x0000000084200000, 0x0000000084200000| Untracked 
|  67|0x0000000084300000, 0x0000000084300000, 0x0000000084400000|  0%| F|  |TAMS 0x0000000084300000, 0x0000000084300000| Untracked 
|  68|0x0000000084400000, 0x0000000084400000, 0x0000000084500000|  0%| F|  |TAMS 0x0000000084400000, 0x0000000084400000| Untracked 
|  69|0x0000000084500000, 0x0000000084500000, 0x0000000084600000|  0%| F|  |TAMS 0x0000000084500000, 0x0000000084500000| Untracked 
|  70|0x0000000084600000, 0x0000000084600000, 0x0000000084700000|  0%| F|  |TAMS 0x0000000084600000, 0x0000000084600000| Untracked 
|  71|0x0000000084700000, 0x0000000084700000, 0x0000000084800000|  0%| F|  |TAMS 0x0000000084700000, 0x0000000084700000| Untracked 
|  72|0x0000000084800000, 0x0000000084800000, 0x0000000084900000|  0%| F|  |TAMS 0x0000000084800000, 0x0000000084800000| Untracked 
|  73|0x0000000084900000, 0x0000000084900000, 0x0000000084a00000|  0%| F|  |TAMS 0x0000000084900000, 0x0000000084900000| Untracked 
|  74|0x0000000084a00000, 0x0000000084a00000, 0x0000000084b00000|  0%| F|  |TAMS 0x0000000084a00000, 0x0000000084a00000| Untracked 
|  75|0x0000000084b00000, 0x0000000084b00000, 0x0000000084c00000|  0%| F|  |TAMS 0x0000000084b00000, 0x0000000084b00000| Untracked 
|  76|0x0000000084c00000, 0x0000000084c00000, 0x0000000084d00000|  0%| F|  |TAMS 0x0000000084c00000, 0x0000000084c00000| Untracked 
|  77|0x0000000084d00000, 0x0000000084d00000, 0x0000000084e00000|  0%| F|  |TAMS 0x0000000084d00000, 0x0000000084d00000| Untracked 
|  78|0x0000000084e00000, 0x0000000084e00000, 0x0000000084f00000|  0%| F|  |TAMS 0x0000000084e00000, 0x0000000084e00000| Untracked 
|  79|0x0000000084f00000, 0x0000000084f00000, 0x0000000085000000|  0%| F|  |TAMS 0x0000000084f00000, 0x0000000084f00000| Untracked 
|  80|0x0000000085000000, 0x0000000085000000, 0x0000000085100000|  0%| F|  |TAMS 0x0000000085000000, 0x0000000085000000| Untracked 
|  81|0x0000000085100000, 0x0000000085100000, 0x0000000085200000|  0%| F|  |TAMS 0x0000000085100000, 0x0000000085100000| Untracked 
|  82|0x0000000085200000, 0x0000000085200000, 0x0000000085300000|  0%| F|  |TAMS 0x0000000085200000, 0x0000000085200000| Untracked 
|  83|0x0000000085300000, 0x0000000085300000, 0x0000000085400000|  0%| F|  |TAMS 0x0000000085300000, 0x0000000085300000| Untracked 
|  84|0x0000000085400000, 0x0000000085400000, 0x0000000085500000|  0%| F|  |TAMS 0x0000000085400000, 0x0000000085400000| Untracked 
|  85|0x0000000085500000, 0x0000000085500000, 0x0000000085600000|  0%| F|  |TAMS 0x0000000085500000, 0x0000000085500000| Untracked 
|  86|0x0000000085600000, 0x0000000085600000, 0x0000000085700000|  0%| F|  |TAMS 0x0000000085600000, 0x0000000085600000| Untracked 
|  87|0x0000000085700000, 0x0000000085700000, 0x0000000085800000|  0%| F|  |TAMS 0x0000000085700000, 0x0000000085700000| Untracked 
|  88|0x0000000085800000, 0x0000000085800000, 0x0000000085900000|  0%| F|  |TAMS 0x0000000085800000, 0x0000000085800000| Untracked 
|  89|0x0000000085900000, 0x0000000085900000, 0x0000000085a00000|  0%| F|  |TAMS 0x0000000085900000, 0x0000000085900000| Untracked 
|  90|0x0000000085a00000, 0x0000000085a00000, 0x0000000085b00000|  0%| F|  |TAMS 0x0000000085a00000, 0x0000000085a00000| Untracked 
|  91|0x0000000085b00000, 0x0000000085b00000, 0x0000000085c00000|  0%| F|  |TAMS 0x0000000085b00000, 0x0000000085b00000| Untracked 
|  92|0x0000000085c00000, 0x0000000085c00000, 0x0000000085d00000|  0%| F|  |TAMS 0x0000000085c00000, 0x0000000085c00000| Untracked 
|  93|0x0000000085d00000, 0x0000000085d00000, 0x0000000085e00000|  0%| F|  |TAMS 0x0000000085d00000, 0x0000000085d00000| Untracked 
|  94|0x0000000085e00000, 0x0000000085e00000, 0x0000000085f00000|  0%| F|  |TAMS 0x0000000085e00000, 0x0000000085e00000| Untracked 
|  95|0x0000000085f00000, 0x0000000085f00000, 0x0000000086000000|  0%| F|  |TAMS 0x0000000085f00000, 0x0000000085f00000| Untracked 
|  96|0x0000000086000000, 0x0000000086000000, 0x0000000086100000|  0%| F|  |TAMS 0x0000000086000000, 0x0000000086000000| Untracked 
|  97|0x0000000086100000, 0x0000000086100000, 0x0000000086200000|  0%| F|  |TAMS 0x0000000086100000, 0x0000000086100000| Untracked 
|  98|0x0000000086200000, 0x0000000086200000, 0x0000000086300000|  0%| F|  |TAMS 0x0000000086200000, 0x0000000086200000| Untracked 
|  99|0x0000000086300000, 0x0000000086300000, 0x0000000086400000|  0%| F|  |TAMS 0x0000000086300000, 0x0000000086300000| Untracked 
| 100|0x0000000086400000, 0x0000000086400000, 0x0000000086500000|  0%| F|  |TAMS 0x0000000086400000, 0x0000000086400000| Untracked 
| 101|0x0000000086500000, 0x0000000086500000, 0x0000000086600000|  0%| F|  |TAMS 0x0000000086500000, 0x0000000086500000| Untracked 
| 102|0x0000000086600000, 0x0000000086600000, 0x0000000086700000|  0%| F|  |TAMS 0x0000000086600000, 0x0000000086600000| Untracked 
| 103|0x0000000086700000, 0x0000000086700000, 0x0000000086800000|  0%| F|  |TAMS 0x0000000086700000, 0x0000000086700000| Untracked 
| 104|0x0000000086800000, 0x0000000086800000, 0x0000000086900000|  0%| F|  |TAMS 0x0000000086800000, 0x0000000086800000| Untracked 
| 105|0x0000000086900000, 0x0000000086900000, 0x0000000086a00000|  0%| F|  |TAMS 0x0000000086900000, 0x0000000086900000| Untracked 
| 106|0x0000000086a00000, 0x0000000086a00000, 0x0000000086b00000|  0%| F|  |TAMS 0x0000000086a00000, 0x0000000086a00000| Untracked 
| 107|0x0000000086b00000, 0x0000000086b00000, 0x0000000086c00000|  0%| F|  |TAMS 0x0000000086b00000, 0x0000000086b00000| Untracked 
| 108|0x0000000086c00000, 0x0000000086c00000, 0x0000000086d00000|  0%| F|  |TAMS 0x0000000086c00000, 0x0000000086c00000| Untracked 
| 109|0x0000000086d00000, 0x0000000086d00000, 0x0000000086e00000|  0%| F|  |TAMS 0x0000000086d00000, 0x0000000086d00000| Untracked 
| 110|0x0000000086e00000, 0x0000000086e00000, 0x0000000086f00000|  0%| F|  |TAMS 0x0000000086e00000, 0x0000000086e00000| Untracked 
| 111|0x0000000086f00000, 0x0000000086f00000, 0x0000000087000000|  0%| F|  |TAMS 0x0000000086f00000, 0x0000000086f00000| Untracked 
| 112|0x0000000087000000, 0x0000000087000000, 0x0000000087100000|  0%| F|  |TAMS 0x0000000087000000, 0x0000000087000000| Untracked 
| 113|0x0000000087100000, 0x0000000087100000, 0x0000000087200000|  0%| F|  |TAMS 0x0000000087100000, 0x0000000087100000| Untracked 
| 114|0x0000000087200000, 0x0000000087200000, 0x0000000087300000|  0%| F|  |TAMS 0x0000000087200000, 0x0000000087200000| Untracked 
| 115|0x0000000087300000, 0x0000000087334268, 0x0000000087400000| 20%| S|CS|TAMS 0x0000000087300000, 0x0000000087300000| Complete 
| 116|0x0000000087400000, 0x0000000087500000, 0x0000000087500000|100%| S|CS|TAMS 0x0000000087400000, 0x0000000087400000| Complete 
| 117|0x0000000087500000, 0x0000000087600000, 0x0000000087600000|100%| S|CS|TAMS 0x0000000087500000, 0x0000000087500000| Complete 
| 118|0x0000000087600000, 0x0000000087700000, 0x0000000087700000|100%| S|CS|TAMS 0x0000000087600000, 0x0000000087600000| Complete 
| 119|0x0000000087700000, 0x0000000087800000, 0x0000000087800000|100%| S|CS|TAMS 0x0000000087700000, 0x0000000087700000| Complete 
| 120|0x0000000087800000, 0x0000000087900000, 0x0000000087900000|100%| S|CS|TAMS 0x0000000087800000, 0x0000000087800000| Complete 
| 121|0x0000000087900000, 0x0000000087900000, 0x0000000087a00000|  0%| F|  |TAMS 0x0000000087900000, 0x0000000087900000| Untracked 
| 122|0x0000000087a00000, 0x0000000087a00000, 0x0000000087b00000|  0%| F|  |TAMS 0x0000000087a00000, 0x0000000087a00000| Untracked 
| 123|0x0000000087b00000, 0x0000000087b00000, 0x0000000087c00000|  0%| F|  |TAMS 0x0000000087b00000, 0x0000000087b00000| Untracked 
| 124|0x0000000087c00000, 0x0000000087c00000, 0x0000000087d00000|  0%| F|  |TAMS 0x0000000087c00000, 0x0000000087c00000| Untracked 
| 125|0x0000000087d00000, 0x0000000087d00000, 0x0000000087e00000|  0%| F|  |TAMS 0x0000000087d00000, 0x0000000087d00000| Untracked 
| 126|0x0000000087e00000, 0x0000000087e00000, 0x0000000087f00000|  0%| F|  |TAMS 0x0000000087e00000, 0x0000000087e00000| Untracked 
| 127|0x0000000087f00000, 0x0000000087f00000, 0x0000000088000000|  0%| F|  |TAMS 0x0000000087f00000, 0x0000000087f00000| Untracked 
| 128|0x0000000088000000, 0x0000000088000000, 0x0000000088100000|  0%| F|  |TAMS 0x0000000088000000, 0x0000000088000000| Untracked 
| 129|0x0000000088100000, 0x0000000088100000, 0x0000000088200000|  0%| F|  |TAMS 0x0000000088100000, 0x0000000088100000| Untracked 
| 130|0x0000000088200000, 0x0000000088200000, 0x0000000088300000|  0%| F|  |TAMS 0x0000000088200000, 0x0000000088200000| Untracked 
| 131|0x0000000088300000, 0x0000000088300000, 0x0000000088400000|  0%| F|  |TAMS 0x0000000088300000, 0x0000000088300000| Untracked 
| 132|0x0000000088400000, 0x0000000088400000, 0x0000000088500000|  0%| F|  |TAMS 0x0000000088400000, 0x0000000088400000| Untracked 
| 133|0x0000000088500000, 0x0000000088500000, 0x0000000088600000|  0%| F|  |TAMS 0x0000000088500000, 0x0000000088500000| Untracked 
| 134|0x0000000088600000, 0x0000000088600000, 0x0000000088700000|  0%| F|  |TAMS 0x0000000088600000, 0x0000000088600000| Untracked 
| 135|0x0000000088700000, 0x0000000088700000, 0x0000000088800000|  0%| F|  |TAMS 0x0000000088700000, 0x0000000088700000| Untracked 
| 136|0x0000000088800000, 0x0000000088800000, 0x0000000088900000|  0%| F|  |TAMS 0x0000000088800000, 0x0000000088800000| Untracked 
| 137|0x0000000088900000, 0x0000000088900000, 0x0000000088a00000|  0%| F|  |TAMS 0x0000000088900000, 0x0000000088900000| Untracked 
| 138|0x0000000088a00000, 0x0000000088a00000, 0x0000000088b00000|  0%| F|  |TAMS 0x0000000088a00000, 0x0000000088a00000| Untracked 
| 139|0x0000000088b00000, 0x0000000088b00000, 0x0000000088c00000|  0%| F|  |TAMS 0x0000000088b00000, 0x0000000088b00000| Untracked 
| 140|0x0000000088c00000, 0x0000000088c00000, 0x0000000088d00000|  0%| F|  |TAMS 0x0000000088c00000, 0x0000000088c00000| Untracked 
| 141|0x0000000088d00000, 0x0000000088d00000, 0x0000000088e00000|  0%| F|  |TAMS 0x0000000088d00000, 0x0000000088d00000| Untracked 
| 142|0x0000000088e00000, 0x0000000088e00000, 0x0000000088f00000|  0%| F|  |TAMS 0x0000000088e00000, 0x0000000088e00000| Untracked 
| 143|0x0000000088f00000, 0x0000000088f00000, 0x0000000089000000|  0%| F|  |TAMS 0x0000000088f00000, 0x0000000088f00000| Untracked 
| 144|0x0000000089000000, 0x0000000089000000, 0x0000000089100000|  0%| F|  |TAMS 0x0000000089000000, 0x0000000089000000| Untracked 
| 145|0x0000000089100000, 0x0000000089100000, 0x0000000089200000|  0%| F|  |TAMS 0x0000000089100000, 0x0000000089100000| Untracked 
| 146|0x0000000089200000, 0x0000000089200000, 0x0000000089300000|  0%| F|  |TAMS 0x0000000089200000, 0x0000000089200000| Untracked 
| 147|0x0000000089300000, 0x0000000089300000, 0x0000000089400000|  0%| F|  |TAMS 0x0000000089300000, 0x0000000089300000| Untracked 
| 148|0x0000000089400000, 0x0000000089400000, 0x0000000089500000|  0%| F|  |TAMS 0x0000000089400000, 0x0000000089400000| Untracked 
| 149|0x0000000089500000, 0x0000000089500000, 0x0000000089600000|  0%| F|  |TAMS 0x0000000089500000, 0x0000000089500000| Untracked 
| 150|0x0000000089600000, 0x0000000089600000, 0x0000000089700000|  0%| F|  |TAMS 0x0000000089600000, 0x0000000089600000| Untracked 
| 151|0x0000000089700000, 0x0000000089700000, 0x0000000089800000|  0%| F|  |TAMS 0x0000000089700000, 0x0000000089700000| Untracked 
| 152|0x0000000089800000, 0x0000000089800000, 0x0000000089900000|  0%| F|  |TAMS 0x0000000089800000, 0x0000000089800000| Untracked 
| 153|0x0000000089900000, 0x0000000089900000, 0x0000000089a00000|  0%| F|  |TAMS 0x0000000089900000, 0x0000000089900000| Untracked 
| 154|0x0000000089a00000, 0x0000000089a00000, 0x0000000089b00000|  0%| F|  |TAMS 0x0000000089a00000, 0x0000000089a00000| Untracked 
| 155|0x0000000089b00000, 0x0000000089b00000, 0x0000000089c00000|  0%| F|  |TAMS 0x0000000089b00000, 0x0000000089b00000| Untracked 
| 156|0x0000000089c00000, 0x0000000089c00000, 0x0000000089d00000|  0%| F|  |TAMS 0x0000000089c00000, 0x0000000089c00000| Untracked 
| 157|0x0000000089d00000, 0x0000000089d00000, 0x0000000089e00000|  0%| F|  |TAMS 0x0000000089d00000, 0x0000000089d00000| Untracked 
| 158|0x0000000089e00000, 0x0000000089e00000, 0x0000000089f00000|  0%| F|  |TAMS 0x0000000089e00000, 0x0000000089e00000| Untracked 
| 159|0x0000000089f00000, 0x0000000089f00000, 0x000000008a000000|  0%| F|  |TAMS 0x0000000089f00000, 0x0000000089f00000| Untracked 
| 160|0x000000008a000000, 0x000000008a000000, 0x000000008a100000|  0%| F|  |TAMS 0x000000008a000000, 0x000000008a000000| Untracked 
| 161|0x000000008a100000, 0x000000008a100000, 0x000000008a200000|  0%| F|  |TAMS 0x000000008a100000, 0x000000008a100000| Untracked 
| 162|0x000000008a200000, 0x000000008a200000, 0x000000008a300000|  0%| F|  |TAMS 0x000000008a200000, 0x000000008a200000| Untracked 
| 163|0x000000008a300000, 0x000000008a300000, 0x000000008a400000|  0%| F|  |TAMS 0x000000008a300000, 0x000000008a300000| Untracked 
| 164|0x000000008a400000, 0x000000008a400000, 0x000000008a500000|  0%| F|  |TAMS 0x000000008a400000, 0x000000008a400000| Untracked 

Card table byte_map: [0x00007fbc5dbad000,0x00007fbc5dfad000] _byte_map_base: 0x00007fbc5d7ad000

Marking Bits (Prev, Next): (CMBitMap*) 0x00007fbc58058ee0, (CMBitMap*) 0x00007fbc58058ea8
 Prev Bits: [0x00007fbc38000000, 0x00007fbc3a000000)
 Next Bits: [0x00007fbc3a000000, 0x00007fbc3c000000)

Polling page: 0x00007fbc627f9000

Metaspace:

Usage:
  Non-class:      4.32 MB capacity,   967.71 KB ( 22%) used,     3.38 MB ( 78%) free+waste,   768 bytes ( <1%) overhead. 
      Class:    428.00 KB capacity,    71.25 KB ( 17%) used,   356.19 KB ( 83%) free+waste,   576 bytes ( <1%) overhead. 
       Both:      4.74 MB capacity,     1.01 MB ( 21%) used,     3.73 MB ( 79%) free+waste,     1.31 KB ( <1%) overhead. 

Virtual space:
  Non-class space:        8.00 MB reserved,       4.50 MB ( 56%) committed 
      Class space:        1.00 GB reserved,     512.00 KB ( <1%) committed 
             Both:        1.01 GB reserved,       5.00 MB ( <1%) committed 

Chunk freelists:
   Non-Class:  44.00 KB
       Class:  20.00 KB
        Both:  64.00 KB

MaxMetaspaceSize: unlimited
CompressedClassSpaceSize: 1.00 GB

CodeHeap 'non-profiled nmethods': size=120036Kb used=239Kb max_used=239Kb free=119796Kb
 bounds [0x00007fbc4833f000, 0x00007fbc485af000, 0x00007fbc4f878000]
CodeHeap 'profiled nmethods': size=120032Kb used=824Kb max_used=824Kb free=119207Kb
 bounds [0x00007fbc40e07000, 0x00007fbc41077000, 0x00007fbc4833f000]
CodeHeap 'non-nmethods': size=5692Kb used=1045Kb max_used=1071Kb free=4647Kb
 bounds [0x00007fbc40878000, 0x00007fbc40ae8000, 0x00007fbc40e07000]
 total_blobs=712 nmethods=375 adapters=250
 compilation: enabled
              stopped_count=0, restarted_count=0
 full_count=0

Compilation events (20 events):
Event: 2.695 Thread 0x00007fbc5812e800  375       3       java.util.zip.InflaterInputStream::available (32 bytes)
Event: 2.696 Thread 0x00007fbc5812e800 nmethod 375 0x00007fbc40ec3d10 code [0x00007fbc40ec3f00, 0x00007fbc40ec4480]
Event: 2.714 Thread 0x00007fbc5812e800  376       3       java.util.zip.CRC32::updateBytesCheck (55 bytes)
Event: 2.715 Thread 0x00007fbc5812e800 nmethod 376 0x00007fbc40ec4610 code [0x00007fbc40ec4820, 0x00007fbc40ec4ca0]
Event: 2.732 Thread 0x00007fbc5812e800  377       3       java.util.zip.Inflater::ensureOpen (47 bytes)
Event: 2.732 Thread 0x00007fbc5812e800 nmethod 377 0x00007fbc40ec4e90 code [0x00007fbc40ec5060, 0x00007fbc40ec52e0]
Event: 2.739 Thread 0x00007fbc5812e800  380       3       java.lang.AbstractStringBuilder::appendChars (130 bytes)
Event: 2.741 Thread 0x00007fbc5812e800 nmethod 380 0x00007fbc40ec5410 code [0x00007fbc40ec5680, 0x00007fbc40ec6180]
Event: 2.742 Thread 0x00007fbc5812e800  383   !   3       java.nio.charset.CharsetDecoder::decode (287 bytes)
Event: 2.745 Thread 0x00007fbc5812e800 nmethod 383 0x00007fbc40ec6710 code [0x00007fbc40ec6a40, 0x00007fbc40ec7f50]
Event: 2.745 Thread 0x00007fbc5812e800  381       3       sun.nio.cs.UTF_8$Decoder::decodeLoop (28 bytes)
Event: 2.746 Thread 0x00007fbc5812e800 nmethod 381 0x00007fbc40ec8610 code [0x00007fbc40ec8800, 0x00007fbc40ec8bf0]
Event: 2.746 Thread 0x00007fbc5812e800  382       3       java.lang.AbstractStringBuilder::checkRange (60 bytes)
Event: 2.747 Thread 0x00007fbc5812e800 nmethod 382 0x00007fbc40ec8d90 code [0x00007fbc40ec9060, 0x00007fbc40ec9b90]
Event: 2.768 Thread 0x00007fbc5812e800  385       3       sun.nio.cs.UTF_8$Decoder::decodeArrayLoop (691 bytes)
Event: 2.790 Thread 0x00007fbc5812e800 nmethod 385 0x00007fbc40ec9f90 code [0x00007fbc40eca960, 0x00007fbc40ed0f00]
Event: 2.790 Thread 0x00007fbc5812e800  386       3       java.nio.ByteBuffer::arrayOffset (35 bytes)
Event: 2.790 Thread 0x00007fbc5812e800 nmethod 386 0x00007fbc40ed2c10 code [0x00007fbc40ed2de0, 0x00007fbc40ed3070]
Event: 2.790 Thread 0x00007fbc5812e800  384   !   3       java.util.zip.Inflater::inflate (418 bytes)
Event: 2.792 Thread 0x00007fbc5812e800 nmethod 384 0x00007fbc40ed3190 code [0x00007fbc40ed3460, 0x00007fbc40ed4740]

GC Heap History (20 events):
Event: 0.880 GC heap after
{Heap after GC invocations=3 (full 0):
 garbage-first heap   total 32768K, used 9216K [0x0000000080000000, 0x0000000100000000)
  region size 1024K, 1 young (1024K), 1 survivors (1024K)
 Metaspace       used 934K, capacity 4856K, committed 5120K, reserved 1056768K
  class space    used 65K, capacity 428K, committed 512K, reserved 1048576K
}
Event: 0.928 GC heap before
{Heap before GC invocations=3 (full 0):
 garbage-first heap   total 32768K, used 15360K [0x0000000080000000, 0x0000000100000000)
  region size 1024K, 7 young (7168K), 1 survivors (1024K)
 Metaspace       used 947K, capacity 4856K, committed 5120K, reserved 1056768K
  class space    used 65K, capacity 428K, committed 512K, reserved 1048576K
}
Event: 0.948 GC heap after
{Heap after GC invocations=4 (full 0):
 garbage-first heap   total 32768K, used 13666K [0x0000000080000000, 0x0000000100000000)
  region size 1024K, 1 young (1024K), 1 survivors (1024K)
 Metaspace       used 947K, capacity 4856K, committed 5120K, reserved 1056768K
  class space    used 65K, capacity 428K, committed 512K, reserved 1048576K
}
Event: 1.000 GC heap before
{Heap before GC invocations=4 (full 0):
 garbage-first heap   total 32768K, used 17762K [0x0000000080000000, 0x0000000100000000)
  region size 1024K, 5 young (5120K), 1 survivors (1024K)
 Metaspace       used 954K, capacity 4856K, committed 5120K, reserved 1056768K
  class space    used 65K, capacity 428K, committed 512K, reserved 1048576K
}
Event: 1.016 GC heap after
{Heap after GC invocations=5 (full 0):
 garbage-first heap   total 60416K, used 17078K [0x0000000080000000, 0x0000000100000000)
  region size 1024K, 1 young (1024K), 1 survivors (1024K)
 Metaspace       used 954K, capacity 4856K, committed 5120K, reserved 1056768K
  class space    used 65K, capacity 428K, committed 512K, reserved 1048576K
}
Event: 1.208 GC heap before
{Heap before GC invocations=5 (full 0):
 garbage-first heap   total 60416K, used 30390K [0x0000000080000000, 0x0000000100000000)
  region size 1024K, 13 young (13312K), 1 survivors (1024K)
 Metaspace       used 961K, capacity 4856K, committed 5120K, reserved 1056768K
  class space    used 65K, capacity 428K, committed 512K, reserved 1048576K
}
Event: 1.272 GC heap after
{Heap after GC invocations=6 (full 0):
 garbage-first heap   total 60416K, used 26518K [0x0000000080000000, 0x0000000100000000)
  region size 1024K, 2 young (2048K), 2 survivors (2048K)
 Metaspace       used 961K, capacity 4856K, committed 5120K, reserved 1056768K
  class space    used 65K, capacity 428K, committed 512K, reserved 1048576K
}
Event: 1.324 GC heap before
{Heap before GC invocations=6 (full 0):
 garbage-first heap   total 60416K, used 35734K [0x0000000080000000, 0x0000000100000000)
  region size 1024K, 11 young (11264K), 2 survivors (2048K)
 Metaspace       used 969K, capacity 4856K, committed 5120K, reserved 1056768K
  class space    used 65K, capacity 428K, committed 512K, reserved 1048576K
}
Event: 1.356 GC heap after
{Heap after GC invocations=7 (full 0):
 garbage-first heap   total 60416K, used 33792K [0x0000000080000000, 0x0000000100000000)
  region size 1024K, 2 young (2048K), 2 survivors (2048K)
 Metaspace       used 969K, capacity 4856K, committed 5120K, reserved 1056768K
  class space    used 65K, capacity 428K, committed 512K, reserved 1048576K
}
Event: 1.382 GC heap before
{Heap before GC invocations=7 (full 0):
 garbage-first heap   total 60416K, used 40960K [0x0000000080000000, 0x0000000100000000)
  region size 1024K, 9 young (9216K), 2 survivors (2048K)
 Metaspace       used 969K, capacity 4856K, committed 5120K, reserved 1056768K
  class space    used 65K, capacity 428K, committed 512K, reserved 1048576K
}
Event: 1.439 GC heap after
{Heap after GC invocations=8 (full 0):
 garbage-first heap   total 60416K, used 39424K [0x0000000080000000, 0x0000000100000000)
  region size 1024K, 2 young (2048K), 2 survivors (2048K)
 Metaspace       used 969K, capacity 4856K, committed 5120K, reserved 1056768K
  class space    used 65K, capacity 428K, committed 512K, reserved 1048576K
}
Event: 1.543 GC heap before
{Heap before GC invocations=8 (full 0):
 garbage-first heap   total 60416K, used 44544K [0x0000000080000000, 0x0000000100000000)
  region size 1024K, 7 young (7168K), 2 survivors (2048K)
 Metaspace       used 970K, capacity 4856K, committed 5120K, reserved 1056768K
  class space    used 65K, capacity 428K, committed 512K, reserved 1048576K
}
Event: 1.589 GC heap after
{Heap after GC invocations=9 (full 0):
 garbage-first heap   total 168960K, used 43520K [0x0000000080000000, 0x0000000100000000)
  region size 1024K, 1 young (1024K), 1 survivors (1024K)
 Metaspace       used 970K, capacity 4856K, committed 5120K, reserved 1056768K
  class space    used 65K, capacity 428K, committed 512K, reserved 1048576K
}
Event: 2.108 GC heap before
{Heap before GC invocations=10 (full 0):
 garbage-first heap   total 168960K, used 60928K [0x0000000080000000, 0x0000000100000000)
  region size 1024K, 18 young (18432K), 1 survivors (1024K)
 Metaspace       used 1031K, capacity 4856K, committed 5120K, reserved 1056768K
  class space    used 71K, capacity 428K, committed 512K, reserved 1048576K
}
Event: 2.152 GC heap after
{Heap after GC invocations=11 (full 0):
 garbage-first heap   total 168960K, used 51120K [0x0000000080000000, 0x0000000100000000)
  region size 1024K, 3 young (3072K), 3 survivors (3072K)
 Metaspace       used 1031K, capacity 4856K, committed 5120K, reserved 1056768K
  class space    used 71K, capacity 428K, committed 512K, reserved 1048576K
}
Event: 2.347 GC heap before
{Heap before GC invocations=11 (full 0):
 garbage-first heap   total 168960K, used 72624K [0x0000000080000000, 0x0000000100000000)
  region size 1024K, 24 young (24576K), 3 survivors (3072K)
 Metaspace       used 1037K, capacity 4856K, committed 5120K, reserved 1056768K
  class space    used 71K, capacity 428K, committed 512K, reserved 1048576K
}
Event: 2.374 GC heap after
{Heap after GC invocations=12 (full 0):
 garbage-first heap   total 168960K, used 53495K [0x0000000080000000, 0x0000000100000000)
  region size 1024K, 2 young (2048K), 2 survivors (2048K)
 Metaspace       used 1037K, capacity 4856K, committed 5120K, reserved 1056768K
  class space    used 71K, capacity 428K, committed 512K, reserved 1048576K
}
Event: 2.587 GC heap before
{Heap before GC invocations=12 (full 0):
 garbage-first heap   total 168960K, used 84215K [0x0000000080000000, 0x0000000100000000)
  region size 1024K, 32 young (32768K), 2 survivors (2048K)
 Metaspace       used 1038K, capacity 4856K, committed 5120K, reserved 1056768K
  class space    used 71K, capacity 428K, committed 512K, reserved 1048576K
}
Event: 2.613 GC heap after
{Heap after GC invocations=13 (full 0):
 garbage-first heap   total 168960K, used 55886K [0x0000000080000000, 0x0000000100000000)
  region size 1024K, 4 young (4096K), 4 survivors (4096K)
 Metaspace       used 1038K, capacity 4856K, committed 5120K, reserved 1056768K
  class space    used 71K, capacity 428K, committed 512K, reserved 1048576K
}
Event: 2.877 GC heap before
{Heap before GC invocations=13 (full 0):
 garbage-first heap   total 168960K, used 97870K [0x0000000080000000, 0x0000000100000000)
  region size 1024K, 44 young (45056K), 4 survivors (4096K)
 Metaspace       used 1038K, capacity 4856K, committed 5120K, reserved 1056768K
  class space    used 71K, capacity 428K, committed 512K, reserved 1048576K
}

Deoptimization events (20 events):
Event: 2.865 Thread 0x00007fbc58017000 DEOPT PACKING pc=0x00007fbc40ecfeef sp=0x00007fbc627ee080
Event: 2.865 Thread 0x00007fbc58017000 DEOPT UNPACKING pc=0x00007fbc4089e04a sp=0x00007fbc627ed628 mode 0
Event: 2.867 Thread 0x00007fbc58017000 DEOPT PACKING pc=0x00007fbc40ecfeef sp=0x00007fbc627ee080
Event: 2.867 Thread 0x00007fbc58017000 DEOPT UNPACKING pc=0x00007fbc4089e04a sp=0x00007fbc627ed628 mode 0
Event: 2.867 Thread 0x00007fbc58017000 DEOPT PACKING pc=0x00007fbc40ecfeef sp=0x00007fbc627ee080
Event: 2.867 Thread 0x00007fbc58017000 DEOPT UNPACKING pc=0x00007fbc4089e04a sp=0x00007fbc627ed628 mode 0
Event: 2.868 Thread 0x00007fbc58017000 DEOPT PACKING pc=0x00007fbc40ecfeef sp=0x00007fbc627ee080
Event: 2.868 Thread 0x00007fbc58017000 DEOPT UNPACKING pc=0x00007fbc4089e04a sp=0x00007fbc627ed628 mode 0
Event: 2.869 Thread 0x00007fbc58017000 DEOPT PACKING pc=0x00007fbc40ecfeef sp=0x00007fbc627ee080
Event: 2.869 Thread 0x00007fbc58017000 DEOPT UNPACKING pc=0x00007fbc4089e04a sp=0x00007fbc627ed628 mode 0
Event: 2.871 Thread 0x00007fbc58017000 DEOPT PACKING pc=0x00007fbc40ecfeef sp=0x00007fbc627ee080
Event: 2.871 Thread 0x00007fbc58017000 DEOPT UNPACKING pc=0x00007fbc4089e04a sp=0x00007fbc627ed628 mode 0
Event: 2.872 Thread 0x00007fbc58017000 DEOPT PACKING pc=0x00007fbc40ecfeef sp=0x00007fbc627ee080
Event: 2.872 Thread 0x00007fbc58017000 DEOPT UNPACKING pc=0x00007fbc4089e04a sp=0x00007fbc627ed628 mode 0
Event: 2.873 Thread 0x00007fbc58017000 DEOPT PACKING pc=0x00007fbc40ecfeef sp=0x00007fbc627ee080
Event: 2.873 Thread 0x00007fbc58017000 DEOPT UNPACKING pc=0x00007fbc4089e04a sp=0x00007fbc627ed628 mode 0
Event: 2.874 Thread 0x00007fbc58017000 DEOPT PACKING pc=0x00007fbc40ecfeef sp=0x00007fbc627ee080
Event: 2.874 Thread 0x00007fbc58017000 DEOPT UNPACKING pc=0x00007fbc4089e04a sp=0x00007fbc627ed628 mode 0
Event: 2.877 Thread 0x00007fbc58017000 DEOPT PACKING pc=0x00007fbc40ecfeef sp=0x00007fbc627ee080
Event: 2.877 Thread 0x00007fbc58017000 DEOPT UNPACKING pc=0x00007fbc4089e04a sp=0x00007fbc627ed628 mode 0

Classes redefined (0 events):
No events

Internal exceptions (0 events):
No events

Events (20 events):
Event: 1.713 loading class java/util/zip/CheckedInputStream done
Event: 1.731 Executing VM operation: RevokeBias
Event: 1.731 Executing VM operation: RevokeBias done
Event: 1.732 Executing VM operation: RevokeBias
Event: 1.732 Executing VM operation: RevokeBias done
Event: 1.733 Executing VM operation: RevokeBias
Event: 1.733 Executing VM operation: RevokeBias done
Event: 1.761 Executing VM operation: RevokeBias
Event: 1.761 Executing VM operation: RevokeBias done
Event: 1.914 Executing VM operation: CGC_Operation
Event: 1.915 Executing VM operation: CGC_Operation done
Event: 2.027 Executing VM operation: CGC_Operation
Event: 2.032 Executing VM operation: CGC_Operation done
Event: 2.108 Executing VM operation: G1CollectForAllocation
Event: 2.152 Executing VM operation: G1CollectForAllocation done
Event: 2.347 Executing VM operation: G1CollectForAllocation
Event: 2.374 Executing VM operation: G1CollectForAllocation done
Event: 2.587 Executing VM operation: G1CollectForAllocation
Event: 2.613 Executing VM operation: G1CollectForAllocation done
Event: 2.877 Executing VM operation: G1CollectForAllocation


Dynamic libraries:
80000000-8a500000 rw-p 00000000 00:00 0 
99700000-100000000 ---p 00000000 00:00 0 
800000000-800002000 rwxp 00001000 08:02 288183                           /usr/lib/jvm/java-11-openjdk-amd64/lib/server/classes.jsa
800002000-8003b9000 rw-p 00003000 08:02 288183                           /usr/lib/jvm/java-11-openjdk-amd64/lib/server/classes.jsa
8003b9000-800a82000 r--p 003ba000 08:02 288183                           /usr/lib/jvm/java-11-openjdk-amd64/lib/server/classes.jsa
800a82000-800a83000 rw-p 00a83000 08:02 288183                           /usr/lib/jvm/java-11-openjdk-amd64/lib/server/classes.jsa
800a83000-801091000 r--p 00a84000 08:02 288183                           /usr/lib/jvm/java-11-openjdk-amd64/lib/server/classes.jsa
840000000-840080000 rw-p 00000000 00:00 0 
840080000-880000000 ---p 00000000 00:00 0 
55df95449000-55df9544a000 r-xp 00000000 08:02 282121                     /usr/lib/jvm/java-11-openjdk-amd64/bin/java
55df9564a000-55df9564b000 r--p 00001000 08:02 282121                     /usr/lib/jvm/java-11-openjdk-amd64/bin/java
55df9564b000-55df9564c000 rw-p 00002000 08:02 282121                     /usr/lib/jvm/java-11-openjdk-amd64/bin/java
55df95ba7000-55df95bc8000 rw-p 00000000 00:00 0                          [heap]
7fbbf0000000-7fbbf0021000 rw-p 00000000 00:00 0 
7fbbf0021000-7fbbf4000000 ---p 00000000 00:00 0 
7fbbf4000000-7fbbf4021000 rw-p 00000000 00:00 0 
7fbbf4021000-7fbbf8000000 ---p 00000000 00:00 0 
7fbbf8000000-7fbbf8021000 rw-p 00000000 00:00 0 
7fbbf8021000-7fbbfc000000 ---p 00000000 00:00 0 
7fbbfc000000-7fbbfc021000 rw-p 00000000 00:00 0 
7fbbfc021000-7fbc00000000 ---p 00000000 00:00 0 
7fbc00000000-7fbc00021000 rw-p 00000000 00:00 0 
7fbc00021000-7fbc04000000 ---p 00000000 00:00 0 
7fbc04000000-7fbc04021000 rw-p 00000000 00:00 0 
7fbc04021000-7fbc08000000 ---p 00000000 00:00 0 
7fbc08000000-7fbc08b94000 rw-p 00000000 00:00 0 
7fbc08b94000-7fbc0c000000 ---p 00000000 00:00 0 
7fbc0c000000-7fbc0c2cc000 rw-p 00000000 00:00 0 
7fbc0c2cc000-7fbc10000000 ---p 00000000 00:00 0 
7fbc10000000-7fbc10021000 rw-p 00000000 00:00 0 
7fbc10021000-7fbc14000000 ---p 00000000 00:00 0 
7fbc14000000-7fbc14021000 rw-p 00000000 00:00 0 
7fbc14021000-7fbc18000000 ---p 00000000 00:00 0 
7fbc18000000-7fbc18021000 rw-p 00000000 00:00 0 
7fbc18021000-7fbc1c000000 ---p 00000000 00:00 0 
7fbc1c000000-7fbc1c021000 rw-p 00000000 00:00 0 
7fbc1c021000-7fbc20000000 ---p 00000000 00:00 0 
7fbc20000000-7fbc20021000 rw-p 00000000 00:00 0 
7fbc20021000-7fbc24000000 ---p 00000000 00:00 0 
7fbc24000000-7fbc2407c000 rw-p 00000000 00:00 0 
7fbc2407c000-7fbc28000000 ---p 00000000 00:00 0 
7fbc28000000-7fbc28021000 rw-p 00000000 00:00 0 
7fbc28021000-7fbc2c000000 ---p 00000000 00:00 0 
7fbc2dcfa000-7fbc2dcfb000 ---p 00000000 00:00 0 
7fbc2dcfb000-7fbc2ddfc000 rw-p 00000000 00:00 0 
7fbc2ddfc000-7fbc2ddfd000 ---p 00000000 00:00 0 
7fbc2ddfd000-7fbc2defe000 rw-p 00000000 00:00 0 
7fbc2defe000-7fbc2deff000 ---p 00000000 00:00 0 
7fbc2deff000-7fbc30000000 rw-p 00000000 00:00 0 
7fbc30000000-7fbc30021000 rw-p 00000000 00:00 0 
7fbc30021000-7fbc34000000 ---p 00000000 00:00 0 
7fbc34000000-7fbc3403f000 rw-p 00000000 00:00 0 
7fbc3403f000-7fbc38000000 ---p 00000000 00:00 0 
7fbc38000000-7fbc38294000 rw-p 00000000 00:00 0 
7fbc38294000-7fbc3a000000 ---p 00000000 00:00 0 
7fbc3a000000-7fbc3a294000 rw-p 00000000 00:00 0 
7fbc3a294000-7fbc3c000000 ---p 00000000 00:00 0 
7fbc3c000000-7fbc3c021000 rw-p 00000000 00:00 0 
7fbc3c021000-7fbc40000000 ---p 00000000 00:00 0 
7fbc4004b000-7fbc40061000 r-xp 00000000 08:02 282192                     /usr/lib/jvm/java-11-openjdk-amd64/lib/libnet.so
7fbc40061000-7fbc40260000 ---p 00016000 08:02 282192                     /usr/lib/jvm/java-11-openjdk-amd64/lib/libnet.so
7fbc40260000-7fbc40261000 r--p 00015000 08:02 282192                     /usr/lib/jvm/java-11-openjdk-amd64/lib/libnet.so
7fbc40261000-7fbc40262000 rw-p 00016000 08:02 282192                     /usr/lib/jvm/java-11-openjdk-amd64/lib/libnet.so
7fbc40262000-7fbc40272000 r-xp 00000000 08:02 282193                     /usr/lib/jvm/java-11-openjdk-amd64/lib/libnio.so
7fbc40272000-7fbc40471000 ---p 00010000 08:02 282193                     /usr/lib/jvm/java-11-openjdk-amd64/lib/libnio.so
7fbc40471000-7fbc40472000 r--p 0000f000 08:02 282193                     /usr/lib/jvm/java-11-openjdk-amd64/lib/libnio.so
7fbc40472000-7fbc40473000 rw-p 00010000 08:02 282193                     /usr/lib/jvm/java-11-openjdk-amd64/lib/libnio.so
7fbc40473000-7fbc40477000 ---p 00000000 00:00 0 
7fbc40477000-7fbc40574000 rw-p 00000000 00:00 0 
7fbc40574000-7fbc40575000 ---p 00000000 00:00 0 
7fbc40575000-7fbc40676000 rw-p 00000000 00:00 0 
7fbc40676000-7fbc4067a000 ---p 00000000 00:00 0 
7fbc4067a000-7fbc40777000 rw-p 00000000 00:00 0 
7fbc40777000-7fbc4077b000 ---p 00000000 00:00 0 
7fbc4077b000-7fbc40878000 rw-p 00000000 00:00 0 
7fbc40878000-7fbc40ae8000 rwxp 00000000 00:00 0 
7fbc40ae8000-7fbc40e07000 ---p 00000000 00:00 0 
7fbc40e07000-7fbc41077000 rwxp 00000000 00:00 0 
7fbc41077000-7fbc4833f000 ---p 00000000 00:00 0 
7fbc4833f000-7fbc485af000 rwxp 00000000 00:00 0 
7fbc485af000-7fbc4f878000 ---p 00000000 00:00 0 
7fbc4f878000-7fbc58000000 r--s 00000000 08:02 282217                     /usr/lib/jvm/java-11-openjdk-amd64/lib/modules
7fbc58000000-7fbc58257000 rw-p 00000000 00:00 0 
7fbc58257000-7fbc5c000000 ---p 00000000 00:00 0 
7fbc5c07f000-7fbc5c083000 ---p 00000000 00:00 0 
7fbc5c083000-7fbc5c180000 rw-p 00000000 00:00 0 
7fbc5c180000-7fbc5c184000 ---p 00000000 00:00 0 
7fbc5c184000-7fbc5c281000 rw-p 00000000 00:00 0 
7fbc5c281000-7fbc5c285000 ---p 00000000 00:00 0 
7fbc5c285000-7fbc5c382000 rw-p 00000000 00:00 0 
7fbc5c382000-7fbc5c51d000 r--p 00000000 08:02 90196                      /usr/lib/locale/locale-archive
7fbc5c51d000-7fbc5c521000 ---p 00000000 00:00 0 
7fbc5c521000-7fbc5c61e000 rw-p 00000000 00:00 0 
7fbc5c61e000-7fbc5c622000 ---p 00000000 00:00 0 
7fbc5c622000-7fbc5c71f000 rw-p 00000000 00:00 0 
7fbc5c71f000-7fbc5c720000 ---p 00000000 00:00 0 
7fbc5c720000-7fbc5cd22000 rw-p 00000000 00:00 0 
7fbc5cd22000-7fbc5d0a2000 ---p 00000000 00:00 0 
7fbc5d0a2000-7fbc5d0a3000 ---p 00000000 00:00 0 
7fbc5d0a3000-7fbc5d1a4000 rw-p 00000000 00:00 0 
7fbc5d1a4000-7fbc5d1a5000 ---p 00000000 00:00 0 
7fbc5d1a5000-7fbc5d5a9000 rw-p 00000000 00:00 0 
7fbc5d5a9000-7fbc5d5aa000 ---p 00000000 00:00 0 
7fbc5d5aa000-7fbc5d6ab000 rw-p 00000000 00:00 0 
7fbc5d6ab000-7fbc5d6ac000 ---p 00000000 00:00 0 
7fbc5d6ac000-7fbc5d800000 rw-p 00000000 00:00 0 
7fbc5d800000-7fbc5dbad000 ---p 00000000 00:00 0 
7fbc5dbad000-7fbc5dc00000 rw-p 00000000 00:00 0 
7fbc5dc00000-7fbc5dfad000 ---p 00000000 00:00 0 
7fbc5dfad000-7fbc5e000000 rw-p 00000000 00:00 0 
7fbc5e000000-7fbc5e3ad000 ---p 00000000 00:00 0 
7fbc5e3ad000-7fbc5e6b0000 rw-p 00000000 00:00 0 
7fbc5e6b0000-7fbc5e6b1000 ---p 00000000 00:00 0 
7fbc5e6b1000-7fbc5e7b7000 rw-p 00000000 00:00 0 
7fbc5e7b7000-7fbc5e89d000 ---p 00000000 00:00 0 
7fbc5e89d000-7fbc5e8a2000 rw-p 00000000 00:00 0 
7fbc5e8a2000-7fbc5e988000 ---p 00000000 00:00 0 
7fbc5e988000-7fbc5e98f000 r-xp 00000000 08:02 282216                     /usr/lib/jvm/java-11-openjdk-amd64/lib/libzip.so
7fbc5e98f000-7fbc5eb8e000 ---p 00007000 08:02 282216                     /usr/lib/jvm/java-11-openjdk-amd64/lib/libzip.so
7fbc5eb8e000-7fbc5eb8f000 r--p 00006000 08:02 282216                     /usr/lib/jvm/java-11-openjdk-amd64/lib/libzip.so
7fbc5eb8f000-7fbc5eb90000 rw-p 00007000 08:02 282216                     /usr/lib/jvm/java-11-openjdk-amd64/lib/libzip.so
7fbc5eb90000-7fbc5eb9b000 r-xp 00000000 08:02 139972                     /lib/x86_64-linux-gnu/libnss_files-2.27.so
7fbc5eb9b000-7fbc5ed9a000 ---p 0000b000 08:02 139972                     /lib/x86_64-linux-gnu/libnss_files-2.27.so
7fbc5ed9a000-7fbc5ed9b000 r--p 0000a000 08:02 139972                     /lib/x86_64-linux-gnu/libnss_files-2.27.so
7fbc5ed9b000-7fbc5ed9c000 rw-p 0000b000 08:02 139972                     /lib/x86_64-linux-gnu/libnss_files-2.27.so
7fbc5ed9c000-7fbc5eda2000 rw-p 00000000 00:00 0 
7fbc5eda2000-7fbc5edb9000 r-xp 00000000 08:02 139969                     /lib/x86_64-linux-gnu/libnsl-2.27.so
7fbc5edb9000-7fbc5efb8000 ---p 00017000 08:02 139969                     /lib/x86_64-linux-gnu/libnsl-2.27.so
7fbc5efb8000-7fbc5efb9000 r--p 00016000 08:02 139969                     /lib/x86_64-linux-gnu/libnsl-2.27.so
7fbc5efb9000-7fbc5efba000 rw-p 00017000 08:02 139969                     /lib/x86_64-linux-gnu/libnsl-2.27.so
7fbc5efba000-7fbc5efbc000 rw-p 00000000 00:00 0 
7fbc5efbc000-7fbc5efc7000 r-xp 00000000 08:02 139974                     /lib/x86_64-linux-gnu/libnss_nis-2.27.so
7fbc5efc7000-7fbc5f1c6000 ---p 0000b000 08:02 139974                     /lib/x86_64-linux-gnu/libnss_nis-2.27.so
7fbc5f1c6000-7fbc5f1c7000 r--p 0000a000 08:02 139974                     /lib/x86_64-linux-gnu/libnss_nis-2.27.so
7fbc5f1c7000-7fbc5f1c8000 rw-p 0000b000 08:02 139974                     /lib/x86_64-linux-gnu/libnss_nis-2.27.so
7fbc5f1c8000-7fbc5f1d0000 r-xp 00000000 08:02 139970                     /lib/x86_64-linux-gnu/libnss_compat-2.27.so
7fbc5f1d0000-7fbc5f3d0000 ---p 00008000 08:02 139970                     /lib/x86_64-linux-gnu/libnss_compat-2.27.so
7fbc5f3d0000-7fbc5f3d1000 r--p 00008000 08:02 139970                     /lib/x86_64-linux-gnu/libnss_compat-2.27.so
7fbc5f3d1000-7fbc5f3d2000 rw-p 00009000 08:02 139970                     /lib/x86_64-linux-gnu/libnss_compat-2.27.so
7fbc5f3d2000-7fbc5f3d7000 r-xp 00000000 08:02 282184                     /usr/lib/jvm/java-11-openjdk-amd64/lib/libjimage.so
7fbc5f3d7000-7fbc5f5d6000 ---p 00005000 08:02 282184                     /usr/lib/jvm/java-11-openjdk-amd64/lib/libjimage.so
7fbc5f5d6000-7fbc5f5d7000 r--p 00004000 08:02 282184                     /usr/lib/jvm/java-11-openjdk-amd64/lib/libjimage.so
7fbc5f5d7000-7fbc5f5d8000 rw-p 00005000 08:02 282184                     /usr/lib/jvm/java-11-openjdk-amd64/lib/libjimage.so
7fbc5f5d8000-7fbc5f600000 r-xp 00000000 08:02 282181                     /usr/lib/jvm/java-11-openjdk-amd64/lib/libjava.so
7fbc5f600000-7fbc5f800000 ---p 00028000 08:02 282181                     /usr/lib/jvm/java-11-openjdk-amd64/lib/libjava.so
7fbc5f800000-7fbc5f801000 r--p 00028000 08:02 282181                     /usr/lib/jvm/java-11-openjdk-amd64/lib/libjava.so
7fbc5f801000-7fbc5f802000 rw-p 00029000 08:02 282181                     /usr/lib/jvm/java-11-openjdk-amd64/lib/libjava.so
7fbc5f802000-7fbc5f803000 rw-p 00000000 00:00 0 
7fbc5f803000-7fbc5f810000 r-xp 00000000 08:02 282214                     /usr/lib/jvm/java-11-openjdk-amd64/lib/libverify.so
7fbc5f810000-7fbc5fa0f000 ---p 0000d000 08:02 282214                     /usr/lib/jvm/java-11-openjdk-amd64/lib/libverify.so
7fbc5fa0f000-7fbc5fa11000 r--p 0000c000 08:02 282214                     /usr/lib/jvm/java-11-openjdk-amd64/lib/libverify.so
7fbc5fa11000-7fbc5fa12000 rw-p 0000e000 08:02 282214                     /usr/lib/jvm/java-11-openjdk-amd64/lib/libverify.so
7fbc5fa12000-7fbc5fa19000 r-xp 00000000 08:02 139979                     /lib/x86_64-linux-gnu/librt-2.27.so
7fbc5fa19000-7fbc5fc18000 ---p 00007000 08:02 139979                     /lib/x86_64-linux-gnu/librt-2.27.so
7fbc5fc18000-7fbc5fc19000 r--p 00006000 08:02 139979                     /lib/x86_64-linux-gnu/librt-2.27.so
7fbc5fc19000-7fbc5fc1a000 rw-p 00007000 08:02 139979                     /lib/x86_64-linux-gnu/librt-2.27.so
7fbc5fc1a000-7fbc5fc31000 r-xp 00000000 08:02 139957                     /lib/x86_64-linux-gnu/libgcc_s.so.1
7fbc5fc31000-7fbc5fe30000 ---p 00017000 08:02 139957                     /lib/x86_64-linux-gnu/libgcc_s.so.1
7fbc5fe30000-7fbc5fe31000 r--p 00016000 08:02 139957                     /lib/x86_64-linux-gnu/libgcc_s.so.1
7fbc5fe31000-7fbc5fe32000 rw-p 00017000 08:02 139957                     /lib/x86_64-linux-gnu/libgcc_s.so.1
7fbc5fe32000-7fbc5ffcf000 r-xp 00000000 08:02 139966                     /lib/x86_64-linux-gnu/libm-2.27.so
7fbc5ffcf000-7fbc601ce000 ---p 0019d000 08:02 139966                     /lib/x86_64-linux-gnu/libm-2.27.so
7fbc601ce000-7fbc601cf000 r--p 0019c000 08:02 139966                     /lib/x86_64-linux-gnu/libm-2.27.so
7fbc601cf000-7fbc601d0000 rw-p 0019d000 08:02 139966                     /lib/x86_64-linux-gnu/libm-2.27.so
7fbc601d0000-7fbc60349000 r-xp 00000000 08:02 88373                      /usr/lib/x86_64-linux-gnu/libstdc++.so.6.0.25
7fbc60349000-7fbc60549000 ---p 00179000 08:02 88373                      /usr/lib/x86_64-linux-gnu/libstdc++.so.6.0.25
7fbc60549000-7fbc60553000 r--p 00179000 08:02 88373                      /usr/lib/x86_64-linux-gnu/libstdc++.so.6.0.25
7fbc60553000-7fbc60555000 rw-p 00183000 08:02 88373                      /usr/lib/x86_64-linux-gnu/libstdc++.so.6.0.25
7fbc60555000-7fbc60559000 rw-p 00000000 00:00 0 
7fbc60559000-7fbc61641000 r-xp 00000000 08:02 288086                     /usr/lib/jvm/java-11-openjdk-amd64/lib/server/libjvm.so
7fbc61641000-7fbc61840000 ---p 010e8000 08:02 288086                     /usr/lib/jvm/java-11-openjdk-amd64/lib/server/libjvm.so
7fbc61840000-7fbc61901000 r--p 010e7000 08:02 288086                     /usr/lib/jvm/java-11-openjdk-amd64/lib/server/libjvm.so
7fbc61901000-7fbc6193c000 rw-p 011a8000 08:02 288086                     /usr/lib/jvm/java-11-openjdk-amd64/lib/server/libjvm.so
7fbc6193c000-7fbc61993000 rw-p 00000000 00:00 0 
7fbc61993000-7fbc619ad000 r-xp 00000000 08:02 139977                     /lib/x86_64-linux-gnu/libpthread-2.27.so
7fbc619ad000-7fbc61bac000 ---p 0001a000 08:02 139977                     /lib/x86_64-linux-gnu/libpthread-2.27.so
7fbc61bac000-7fbc61bad000 r--p 00019000 08:02 139977                     /lib/x86_64-linux-gnu/libpthread-2.27.so
7fbc61bad000-7fbc61bae000 rw-p 0001a000 08:02 139977                     /lib/x86_64-linux-gnu/libpthread-2.27.so
7fbc61bae000-7fbc61bb2000 rw-p 00000000 00:00 0 
7fbc61bb2000-7fbc61bb5000 r-xp 00000000 08:02 139965                     /lib/x86_64-linux-gnu/libdl-2.27.so
7fbc61bb5000-7fbc61db4000 ---p 00003000 08:02 139965                     /lib/x86_64-linux-gnu/libdl-2.27.so
7fbc61db4000-7fbc61db5000 r--p 00002000 08:02 139965                     /lib/x86_64-linux-gnu/libdl-2.27.so
7fbc61db5000-7fbc61db6000 rw-p 00003000 08:02 139965                     /lib/x86_64-linux-gnu/libdl-2.27.so
7fbc61db6000-7fbc61dd2000 r-xp 00000000 08:02 136542                     /lib/x86_64-linux-gnu/libz.so.1.2.11
7fbc61dd2000-7fbc61fd1000 ---p 0001c000 08:02 136542                     /lib/x86_64-linux-gnu/libz.so.1.2.11
7fbc61fd1000-7fbc61fd2000 r--p 0001b000 08:02 136542                     /lib/x86_64-linux-gnu/libz.so.1.2.11
7fbc61fd2000-7fbc61fd3000 rw-p 0001c000 08:02 136542                     /lib/x86_64-linux-gnu/libz.so.1.2.11
7fbc61fd3000-7fbc621ba000 r-xp 00000000 08:02 139962                     /lib/x86_64-linux-gnu/libc-2.27.so
7fbc621ba000-7fbc623ba000 ---p 001e7000 08:02 139962                     /lib/x86_64-linux-gnu/libc-2.27.so
7fbc623ba000-7fbc623be000 r--p 001e7000 08:02 139962                     /lib/x86_64-linux-gnu/libc-2.27.so
7fbc623be000-7fbc623c0000 rw-p 001eb000 08:02 139962                     /lib/x86_64-linux-gnu/libc-2.27.so
7fbc623c0000-7fbc623c4000 rw-p 00000000 00:00 0 
7fbc623c4000-7fbc623d3000 r-xp 00000000 08:02 288081                     /usr/lib/jvm/java-11-openjdk-amd64/lib/jli/libjli.so
7fbc623d3000-7fbc625d2000 ---p 0000f000 08:02 288081                     /usr/lib/jvm/java-11-openjdk-amd64/lib/jli/libjli.so
7fbc625d2000-7fbc625d3000 r--p 0000e000 08:02 288081                     /usr/lib/jvm/java-11-openjdk-amd64/lib/jli/libjli.so
7fbc625d3000-7fbc625d4000 rw-p 0000f000 08:02 288081                     /usr/lib/jvm/java-11-openjdk-amd64/lib/jli/libjli.so
7fbc625d4000-7fbc625fd000 r-xp 00000000 08:02 139958                     /lib/x86_64-linux-gnu/ld-2.27.so
7fbc6263b000-7fbc626e0000 rw-p 00000000 00:00 0 
7fbc626e0000-7fbc626e7000 ---p 00000000 00:00 0 
7fbc626e7000-7fbc626ef000 rw-s 00000000 08:02 361644                     /tmp/hsperfdata_root/10059
7fbc626ef000-7fbc626f3000 ---p 00000000 00:00 0 
7fbc626f3000-7fbc627f2000 rw-p 00000000 00:00 0 
7fbc627f7000-7fbc627f9000 r--s 00007000 08:02 155060                     /usr/share/java/java-atk-wrapper.jar
7fbc627f9000-7fbc627fa000 ---p 00000000 00:00 0 
7fbc627fa000-7fbc627fb000 r--p 00000000 00:00 0 
7fbc627fb000-7fbc627fd000 rw-p 00000000 00:00 0 
7fbc627fd000-7fbc627fe000 r--p 00029000 08:02 139958                     /lib/x86_64-linux-gnu/ld-2.27.so
7fbc627fe000-7fbc627ff000 rw-p 0002a000 08:02 139958                     /lib/x86_64-linux-gnu/ld-2.27.so
7fbc627ff000-7fbc62800000 rw-p 00000000 00:00 0 
7fff08537000-7fff08558000 rw-p 00000000 00:00 0                          [stack]
7fff08580000-7fff08583000 r--p 00000000 00:00 0                          [vvar]
7fff08583000-7fff08585000 r-xp 00000000 00:00 0                          [vdso]
ffffffffff600000-ffffffffff601000 r-xp 00000000 00:00 0                  [vsyscall]


VM Arguments:
jvm_args: -Xmx2G 
java_command: meteor-1.5.jar - - -stdio -l en -norm -a data/paraphrase-en.gz
java_class_path (initial): meteor-1.5.jar
Launcher Type: SUN_STANDARD

[Global flags]
     intx CICompilerCount                          = 2                                         {product} {ergonomic}
     uint ConcGCThreads                            = 1                                         {product} {ergonomic}
     uint G1ConcRefinementThreads                  = 3                                         {product} {ergonomic}
   size_t G1HeapRegionSize                         = 1048576                                   {product} {ergonomic}
    uintx GCDrainStackTargetSize                   = 64                                        {product} {ergonomic}
   size_t InitialHeapSize                          = 33554432                                  {product} {ergonomic}
   size_t MarkStackSize                            = 4194304                                   {product} {ergonomic}
   size_t MaxHeapSize                              = 2147483648                                {product} {command line}
   size_t MaxNewSize                               = 1287651328                                {product} {ergonomic}
   size_t MinHeapDeltaBytes                        = 1048576                                   {product} {ergonomic}
    uintx NonNMethodCodeHeapSize                   = 5825164                                {pd product} {ergonomic}
    uintx NonProfiledCodeHeapSize                  = 122916538                              {pd product} {ergonomic}
    uintx ProfiledCodeHeapSize                     = 122916538                              {pd product} {ergonomic}
    uintx ReservedCodeCacheSize                    = 251658240                              {pd product} {ergonomic}
     bool SegmentedCodeCache                       = true                                      {product} {ergonomic}
     bool UseCompressedClassPointers               = true                                 {lp64_product} {ergonomic}
     bool UseCompressedOops                        = true                                 {lp64_product} {ergonomic}
     bool UseG1GC                                  = true                                      {product} {ergonomic}

Logging:
Log output configuration:
 #0: stdout all=warning uptime,level,tags
 #1: stderr all=off uptime,level,tags

Environment Variables:
PATH=/env/bin:/usr/local/sbin:/usr/local/bin:/usr/sbin:/usr/bin:/sbin:/bin:/usr/games:/usr/local/games
SHELL=/bin/bash
DISPLAY=localhost:10.0
LANG=en_US.UTF-8
LC_ALL=en_US.UTF_8

Signal Handlers:
SIGSEGV: [libjvm.so+0xe1d0a0], sa_mask[0]=11111111011111111101111111111110, sa_flags=SA_RESTART|SA_SIGINFO
SIGBUS: [libjvm.so+0xe1d0a0], sa_mask[0]=11111111011111111101111111111110, sa_flags=SA_RESTART|SA_SIGINFO
SIGFPE: [libjvm.so+0xe1d0a0], sa_mask[0]=11111111011111111101111111111110, sa_flags=SA_RESTART|SA_SIGINFO
SIGPIPE: [libjvm.so+0xb717f0], sa_mask[0]=11111111011111111101111111111110, sa_flags=SA_RESTART|SA_SIGINFO
SIGXFSZ: [libjvm.so+0xb717f0], sa_mask[0]=11111111011111111101111111111110, sa_flags=SA_RESTART|SA_SIGINFO
SIGILL: [libjvm.so+0xe1d0a0], sa_mask[0]=11111111011111111101111111111110, sa_flags=SA_RESTART|SA_SIGINFO
SIGUSR2: [libjvm.so+0xb71680], sa_mask[0]=00000000000000000000000000000000, sa_flags=SA_RESTART|SA_SIGINFO
SIGHUP: [libjvm.so+0xb71b30], sa_mask[0]=11111111011111111101111111111110, sa_flags=SA_RESTART|SA_SIGINFO
SIGINT: [libjvm.so+0xb71b30], sa_mask[0]=11111111011111111101111111111110, sa_flags=SA_RESTART|SA_SIGINFO
SIGTERM: [libjvm.so+0xb71b30], sa_mask[0]=11111111011111111101111111111110, sa_flags=SA_RESTART|SA_SIGINFO
SIGQUIT: [libjvm.so+0xb71b30], sa_mask[0]=11111111011111111101111111111110, sa_flags=SA_RESTART|SA_SIGINFO


---------------  S Y S T E M  ---------------

OS:DISTRIB_ID=Ubuntu
DISTRIB_RELEASE=18.04
DISTRIB_CODENAME=bionic
DISTRIB_DESCRIPTION="Ubuntu 18.04 LTS"
uname:Linux 4.15.0-20-generic #21-Ubuntu SMP Tue Apr 24 06:16:15 UTC 2018 x86_64
OS uptime: 0 days 3:02 hours
libc:glibc 2.27 NPTL 2.27 
rlimit (soft/hard): STACK 8192k/infinity , CORE 0k/infinity , NPROC 7950/7950 , NOFILE 1048576/1048576 , AS infinity/infinity , CPU infinity/infinity , DATA infinity/infinity , FSIZE infinity/infinity , MEMLOCK 16384k/16384k
load average:0.65 0.45 0.32

/proc/meminfo:
MemTotal:        2057260 kB
MemFree:           85004 kB
MemAvailable:      58488 kB
Buffers:             816 kB
Cached:            76704 kB
SwapCached:        11536 kB
Active:          1364224 kB
Inactive:         508256 kB
Active(anon):    1327436 kB
Inactive(anon):   471240 kB
Active(file):      36788 kB
Inactive(file):    37016 kB
Unevictable:           0 kB
Mlocked:               0 kB
SwapTotal:        435652 kB
SwapFree:              0 kB
Dirty:               792 kB
Writeback:             0 kB
AnonPages:       1785140 kB
Mapped:            72088 kB
Shmem:              3712 kB
Slab:              51352 kB
SReclaimable:      24076 kB
SUnreclaim:        27276 kB
KernelStack:        5312 kB
PageTables:        26840 kB
NFS_Unstable:          0 kB
Bounce:                0 kB
WritebackTmp:          0 kB
CommitLimit:     1464280 kB
Committed_AS:    4841300 kB
VmallocTotal:   34359738367 kB
VmallocUsed:           0 kB
VmallocChunk:          0 kB
HardwareCorrupted:     0 kB
AnonHugePages:         0 kB
ShmemHugePages:        0 kB
ShmemPmdMapped:        0 kB
CmaTotal:              0 kB
CmaFree:               0 kB
HugePages_Total:       0
HugePages_Free:        0
HugePages_Rsvd:        0
HugePages_Surp:        0
Hugepagesize:       2048 kB
DirectMap4k:      126840 kB
DirectMap2M:     1988608 kB
DirectMap1G:     1048576 kB

/sys/kernel/mm/transparent_hugepage/enabled:
always [madvise] never
/sys/kernel/mm/transparent_hugepage/defrag (defrag/compaction efforts parameter):
always defer defer+madvise [madvise] never

Process Memory:
Virtual Size: 4760400K (peak: 13565068K)
Resident Set Size: 161952K (peak: 162512K) (anon: 136896K, file: 25056K, shmem: 0K)
Swapped out: 0K
C-Heap outstanding allocations: 15057K

/proc/sys/kernel/threads-max (system-wide limit on the number of threads):
15901
/proc/sys/vm/max_map_count (maximum number of memory map areas a process may have):
65530
/proc/sys/kernel/pid_max (system-wide limit on number of process identifiers):
32768

container (cgroup) information:
container_type: cgroupv1
cpu_cpuset_cpus: 0-2
cpu_memory_nodes: 0
active_processor_count: 3
cpu_quota: -1
cpu_period: 100000
cpu_shares: -1
memory_limit_in_bytes: -1
memory_and_swap_limit_in_bytes: -2
memory_soft_limit_in_bytes: -1
memory_usage_in_bytes: 1912745984
memory_max_usage_in_bytes: 201752576

KVM virtualization detected
Steal ticks since vm start: 0
Steal ticks percentage since vm start:  0.000

CPU:total 3 (initial active 3) (3 cores per cpu, 1 threads per core) family 6 model 13 stepping 3 microcode 0x1, cmov, cx8, fxsr, mmx, sse, sse2, sse3, ssse3, sse4.1, sse4.2, popcnt, avx, aes, clmul, tsc
CPU Model and flags from /proc/cpuinfo:
model name	: QEMU Virtual CPU version (cpu64-rhel6)
flags		: fpu vme de pse tsc msr pae mce cx8 apic sep mtrr pge mca cmov pse36 clflush mmx fxsr sse sse2 ss ht syscall nx pdpe1gb rdtscp lm rep_good nopl xtopology cpuid pni pclmulqdq ssse3 cx16 pcid sse4_1 sse4_2 x2apic popcnt aes xsave avx f16c rdrand hypervisor lahf_lm pti fsgsbase smep xsaveopt
Online cpus:
0-2
Offline cpus:

BIOS frequency limitation:
<Not Available>
Frequency switch latency (ns):
<Not Available>
Available cpu frequencies:
<Not Available>
Current governor:
<Not Available>
Core performance/turbo boost:
<Not Available>

Memory: 4k page, physical 2057260k(85004k free), swap 435652k(0k free)

vm_info: OpenJDK 64-Bit Server VM (11.0.11+9-Ubuntu-0ubuntu2.18.04) for linux-amd64 JRE (11.0.11+9-Ubuntu-0ubuntu2.18.04), built on Apr 21 2021 09:15:32 by "unknown" with gcc 8.4.0

END.
