#
# There is insufficient memory for the Java Runtime Environment to continue.
# Native memory allocation (mmap) failed to map 373293056 bytes for committing reserved memory.
# Possible reasons:
#   The system is out of physical RAM or swap space
#   The process is running with CompressedOops enabled, and the Java Heap may be blocking the growth of the native heap
# Possible solutions:
#   Reduce memory load on the system
#   Increase physical memory or swap space
#   Check if swap backing store is full
#   Decrease Java heap size (-Xmx/-Xms)
#   Decrease number of Java threads
#   Decrease Java thread stack sizes (-Xss)
#   Set larger code cache with -XX:ReservedCodeCacheSize=
#   JVM is running with Unscaled Compressed Oops mode in which the Java heap is
#     placed in the first 4GB address space. The Java Heap base address is the
#     maximum limit for the native heap growth. Please use -XX:HeapBaseMinAddress
#     to set the Java Heap base and to place the Java Heap above 4GB virtual address.
# This output file may be truncated or incomplete.
#
#  Out of Memory Error (os_linux.cpp:2985), pid=9039, tid=9046
#
# JRE version: OpenJDK Runtime Environment (11.0.11+9) (build 11.0.11+9-Ubuntu-0ubuntu2.18.04)
# Java VM: OpenJDK 64-Bit Server VM (11.0.11+9-Ubuntu-0ubuntu2.18.04, mixed mode, sharing, tiered, compressed oops, g1 gc, linux-amd64)
# No core dump will be written. Core dumps have been disabled. To enable core dumping, try "ulimit -c unlimited" before starting Java again
#

---------------  S U M M A R Y ------------

Command Line: -Xmx2G meteor-1.5.jar - - -stdio -l en -norm

Host: QEMU Virtual CPU version (cpu64-rhel6), 3 cores, 1G, Ubuntu 18.04 LTS
Time: Thu Jun 24 09:12:43 2021 EDT elapsed time: 2.905208 seconds (0d 0h 0m 2s)

---------------  T H R E A D  ---------------

Current thread (0x00007fe74811d000):  VMThread "VM Thread" [stack: 0x00007fe724cf7000,0x00007fe724df7000] [id=9046]

Stack: [0x00007fe724cf7000,0x00007fe724df7000],  sp=0x00007fe724df4e40,  free space=1015k
Native frames: (J=compiled Java code, A=aot compiled Java code, j=interpreted, Vv=VM code, C=native code)
V  [libjvm.so+0xe1c39a]
V  [libjvm.so+0xe1d04b]
V  [libjvm.so+0x649755]
V  [libjvm.so+0xb76a88]
V  [libjvm.so+0xb6cf2d]
V  [libjvm.so+0x76107f]
V  [libjvm.so+0x76142e]
V  [libjvm.so+0x76aac6]
V  [libjvm.so+0x7e31c4]
V  [libjvm.so+0x7e3dd0]
V  [libjvm.so+0x7e41e7]
V  [libjvm.so+0x71ed30]
V  [libjvm.so+0x7236fc]
V  [libjvm.so+0xe27364]
V  [libjvm.so+0xe1eb58]
V  [libjvm.so+0xe24a47]
V  [libjvm.so+0xe250d8]
V  [libjvm.so+0xe253e3]
V  [libjvm.so+0xdb67e9]
V  [libjvm.so+0xb7b34e]

VM_Operation (0x00007fe7505f50c0): G1CollectForAllocation, mode: safepoint, requested by thread 0x00007fe748017000


---------------  P R O C E S S  ---------------

Threads class SMR info:
_java_thread_list=0x00007fe748171550, length=9, elements={
0x00007fe748017000, 0x00007fe748120000, 0x00007fe748122000, 0x00007fe748128000,
0x00007fe74812a000, 0x00007fe74812c800, 0x00007fe74812e800, 0x00007fe748130800,
0x00007fe748170000
}

Java Threads: ( => current thread )
  0x00007fe748017000 JavaThread "main" [_thread_blocked, id=9040, stack(0x00007fe7504f6000,0x00007fe7505f7000)]
  0x00007fe748120000 JavaThread "Reference Handler" daemon [_thread_blocked, id=9047, stack(0x00007fe724bf4000,0x00007fe724cf5000)]
  0x00007fe748122000 JavaThread "Finalizer" daemon [_thread_blocked, id=9048, stack(0x00007fe724af3000,0x00007fe724bf4000)]
  0x00007fe748128000 JavaThread "Signal Dispatcher" daemon [_thread_blocked, id=9049, stack(0x00007fe724857000,0x00007fe724958000)]
  0x00007fe74812a000 JavaThread "Service Thread" daemon [_thread_blocked, id=9050, stack(0x00007fe724756000,0x00007fe724857000)]
  0x00007fe74812c800 JavaThread "C2 CompilerThread0" daemon [_thread_in_native, id=9051, stack(0x00007fe724655000,0x00007fe724756000)]
  0x00007fe74812e800 JavaThread "C1 CompilerThread0" daemon [_thread_blocked, id=9052, stack(0x00007fe724554000,0x00007fe724655000)]
  0x00007fe748130800 JavaThread "Sweeper thread" daemon [_thread_blocked, id=9053, stack(0x00007fe724453000,0x00007fe724554000)]
  0x00007fe748170000 JavaThread "Common-Cleaner" daemon [_thread_blocked, id=9055, stack(0x00007fe724250000,0x00007fe724351000)]

Other Threads:
=>0x00007fe74811d000 VMThread "VM Thread" [stack: 0x00007fe724cf7000,0x00007fe724df7000] [id=9046]
  0x00007fe74816d000 WatcherThread [stack: 0x00007fe724353000,0x00007fe724453000] [id=9054]
  0x00007fe74802f000 GCTaskThread "GC Thread#0" [stack: 0x00007fe74c4b9000,0x00007fe74c5b9000] [id=9041]
  0x00007fe714001000 GCTaskThread "GC Thread#1" [stack: 0x00007fe6efce9000,0x00007fe6efde9000] [id=9056]
  0x00007fe714087800 GCTaskThread "GC Thread#2" [stack: 0x00007fe6ef9e3000,0x00007fe6efae3000] [id=9059]
  0x00007fe748062000 ConcurrentGCThread "G1 Main Marker" [stack: 0x00007fe74c0b4000,0x00007fe74c1b4000] [id=9042]
  0x00007fe748063800 ConcurrentGCThread "G1 Conc#0" [stack: 0x00007fe727b00000,0x00007fe727c00000] [id=9043]
  0x00007fe74808c800 ConcurrentGCThread "G1 Refine#0" [stack: 0x00007fe7256fb000,0x00007fe7257fb000] [id=9044]
  0x00007fe71c001000 ConcurrentGCThread "G1 Refine#1" [stack: 0x00007fe6efbe7000,0x00007fe6efce7000] [id=9057]
  0x00007fe6dc001000 ConcurrentGCThread "G1 Refine#2" [stack: 0x00007fe6efae5000,0x00007fe6efbe5000] [id=9058]
  0x00007fe74808e000 ConcurrentGCThread "G1 Young RemSet Sampling" [stack: 0x00007fe7255f9000,0x00007fe7256f9000] [id=9045]

Threads with active compile tasks:
C2 CompilerThread0   2912  355 % !   4       edu.cmu.meteor.aligner.ParaphraseTransducer::<init> @ 163 (267 bytes)

VM state:at safepoint (normal execution)

VM Mutex/Monitor currently owned by a thread:  ([mutex/lock_event])
[0x00007fe7480133a0] Threads_lock - owner thread: 0x00007fe74811d000
[0x00007fe748013b80] Heap_lock - owner thread: 0x00007fe748017000

Heap address: 0x0000000080000000, size: 2048 MB, Compressed Oops mode: 32-bit
Narrow klass base: 0x0000000800000000, Narrow klass shift: 3
Compressed class space size: 1073741824 Address: 0x0000000840000000

Heap:
 garbage-first heap   total 561152K, used 60077K [0x0000000080000000, 0x0000000100000000)
  region size 1024K, 6 young (6144K), 6 survivors (6144K)
 Metaspace       used 1034K, capacity 4856K, committed 5120K, reserved 1056768K
  class space    used 71K, capacity 428K, committed 512K, reserved 1048576K
Heap Regions: E=young(eden), S=young(survivor), O=old, HS=humongous(starts), HC=humongous(continues), CS=collection set, F=free, A=archive, TAMS=top-at-mark-start (previous, next)
|   0|0x0000000080000000, 0x0000000080100000, 0x0000000080100000|100%| O|  |TAMS 0x0000000080100000, 0x0000000080000000| Untracked 
|   1|0x0000000080100000, 0x0000000080200000, 0x0000000080200000|100%| O|  |TAMS 0x0000000080200000, 0x0000000080100000| Untracked 
|   2|0x0000000080200000, 0x0000000080300000, 0x0000000080300000|100%| O|  |TAMS 0x0000000080300000, 0x0000000080200000| Untracked 
|   3|0x0000000080300000, 0x0000000080400000, 0x0000000080400000|100%| O|  |TAMS 0x0000000080400000, 0x0000000080300000| Untracked 
|   4|0x0000000080400000, 0x0000000080500000, 0x0000000080500000|100%| O|  |TAMS 0x0000000080500000, 0x0000000080400000| Untracked 
|   5|0x0000000080500000, 0x0000000080600000, 0x0000000080600000|100%| O|  |TAMS 0x0000000080600000, 0x0000000080500000| Untracked 
|   6|0x0000000080600000, 0x0000000080700000, 0x0000000080700000|100%| O|  |TAMS 0x0000000080700000, 0x0000000080600000| Untracked 
|   7|0x0000000080700000, 0x0000000080800000, 0x0000000080800000|100%| O|  |TAMS 0x0000000080800000, 0x0000000080700000| Untracked 
|   8|0x0000000080800000, 0x0000000080900000, 0x0000000080900000|100%| O|  |TAMS 0x0000000080900000, 0x0000000080800000| Untracked 
|   9|0x0000000080900000, 0x0000000080a00000, 0x0000000080a00000|100%| O|  |TAMS 0x0000000080a00000, 0x0000000080900000| Untracked 
|  10|0x0000000080a00000, 0x0000000080b00000, 0x0000000080b00000|100%| O|  |TAMS 0x0000000080b00000, 0x0000000080a00000| Untracked 
|  11|0x0000000080b00000, 0x0000000080c00000, 0x0000000080c00000|100%| O|  |TAMS 0x0000000080c00000, 0x0000000080b00000| Untracked 
|  12|0x0000000080c00000, 0x0000000080d00000, 0x0000000080d00000|100%| O|  |TAMS 0x0000000080d00000, 0x0000000080c00000| Untracked 
|  13|0x0000000080d00000, 0x0000000080e00000, 0x0000000080e00000|100%| O|  |TAMS 0x0000000080e00000, 0x0000000080d00000| Untracked 
|  14|0x0000000080e00000, 0x0000000080f00000, 0x0000000080f00000|100%| O|  |TAMS 0x0000000080f00000, 0x0000000080e00000| Untracked 
|  15|0x0000000080f00000, 0x0000000081000000, 0x0000000081000000|100%| O|  |TAMS 0x0000000081000000, 0x0000000080f00000| Untracked 
|  16|0x0000000081000000, 0x0000000081100000, 0x0000000081100000|100%|HS|  |TAMS 0x0000000081100000, 0x0000000081000000| Complete 
|  17|0x0000000081100000, 0x0000000081200000, 0x0000000081200000|100%| O|  |TAMS 0x0000000081200000, 0x0000000081100000| Untracked 
|  18|0x0000000081200000, 0x0000000081300000, 0x0000000081300000|100%| O|  |TAMS 0x0000000081300000, 0x0000000081200000| Untracked 
|  19|0x0000000081300000, 0x0000000081400000, 0x0000000081400000|100%| O|  |TAMS 0x0000000081400000, 0x0000000081300000| Untracked 
|  20|0x0000000081400000, 0x0000000081500000, 0x0000000081500000|100%| O|  |TAMS 0x0000000081500000, 0x0000000081400000| Untracked 
|  21|0x0000000081500000, 0x0000000081600000, 0x0000000081600000|100%| O|  |TAMS 0x0000000081600000, 0x0000000081500000| Untracked 
|  22|0x0000000081600000, 0x0000000081700000, 0x0000000081700000|100%| O|  |TAMS 0x0000000081700000, 0x0000000081600000| Untracked 
|  23|0x0000000081700000, 0x0000000081800000, 0x0000000081800000|100%| O|  |TAMS 0x0000000081800000, 0x0000000081700000| Untracked 
|  24|0x0000000081800000, 0x0000000081900000, 0x0000000081900000|100%| O|  |TAMS 0x0000000081900000, 0x0000000081800000| Untracked 
|  25|0x0000000081900000, 0x0000000081a00000, 0x0000000081a00000|100%| O|  |TAMS 0x0000000081a00000, 0x0000000081900000| Untracked 
|  26|0x0000000081a00000, 0x0000000081b00000, 0x0000000081b00000|100%| O|  |TAMS 0x0000000081b00000, 0x0000000081a00000| Untracked 
|  27|0x0000000081b00000, 0x0000000081c00000, 0x0000000081c00000|100%| O|  |TAMS 0x0000000081c00000, 0x0000000081b00000| Untracked 
|  28|0x0000000081c00000, 0x0000000081d00000, 0x0000000081d00000|100%| O|  |TAMS 0x0000000081d00000, 0x0000000081c00000| Untracked 
|  29|0x0000000081d00000, 0x0000000081e00000, 0x0000000081e00000|100%| O|  |TAMS 0x0000000081e00000, 0x0000000081d00000| Untracked 
|  30|0x0000000081e00000, 0x0000000081f00000, 0x0000000081f00000|100%| O|  |TAMS 0x0000000081f00000, 0x0000000081e00000| Untracked 
|  31|0x0000000081f00000, 0x0000000082000000, 0x0000000082000000|100%| O|  |TAMS 0x0000000082000000, 0x0000000081f00000| Untracked 
|  32|0x0000000082000000, 0x0000000082100000, 0x0000000082100000|100%| O|  |TAMS 0x0000000082100000, 0x0000000082000000| Untracked 
|  33|0x0000000082100000, 0x0000000082200000, 0x0000000082200000|100%| O|  |TAMS 0x0000000082200000, 0x0000000082100000| Untracked 
|  34|0x0000000082200000, 0x0000000082300000, 0x0000000082300000|100%| O|  |TAMS 0x0000000082300000, 0x0000000082200000| Untracked 
|  35|0x0000000082300000, 0x0000000082400000, 0x0000000082400000|100%| O|  |TAMS 0x0000000082400000, 0x0000000082300000| Untracked 
|  36|0x0000000082400000, 0x0000000082500000, 0x0000000082500000|100%| O|  |TAMS 0x0000000082500000, 0x0000000082400000| Untracked 
|  37|0x0000000082500000, 0x0000000082600000, 0x0000000082600000|100%| O|  |TAMS 0x0000000082500000, 0x0000000082500000| Untracked 
|  38|0x0000000082600000, 0x0000000082700000, 0x0000000082700000|100%| O|  |TAMS 0x0000000082600000, 0x0000000082600000| Untracked 
|  39|0x0000000082700000, 0x0000000082800000, 0x0000000082800000|100%| O|  |TAMS 0x0000000082700000, 0x0000000082700000| Untracked 
|  40|0x0000000082800000, 0x0000000082900000, 0x0000000082900000|100%| O|  |TAMS 0x0000000082800000, 0x0000000082800000| Untracked 
|  41|0x0000000082900000, 0x0000000082a00000, 0x0000000082a00000|100%| O|  |TAMS 0x0000000082900000, 0x0000000082900000| Untracked 
|  42|0x0000000082a00000, 0x0000000082b00000, 0x0000000082b00000|100%| O|  |TAMS 0x0000000082a00000, 0x0000000082a00000| Untracked 
|  43|0x0000000082b00000, 0x0000000082c00000, 0x0000000082c00000|100%| O|  |TAMS 0x0000000082b00000, 0x0000000082b00000| Untracked 
|  44|0x0000000082c00000, 0x0000000082d00000, 0x0000000082d00000|100%| O|  |TAMS 0x0000000082c00000, 0x0000000082c00000| Untracked 
|  45|0x0000000082d00000, 0x0000000082e00000, 0x0000000082e00000|100%| O|  |TAMS 0x0000000082d00000, 0x0000000082d00000| Untracked 
|  46|0x0000000082e00000, 0x0000000082f00000, 0x0000000082f00000|100%| O|  |TAMS 0x0000000082e00000, 0x0000000082e00000| Untracked 
|  47|0x0000000082f00000, 0x0000000083000000, 0x0000000083000000|100%| O|  |TAMS 0x0000000082f00000, 0x0000000082f00000| Untracked 
|  48|0x0000000083000000, 0x0000000083100000, 0x0000000083100000|100%| O|  |TAMS 0x0000000083000000, 0x0000000083000000| Untracked 
|  49|0x0000000083100000, 0x0000000083200000, 0x0000000083200000|100%| O|  |TAMS 0x0000000083100000, 0x0000000083100000| Untracked 
|  50|0x0000000083200000, 0x0000000083300000, 0x0000000083300000|100%|HS|  |TAMS 0x0000000083200000, 0x0000000083200000| Complete 
|  51|0x0000000083300000, 0x0000000083400000, 0x0000000083400000|100%| O|  |TAMS 0x0000000083300000, 0x0000000083300000| Untracked 
|  52|0x0000000083400000, 0x00000000834ab400, 0x0000000083500000| 66%| O|  |TAMS 0x0000000083400000, 0x0000000083400000| Untracked 
|  53|0x0000000083500000, 0x0000000083500000, 0x0000000083600000|  0%| F|  |TAMS 0x0000000083500000, 0x0000000083500000| Untracked 
|  54|0x0000000083600000, 0x0000000083600000, 0x0000000083700000|  0%| F|  |TAMS 0x0000000083600000, 0x0000000083600000| Untracked 
|  55|0x0000000083700000, 0x0000000083700000, 0x0000000083800000|  0%| F|  |TAMS 0x0000000083700000, 0x0000000083700000| Untracked 
|  56|0x0000000083800000, 0x0000000083800000, 0x0000000083900000|  0%| F|  |TAMS 0x0000000083800000, 0x0000000083800000| Untracked 
|  57|0x0000000083900000, 0x0000000083900000, 0x0000000083a00000|  0%| F|  |TAMS 0x0000000083900000, 0x0000000083900000| Untracked 
|  58|0x0000000083a00000, 0x0000000083a00000, 0x0000000083b00000|  0%| F|  |TAMS 0x0000000083a00000, 0x0000000083a00000| Untracked 
|  59|0x0000000083b00000, 0x0000000083b00000, 0x0000000083c00000|  0%| F|  |TAMS 0x0000000083b00000, 0x0000000083b00000| Untracked 
|  60|0x0000000083c00000, 0x0000000083c00000, 0x0000000083d00000|  0%| F|  |TAMS 0x0000000083c00000, 0x0000000083c00000| Untracked 
|  61|0x0000000083d00000, 0x0000000083d00000, 0x0000000083e00000|  0%| F|  |TAMS 0x0000000083d00000, 0x0000000083d00000| Untracked 
|  62|0x0000000083e00000, 0x0000000083e00000, 0x0000000083f00000|  0%| F|  |TAMS 0x0000000083e00000, 0x0000000083e00000| Untracked 
|  63|0x0000000083f00000, 0x0000000083f00000, 0x0000000084000000|  0%| F|  |TAMS 0x0000000083f00000, 0x0000000083f00000| Untracked 
|  64|0x0000000084000000, 0x0000000084000000, 0x0000000084100000|  0%| F|  |TAMS 0x0000000084000000, 0x0000000084000000| Untracked 
|  65|0x0000000084100000, 0x0000000084100000, 0x0000000084200000|  0%| F|  |TAMS 0x0000000084100000, 0x0000000084100000| Untracked 
|  66|0x0000000084200000, 0x0000000084200000, 0x0000000084300000|  0%| F|  |TAMS 0x0000000084200000, 0x0000000084200000| Untracked 
|  67|0x0000000084300000, 0x0000000084300000, 0x0000000084400000|  0%| F|  |TAMS 0x0000000084300000, 0x0000000084300000| Untracked 
|  68|0x0000000084400000, 0x0000000084400000, 0x0000000084500000|  0%| F|  |TAMS 0x0000000084400000, 0x0000000084400000| Untracked 
|  69|0x0000000084500000, 0x0000000084500000, 0x0000000084600000|  0%| F|  |TAMS 0x0000000084500000, 0x0000000084500000| Untracked 
|  70|0x0000000084600000, 0x0000000084600000, 0x0000000084700000|  0%| F|  |TAMS 0x0000000084600000, 0x0000000084600000| Untracked 
|  71|0x0000000084700000, 0x0000000084700000, 0x0000000084800000|  0%| F|  |TAMS 0x0000000084700000, 0x0000000084700000| Untracked 
|  72|0x0000000084800000, 0x0000000084800000, 0x0000000084900000|  0%| F|  |TAMS 0x0000000084800000, 0x0000000084800000| Untracked 
|  73|0x0000000084900000, 0x0000000084900000, 0x0000000084a00000|  0%| F|  |TAMS 0x0000000084900000, 0x0000000084900000| Untracked 
|  74|0x0000000084a00000, 0x0000000084a00000, 0x0000000084b00000|  0%| F|  |TAMS 0x0000000084a00000, 0x0000000084a00000| Untracked 
|  75|0x0000000084b00000, 0x0000000084b00000, 0x0000000084c00000|  0%| F|  |TAMS 0x0000000084b00000, 0x0000000084b00000| Untracked 
|  76|0x0000000084c00000, 0x0000000084c00000, 0x0000000084d00000|  0%| F|  |TAMS 0x0000000084c00000, 0x0000000084c00000| Untracked 
|  77|0x0000000084d00000, 0x0000000084d00000, 0x0000000084e00000|  0%| F|  |TAMS 0x0000000084d00000, 0x0000000084d00000| Untracked 
|  78|0x0000000084e00000, 0x0000000084e00000, 0x0000000084f00000|  0%| F|  |TAMS 0x0000000084e00000, 0x0000000084e00000| Untracked 
|  79|0x0000000084f00000, 0x0000000084f00000, 0x0000000085000000|  0%| F|  |TAMS 0x0000000084f00000, 0x0000000084f00000| Untracked 
|  80|0x0000000085000000, 0x0000000085000000, 0x0000000085100000|  0%| F|  |TAMS 0x0000000085000000, 0x0000000085000000| Untracked 
|  81|0x0000000085100000, 0x0000000085100000, 0x0000000085200000|  0%| F|  |TAMS 0x0000000085100000, 0x0000000085100000| Untracked 
|  82|0x0000000085200000, 0x0000000085200000, 0x0000000085300000|  0%| F|  |TAMS 0x0000000085200000, 0x0000000085200000| Untracked 
|  83|0x0000000085300000, 0x0000000085300000, 0x0000000085400000|  0%| F|  |TAMS 0x0000000085300000, 0x0000000085300000| Untracked 
|  84|0x0000000085400000, 0x0000000085400000, 0x0000000085500000|  0%| F|  |TAMS 0x0000000085400000, 0x0000000085400000| Untracked 
|  85|0x0000000085500000, 0x0000000085500000, 0x0000000085600000|  0%| F|  |TAMS 0x0000000085500000, 0x0000000085500000| Untracked 
|  86|0x0000000085600000, 0x0000000085600000, 0x0000000085700000|  0%| F|  |TAMS 0x0000000085600000, 0x0000000085600000| Untracked 
|  87|0x0000000085700000, 0x0000000085700000, 0x0000000085800000|  0%| F|  |TAMS 0x0000000085700000, 0x0000000085700000| Untracked 
|  88|0x0000000085800000, 0x0000000085800000, 0x0000000085900000|  0%| F|  |TAMS 0x0000000085800000, 0x0000000085800000| Untracked 
|  89|0x0000000085900000, 0x0000000085900000, 0x0000000085a00000|  0%| F|  |TAMS 0x0000000085900000, 0x0000000085900000| Untracked 
|  90|0x0000000085a00000, 0x0000000085a00000, 0x0000000085b00000|  0%| F|  |TAMS 0x0000000085a00000, 0x0000000085a00000| Untracked 
|  91|0x0000000085b00000, 0x0000000085b00000, 0x0000000085c00000|  0%| F|  |TAMS 0x0000000085b00000, 0x0000000085b00000| Untracked 
|  92|0x0000000085c00000, 0x0000000085c00000, 0x0000000085d00000|  0%| F|  |TAMS 0x0000000085c00000, 0x0000000085c00000| Untracked 
|  93|0x0000000085d00000, 0x0000000085d00000, 0x0000000085e00000|  0%| F|  |TAMS 0x0000000085d00000, 0x0000000085d00000| Untracked 
|  94|0x0000000085e00000, 0x0000000085e00000, 0x0000000085f00000|  0%| F|  |TAMS 0x0000000085e00000, 0x0000000085e00000| Untracked 
|  95|0x0000000085f00000, 0x0000000085f00000, 0x0000000086000000|  0%| F|  |TAMS 0x0000000085f00000, 0x0000000085f00000| Untracked 
|  96|0x0000000086000000, 0x0000000086000000, 0x0000000086100000|  0%| F|  |TAMS 0x0000000086000000, 0x0000000086000000| Untracked 
|  97|0x0000000086100000, 0x0000000086100000, 0x0000000086200000|  0%| F|  |TAMS 0x0000000086100000, 0x0000000086100000| Untracked 
|  98|0x0000000086200000, 0x0000000086200000, 0x0000000086300000|  0%| F|  |TAMS 0x0000000086200000, 0x0000000086200000| Untracked 
|  99|0x0000000086300000, 0x0000000086300000, 0x0000000086400000|  0%| F|  |TAMS 0x0000000086300000, 0x0000000086300000| Untracked 
| 100|0x0000000086400000, 0x0000000086400000, 0x0000000086500000|  0%| F|  |TAMS 0x0000000086400000, 0x0000000086400000| Untracked 
| 101|0x0000000086500000, 0x0000000086500000, 0x0000000086600000|  0%| F|  |TAMS 0x0000000086500000, 0x0000000086500000| Untracked 
| 102|0x0000000086600000, 0x0000000086600000, 0x0000000086700000|  0%| F|  |TAMS 0x0000000086600000, 0x0000000086600000| Untracked 
| 103|0x0000000086700000, 0x0000000086700000, 0x0000000086800000|  0%| F|  |TAMS 0x0000000086700000, 0x0000000086700000| Untracked 
| 104|0x0000000086800000, 0x0000000086800000, 0x0000000086900000|  0%| F|  |TAMS 0x0000000086800000, 0x0000000086800000| Untracked 
| 105|0x0000000086900000, 0x0000000086900000, 0x0000000086a00000|  0%| F|  |TAMS 0x0000000086900000, 0x0000000086900000| Untracked 
| 106|0x0000000086a00000, 0x0000000086a00000, 0x0000000086b00000|  0%| F|  |TAMS 0x0000000086a00000, 0x0000000086a00000| Untracked 
| 107|0x0000000086b00000, 0x0000000086b00000, 0x0000000086c00000|  0%| F|  |TAMS 0x0000000086b00000, 0x0000000086b00000| Untracked 
| 108|0x0000000086c00000, 0x0000000086c00000, 0x0000000086d00000|  0%| F|  |TAMS 0x0000000086c00000, 0x0000000086c00000| Untracked 
| 109|0x0000000086d00000, 0x0000000086d00000, 0x0000000086e00000|  0%| F|  |TAMS 0x0000000086d00000, 0x0000000086d00000| Untracked 
| 110|0x0000000086e00000, 0x0000000086e00000, 0x0000000086f00000|  0%| F|  |TAMS 0x0000000086e00000, 0x0000000086e00000| Untracked 
| 111|0x0000000086f00000, 0x0000000086f00000, 0x0000000087000000|  0%| F|  |TAMS 0x0000000086f00000, 0x0000000086f00000| Untracked 
| 112|0x0000000087000000, 0x0000000087000000, 0x0000000087100000|  0%| F|  |TAMS 0x0000000087000000, 0x0000000087000000| Untracked 
| 113|0x0000000087100000, 0x0000000087100000, 0x0000000087200000|  0%| F|  |TAMS 0x0000000087100000, 0x0000000087100000| Untracked 
| 114|0x0000000087200000, 0x0000000087200000, 0x0000000087300000|  0%| F|  |TAMS 0x0000000087200000, 0x0000000087200000| Untracked 
| 115|0x0000000087300000, 0x0000000087300000, 0x0000000087400000|  0%| F|  |TAMS 0x0000000087300000, 0x0000000087300000| Untracked 
| 116|0x0000000087400000, 0x0000000087400000, 0x0000000087500000|  0%| F|  |TAMS 0x0000000087400000, 0x0000000087400000| Untracked 
| 117|0x0000000087500000, 0x0000000087500000, 0x0000000087600000|  0%| F|  |TAMS 0x0000000087500000, 0x0000000087500000| Untracked 
| 118|0x0000000087600000, 0x0000000087600000, 0x0000000087700000|  0%| F|  |TAMS 0x0000000087600000, 0x0000000087600000| Untracked 
| 119|0x0000000087700000, 0x0000000087700000, 0x0000000087800000|  0%| F|  |TAMS 0x0000000087700000, 0x0000000087700000| Untracked 
| 120|0x0000000087800000, 0x0000000087800000, 0x0000000087900000|  0%| F|  |TAMS 0x0000000087800000, 0x0000000087800000| Untracked 
| 121|0x0000000087900000, 0x0000000087900000, 0x0000000087a00000|  0%| F|  |TAMS 0x0000000087900000, 0x0000000087900000| Untracked 
| 122|0x0000000087a00000, 0x0000000087a00000, 0x0000000087b00000|  0%| F|  |TAMS 0x0000000087a00000, 0x0000000087a00000| Untracked 
| 123|0x0000000087b00000, 0x0000000087b00000, 0x0000000087c00000|  0%| F|  |TAMS 0x0000000087b00000, 0x0000000087b00000| Untracked 
| 124|0x0000000087c00000, 0x0000000087c00000, 0x0000000087d00000|  0%| F|  |TAMS 0x0000000087c00000, 0x0000000087c00000| Untracked 
| 125|0x0000000087d00000, 0x0000000087d00000, 0x0000000087e00000|  0%| F|  |TAMS 0x0000000087d00000, 0x0000000087d00000| Untracked 
| 126|0x0000000087e00000, 0x0000000087e00000, 0x0000000087f00000|  0%| F|  |TAMS 0x0000000087e00000, 0x0000000087e00000| Untracked 
| 127|0x0000000087f00000, 0x0000000087f00000, 0x0000000088000000|  0%| F|  |TAMS 0x0000000087f00000, 0x0000000087f00000| Untracked 
| 128|0x0000000088000000, 0x0000000088000000, 0x0000000088100000|  0%| F|  |TAMS 0x0000000088000000, 0x0000000088000000| Untracked 
| 129|0x0000000088100000, 0x0000000088100000, 0x0000000088200000|  0%| F|  |TAMS 0x0000000088100000, 0x0000000088100000| Untracked 
| 130|0x0000000088200000, 0x0000000088200000, 0x0000000088300000|  0%| F|  |TAMS 0x0000000088200000, 0x0000000088200000| Untracked 
| 131|0x0000000088300000, 0x0000000088300000, 0x0000000088400000|  0%| F|  |TAMS 0x0000000088300000, 0x0000000088300000| Untracked 
| 132|0x0000000088400000, 0x0000000088500000, 0x0000000088500000|100%| S|CS|TAMS 0x0000000088400000, 0x0000000088400000| Complete 
| 133|0x0000000088500000, 0x0000000088600000, 0x0000000088600000|100%| S|CS|TAMS 0x0000000088500000, 0x0000000088500000| Complete 
| 134|0x0000000088600000, 0x0000000088700000, 0x0000000088700000|100%| S|CS|TAMS 0x0000000088600000, 0x0000000088600000| Complete 
| 135|0x0000000088700000, 0x0000000088800000, 0x0000000088800000|100%| S|CS|TAMS 0x0000000088700000, 0x0000000088700000| Complete 
| 136|0x0000000088800000, 0x0000000088900000, 0x0000000088900000|100%| S|CS|TAMS 0x0000000088800000, 0x0000000088800000| Complete 
| 137|0x0000000088900000, 0x0000000088a00000, 0x0000000088a00000|100%| S|CS|TAMS 0x0000000088900000, 0x0000000088900000| Complete 
| 138|0x0000000088a00000, 0x0000000088a00000, 0x0000000088b00000|  0%| F|  |TAMS 0x0000000088a00000, 0x0000000088a00000| Untracked 
| 139|0x0000000088b00000, 0x0000000088b00000, 0x0000000088c00000|  0%| F|  |TAMS 0x0000000088b00000, 0x0000000088b00000| Untracked 
| 140|0x0000000088c00000, 0x0000000088c00000, 0x0000000088d00000|  0%| F|  |TAMS 0x0000000088c00000, 0x0000000088c00000| Untracked 
| 141|0x0000000088d00000, 0x0000000088d00000, 0x0000000088e00000|  0%| F|  |TAMS 0x0000000088d00000, 0x0000000088d00000| Untracked 
| 142|0x0000000088e00000, 0x0000000088e00000, 0x0000000088f00000|  0%| F|  |TAMS 0x0000000088e00000, 0x0000000088e00000| Untracked 
| 143|0x0000000088f00000, 0x0000000088f00000, 0x0000000089000000|  0%| F|  |TAMS 0x0000000088f00000, 0x0000000088f00000| Untracked 
| 144|0x0000000089000000, 0x0000000089000000, 0x0000000089100000|  0%| F|  |TAMS 0x0000000089000000, 0x0000000089000000| Untracked 
| 145|0x0000000089100000, 0x0000000089100000, 0x0000000089200000|  0%| F|  |TAMS 0x0000000089100000, 0x0000000089100000| Untracked 
| 146|0x0000000089200000, 0x0000000089200000, 0x0000000089300000|  0%| F|  |TAMS 0x0000000089200000, 0x0000000089200000| Untracked 
| 147|0x0000000089300000, 0x0000000089300000, 0x0000000089400000|  0%| F|  |TAMS 0x0000000089300000, 0x0000000089300000| Untracked 
| 148|0x0000000089400000, 0x0000000089400000, 0x0000000089500000|  0%| F|  |TAMS 0x0000000089400000, 0x0000000089400000| Untracked 
| 149|0x0000000089500000, 0x0000000089500000, 0x0000000089600000|  0%| F|  |TAMS 0x0000000089500000, 0x0000000089500000| Untracked 
| 150|0x0000000089600000, 0x0000000089600000, 0x0000000089700000|  0%| F|  |TAMS 0x0000000089600000, 0x0000000089600000| Untracked 
| 151|0x0000000089700000, 0x0000000089700000, 0x0000000089800000|  0%| F|  |TAMS 0x0000000089700000, 0x0000000089700000| Untracked 
| 152|0x0000000089800000, 0x0000000089800000, 0x0000000089900000|  0%| F|  |TAMS 0x0000000089800000, 0x0000000089800000| Untracked 
| 153|0x0000000089900000, 0x0000000089900000, 0x0000000089a00000|  0%| F|  |TAMS 0x0000000089900000, 0x0000000089900000| Untracked 
| 154|0x0000000089a00000, 0x0000000089a00000, 0x0000000089b00000|  0%| F|  |TAMS 0x0000000089a00000, 0x0000000089a00000| Untracked 
| 155|0x0000000089b00000, 0x0000000089b00000, 0x0000000089c00000|  0%| F|  |TAMS 0x0000000089b00000, 0x0000000089b00000| Untracked 
| 156|0x0000000089c00000, 0x0000000089c00000, 0x0000000089d00000|  0%| F|  |TAMS 0x0000000089c00000, 0x0000000089c00000| Untracked 
| 157|0x0000000089d00000, 0x0000000089d00000, 0x0000000089e00000|  0%| F|  |TAMS 0x0000000089d00000, 0x0000000089d00000| Untracked 
| 158|0x0000000089e00000, 0x0000000089e00000, 0x0000000089f00000|  0%| F|  |TAMS 0x0000000089e00000, 0x0000000089e00000| Untracked 
| 159|0x0000000089f00000, 0x0000000089f00000, 0x000000008a000000|  0%| F|  |TAMS 0x0000000089f00000, 0x0000000089f00000| Untracked 
| 160|0x000000008a000000, 0x000000008a000000, 0x000000008a100000|  0%| F|  |TAMS 0x000000008a000000, 0x000000008a000000| Untracked 
| 161|0x000000008a100000, 0x000000008a100000, 0x000000008a200000|  0%| F|  |TAMS 0x000000008a100000, 0x000000008a100000| Untracked 
| 162|0x000000008a200000, 0x000000008a200000, 0x000000008a300000|  0%| F|  |TAMS 0x000000008a200000, 0x000000008a200000| Untracked 
| 163|0x000000008a300000, 0x000000008a300000, 0x000000008a400000|  0%| F|  |TAMS 0x000000008a300000, 0x000000008a300000| Untracked 
| 164|0x000000008a400000, 0x000000008a400000, 0x000000008a500000|  0%| F|  |TAMS 0x000000008a400000, 0x000000008a400000| Untracked 
| 165|0x000000008a500000, 0x000000008a500000, 0x000000008a600000|  0%| F|  |TAMS 0x000000008a500000, 0x000000008a500000| Untracked 
| 166|0x000000008a600000, 0x000000008a600000, 0x000000008a700000|  0%| F|  |TAMS 0x000000008a600000, 0x000000008a600000| Untracked 
| 167|0x000000008a700000, 0x000000008a700000, 0x000000008a800000|  0%| F|  |TAMS 0x000000008a700000, 0x000000008a700000| Untracked 
| 168|0x000000008a800000, 0x000000008a800000, 0x000000008a900000|  0%| F|  |TAMS 0x000000008a800000, 0x000000008a800000| Untracked 
| 169|0x000000008a900000, 0x000000008a900000, 0x000000008aa00000|  0%| F|  |TAMS 0x000000008a900000, 0x000000008a900000| Untracked 
| 170|0x000000008aa00000, 0x000000008aa00000, 0x000000008ab00000|  0%| F|  |TAMS 0x000000008aa00000, 0x000000008aa00000| Untracked 
| 171|0x000000008ab00000, 0x000000008ab00000, 0x000000008ac00000|  0%| F|  |TAMS 0x000000008ab00000, 0x000000008ab00000| Untracked 
| 172|0x000000008ac00000, 0x000000008ac00000, 0x000000008ad00000|  0%| F|  |TAMS 0x000000008ac00000, 0x000000008ac00000| Untracked 
| 173|0x000000008ad00000, 0x000000008ad00000, 0x000000008ae00000|  0%| F|  |TAMS 0x000000008ad00000, 0x000000008ad00000| Untracked 
| 174|0x000000008ae00000, 0x000000008ae00000, 0x000000008af00000|  0%| F|  |TAMS 0x000000008ae00000, 0x000000008ae00000| Untracked 
| 175|0x000000008af00000, 0x000000008af00000, 0x000000008b000000|  0%| F|  |TAMS 0x000000008af00000, 0x000000008af00000| Untracked 
| 176|0x000000008b000000, 0x000000008b000000, 0x000000008b100000|  0%| F|  |TAMS 0x000000008b000000, 0x000000008b000000| Untracked 
| 177|0x000000008b100000, 0x000000008b100000, 0x000000008b200000|  0%| F|  |TAMS 0x000000008b100000, 0x000000008b100000| Untracked 
| 178|0x000000008b200000, 0x000000008b200000, 0x000000008b300000|  0%| F|  |TAMS 0x000000008b200000, 0x000000008b200000| Untracked 
| 179|0x000000008b300000, 0x000000008b300000, 0x000000008b400000|  0%| F|  |TAMS 0x000000008b300000, 0x000000008b300000| Untracked 
| 180|0x000000008b400000, 0x000000008b400000, 0x000000008b500000|  0%| F|  |TAMS 0x000000008b400000, 0x000000008b400000| Untracked 
| 181|0x000000008b500000, 0x000000008b500000, 0x000000008b600000|  0%| F|  |TAMS 0x000000008b500000, 0x000000008b500000| Untracked 
| 182|0x000000008b600000, 0x000000008b600000, 0x000000008b700000|  0%| F|  |TAMS 0x000000008b600000, 0x000000008b600000| Untracked 
| 183|0x000000008b700000, 0x000000008b700000, 0x000000008b800000|  0%| F|  |TAMS 0x000000008b700000, 0x000000008b700000| Untracked 
| 184|0x000000008b800000, 0x000000008b800000, 0x000000008b900000|  0%| F|  |TAMS 0x000000008b800000, 0x000000008b800000| Untracked 
| 185|0x000000008b900000, 0x000000008b900000, 0x000000008ba00000|  0%| F|  |TAMS 0x000000008b900000, 0x000000008b900000| Untracked 
| 186|0x000000008ba00000, 0x000000008ba00000, 0x000000008bb00000|  0%| F|  |TAMS 0x000000008ba00000, 0x000000008ba00000| Untracked 
| 187|0x000000008bb00000, 0x000000008bb00000, 0x000000008bc00000|  0%| F|  |TAMS 0x000000008bb00000, 0x000000008bb00000| Untracked 
| 188|0x000000008bc00000, 0x000000008bc00000, 0x000000008bd00000|  0%| F|  |TAMS 0x000000008bc00000, 0x000000008bc00000| Untracked 
| 189|0x000000008bd00000, 0x000000008bd00000, 0x000000008be00000|  0%| F|  |TAMS 0x000000008bd00000, 0x000000008bd00000| Untracked 
| 190|0x000000008be00000, 0x000000008be00000, 0x000000008bf00000|  0%| F|  |TAMS 0x000000008be00000, 0x000000008be00000| Untracked 
| 191|0x000000008bf00000, 0x000000008bf00000, 0x000000008c000000|  0%| F|  |TAMS 0x000000008bf00000, 0x000000008bf00000| Untracked 

Card table byte_map: [0x00007fe730078000,0x00007fe730478000] _byte_map_base: 0x00007fe72fc78000

Marking Bits (Prev, Next): (CMBitMap*) 0x00007fe748058ea0, (CMBitMap*) 0x00007fe748058e68
 Prev Bits: [0x00007fe727c00000, 0x00007fe729c00000)
 Next Bits: [0x00007fe729c00000, 0x00007fe72bc00000)

Polling page: 0x00007fe750600000

Metaspace:

Usage:
  Non-class:      4.32 MB capacity,   963.25 KB ( 22%) used,     3.38 MB ( 78%) free+waste,   768 bytes ( <1%) overhead. 
      Class:    428.00 KB capacity,    71.25 KB ( 17%) used,   356.19 KB ( 83%) free+waste,   576 bytes ( <1%) overhead. 
       Both:      4.74 MB capacity,     1.01 MB ( 21%) used,     3.73 MB ( 79%) free+waste,     1.31 KB ( <1%) overhead. 

Virtual space:
  Non-class space:        8.00 MB reserved,       4.50 MB ( 56%) committed 
      Class space:        1.00 GB reserved,     512.00 KB ( <1%) committed 
             Both:        1.01 GB reserved,       5.00 MB ( <1%) committed 

Chunk freelists:
   Non-Class:  24.00 KB
       Class:  20.00 KB
        Both:  44.00 KB

MaxMetaspaceSize: unlimited
CompressedClassSpaceSize: 1.00 GB

CodeHeap 'non-profiled nmethods': size=120036Kb used=184Kb max_used=184Kb free=119851Kb
 bounds [0x00007fe73833f000, 0x00007fe7385af000, 0x00007fe73f878000]
CodeHeap 'profiled nmethods': size=120032Kb used=751Kb max_used=751Kb free=119280Kb
 bounds [0x00007fe730e07000, 0x00007fe731077000, 0x00007fe73833f000]
CodeHeap 'non-nmethods': size=5692Kb used=1045Kb max_used=1063Kb free=4646Kb
 bounds [0x00007fe730878000, 0x00007fe730ae8000, 0x00007fe730e07000]
 total_blobs=679 nmethods=342 adapters=250
 compilation: enabled
              stopped_count=0, restarted_count=0
 full_count=0

Compilation events (20 events):
Event: 1.975 Thread 0x00007fe74812c800 nmethod 329 0x00007fe73836a710 code [0x00007fe73836a8a0, 0x00007fe73836a9f8]
Event: 1.975 Thread 0x00007fe74812c800  330 %     4       java.util.Hashtable::rehash @ 90 (142 bytes)
Event: 1.993 Thread 0x00007fe74812c800 nmethod 330% 0x00007fe73836ab10 code [0x00007fe73836acc0, 0x00007fe73836b1d8]
Event: 1.993 Thread 0x00007fe74812c800  351       4       java.util.StringTokenizer::countTokens (46 bytes)
Event: 2.034 Thread 0x00007fe74812c800 nmethod 351 0x00007fe73836b390 code [0x00007fe73836b580, 0x00007fe73836bbb8]
Event: 2.034 Thread 0x00007fe74812c800  326  s    4       java.util.Hashtable::get (69 bytes)
Event: 2.057 Thread 0x00007fe74812c800 nmethod 326 0x00007fe73836c310 code [0x00007fe73836c4e0, 0x00007fe73836ce48]
Event: 2.057 Thread 0x00007fe74812c800  355 % !   4       edu.cmu.meteor.aligner.ParaphraseTransducer::<init> @ 163 (267 bytes)
Event: 2.096 Thread 0x00007fe74812e800  357       2       java.lang.StringUTF16::newString (50 bytes)
Event: 2.097 Thread 0x00007fe74812e800 nmethod 357 0x00007fe730eb6990 code [0x00007fe730eb6b60, 0x00007fe730eb6f30]
Event: 2.097 Thread 0x00007fe74812e800  358       2       java.lang.StringUTF16::checkBoundsOffCount (10 bytes)
Event: 2.097 Thread 0x00007fe74812e800 nmethod 358 0x00007fe730eb7090 code [0x00007fe730eb7240, 0x00007fe730eb7340]
Event: 2.183 Thread 0x00007fe74812e800  359 %     3       java.lang.AbstractStringBuilder::appendChars @ 26 (130 bytes)
Event: 2.187 Thread 0x00007fe74812e800 nmethod 359% 0x00007fe730eb7410 code [0x00007fe730eb7680, 0x00007fe730eb82a0]
Event: 2.222 Thread 0x00007fe74812e800  360       2       java.lang.StringUTF16::compress (59 bytes)
Event: 2.223 Thread 0x00007fe74812e800 nmethod 360 0x00007fe730eb8890 code [0x00007fe730eb8a60, 0x00007fe730eb8c40]
Event: 2.436 Thread 0x00007fe74812e800  361       3       java.lang.AbstractStringBuilder::appendChars (130 bytes)
Event: 2.439 Thread 0x00007fe74812e800 nmethod 361 0x00007fe730eb8e10 code [0x00007fe730eb9080, 0x00007fe730eb9b80]
Event: 2.483 Thread 0x00007fe74812e800  362       3       sun.nio.cs.UTF_8$Decoder::decodeArrayLoop (691 bytes)
Event: 2.505 Thread 0x00007fe74812e800 nmethod 362 0x00007fe730eba110 code [0x00007fe730ebaae0, 0x00007fe730ec1080]

GC Heap History (20 events):
Event: 0.654 GC heap after
{Heap after GC invocations=3 (full 0):
 garbage-first heap   total 32768K, used 9516K [0x0000000080000000, 0x0000000100000000)
  region size 1024K, 1 young (1024K), 1 survivors (1024K)
 Metaspace       used 930K, capacity 4856K, committed 5120K, reserved 1056768K
  class space    used 65K, capacity 428K, committed 512K, reserved 1048576K
}
Event: 0.709 GC heap before
{Heap before GC invocations=3 (full 0):
 garbage-first heap   total 32768K, used 14636K [0x0000000080000000, 0x0000000100000000)
  region size 1024K, 6 young (6144K), 1 survivors (1024K)
 Metaspace       used 948K, capacity 4856K, committed 5120K, reserved 1056768K
  class space    used 65K, capacity 428K, committed 512K, reserved 1048576K
}
Event: 0.728 GC heap after
{Heap after GC invocations=4 (full 0):
 garbage-first heap   total 32768K, used 13178K [0x0000000080000000, 0x0000000100000000)
  region size 1024K, 1 young (1024K), 1 survivors (1024K)
 Metaspace       used 948K, capacity 4856K, committed 5120K, reserved 1056768K
  class space    used 65K, capacity 428K, committed 512K, reserved 1048576K
}
Event: 0.794 GC heap before
{Heap before GC invocations=4 (full 0):
 garbage-first heap   total 32768K, used 18298K [0x0000000080000000, 0x0000000100000000)
  region size 1024K, 6 young (6144K), 1 survivors (1024K)
 Metaspace       used 952K, capacity 4856K, committed 5120K, reserved 1056768K
  class space    used 65K, capacity 428K, committed 512K, reserved 1048576K
}
Event: 0.813 GC heap after
{Heap after GC invocations=5 (full 0):
 garbage-first heap   total 65536K, used 16974K [0x0000000080000000, 0x0000000100000000)
  region size 1024K, 1 young (1024K), 1 survivors (1024K)
 Metaspace       used 952K, capacity 4856K, committed 5120K, reserved 1056768K
  class space    used 65K, capacity 428K, committed 512K, reserved 1048576K
}
Event: 0.979 GC heap before
{Heap before GC invocations=5 (full 0):
 garbage-first heap   total 65536K, used 30286K [0x0000000080000000, 0x0000000100000000)
  region size 1024K, 13 young (13312K), 1 survivors (1024K)
 Metaspace       used 958K, capacity 4856K, committed 5120K, reserved 1056768K
  class space    used 65K, capacity 428K, committed 512K, reserved 1048576K
}
Event: 1.049 GC heap after
{Heap after GC invocations=6 (full 0):
 garbage-first heap   total 65536K, used 26288K [0x0000000080000000, 0x0000000100000000)
  region size 1024K, 2 young (2048K), 2 survivors (2048K)
 Metaspace       used 958K, capacity 4856K, committed 5120K, reserved 1056768K
  class space    used 65K, capacity 428K, committed 512K, reserved 1048576K
}
Event: 1.105 GC heap before
{Heap before GC invocations=6 (full 0):
 garbage-first heap   total 65536K, used 36528K [0x0000000080000000, 0x0000000100000000)
  region size 1024K, 12 young (12288K), 2 survivors (2048K)
 Metaspace       used 965K, capacity 4856K, committed 5120K, reserved 1056768K
  class space    used 65K, capacity 428K, committed 512K, reserved 1048576K
}
Event: 1.131 GC heap after
{Heap after GC invocations=7 (full 0):
 garbage-first heap   total 65536K, used 33792K [0x0000000080000000, 0x0000000100000000)
  region size 1024K, 2 young (2048K), 2 survivors (2048K)
 Metaspace       used 965K, capacity 4856K, committed 5120K, reserved 1056768K
  class space    used 65K, capacity 428K, committed 512K, reserved 1048576K
}
Event: 1.166 GC heap before
{Heap before GC invocations=7 (full 0):
 garbage-first heap   total 65536K, used 41984K [0x0000000080000000, 0x0000000100000000)
  region size 1024K, 10 young (10240K), 2 survivors (2048K)
 Metaspace       used 966K, capacity 4856K, committed 5120K, reserved 1056768K
  class space    used 65K, capacity 428K, committed 512K, reserved 1048576K
}
Event: 1.213 GC heap after
{Heap after GC invocations=8 (full 0):
 garbage-first heap   total 65536K, used 39936K [0x0000000080000000, 0x0000000100000000)
  region size 1024K, 2 young (2048K), 2 survivors (2048K)
 Metaspace       used 966K, capacity 4856K, committed 5120K, reserved 1056768K
  class space    used 65K, capacity 428K, committed 512K, reserved 1048576K
}
Event: 1.253 GC heap before
{Heap before GC invocations=8 (full 0):
 garbage-first heap   total 65536K, used 46080K [0x0000000080000000, 0x0000000100000000)
  region size 1024K, 8 young (8192K), 2 survivors (2048K)
 Metaspace       used 967K, capacity 4856K, committed 5120K, reserved 1056768K
  class space    used 65K, capacity 428K, committed 512K, reserved 1048576K
}
Event: 1.322 GC heap after
{Heap after GC invocations=9 (full 0):
 garbage-first heap   total 196608K, used 45056K [0x0000000080000000, 0x0000000100000000)
  region size 1024K, 1 young (1024K), 1 survivors (1024K)
 Metaspace       used 967K, capacity 4856K, committed 5120K, reserved 1056768K
  class space    used 65K, capacity 428K, committed 512K, reserved 1048576K
}
Event: 1.827 GC heap before
{Heap before GC invocations=10 (full 0):
 garbage-first heap   total 196608K, used 61440K [0x0000000080000000, 0x0000000100000000)
  region size 1024K, 17 young (17408K), 1 survivors (1024K)
 Metaspace       used 1029K, capacity 4856K, committed 5120K, reserved 1056768K
  class space    used 71K, capacity 428K, committed 512K, reserved 1048576K
}
Event: 1.873 GC heap after
{Heap after GC invocations=11 (full 0):
 garbage-first heap   total 196608K, used 50537K [0x0000000080000000, 0x0000000100000000)
  region size 1024K, 3 young (3072K), 3 survivors (3072K)
 Metaspace       used 1029K, capacity 4856K, committed 5120K, reserved 1056768K
  class space    used 71K, capacity 428K, committed 512K, reserved 1048576K
}
Event: 2.068 GC heap before
{Heap before GC invocations=11 (full 0):
 garbage-first heap   total 196608K, used 74089K [0x0000000080000000, 0x0000000100000000)
  region size 1024K, 26 young (26624K), 3 survivors (3072K)
 Metaspace       used 1033K, capacity 4856K, committed 5120K, reserved 1056768K
  class space    used 71K, capacity 428K, committed 512K, reserved 1048576K
}
Event: 2.087 GC heap after
{Heap after GC invocations=12 (full 0):
 garbage-first heap   total 196608K, used 52978K [0x0000000080000000, 0x0000000100000000)
  region size 1024K, 2 young (2048K), 2 survivors (2048K)
 Metaspace       used 1033K, capacity 4856K, committed 5120K, reserved 1056768K
  class space    used 71K, capacity 428K, committed 512K, reserved 1048576K
}
Event: 2.330 GC heap before
{Heap before GC invocations=12 (full 0):
 garbage-first heap   total 196608K, used 88818K [0x0000000080000000, 0x0000000100000000)
  region size 1024K, 37 young (37888K), 2 survivors (2048K)
 Metaspace       used 1034K, capacity 4856K, committed 5120K, reserved 1056768K
  class space    used 71K, capacity 428K, committed 512K, reserved 1048576K
}
Event: 2.359 GC heap after
{Heap after GC invocations=13 (full 0):
 garbage-first heap   total 196608K, used 56266K [0x0000000080000000, 0x0000000100000000)
  region size 1024K, 5 young (5120K), 5 survivors (5120K)
 Metaspace       used 1034K, capacity 4856K, committed 5120K, reserved 1056768K
  class space    used 71K, capacity 428K, committed 512K, reserved 1048576K
}
Event: 2.845 GC heap before
{Heap before GC invocations=13 (full 0):
 garbage-first heap   total 196608K, used 107466K [0x0000000080000000, 0x0000000100000000)
  region size 1024K, 54 young (55296K), 5 survivors (5120K)
 Metaspace       used 1034K, capacity 4856K, committed 5120K, reserved 1056768K
  class space    used 71K, capacity 428K, committed 512K, reserved 1048576K
}

Deoptimization events (20 events):
Event: 2.814 Thread 0x00007fe748017000 DEOPT PACKING pc=0x00007fe730ec006f sp=0x00007fe7505f4f10
Event: 2.814 Thread 0x00007fe748017000 DEOPT UNPACKING pc=0x00007fe73089e04a sp=0x00007fe7505f44b8 mode 0
Event: 2.827 Thread 0x00007fe748017000 DEOPT PACKING pc=0x00007fe730ec006f sp=0x00007fe7505f4f10
Event: 2.827 Thread 0x00007fe748017000 DEOPT UNPACKING pc=0x00007fe73089e04a sp=0x00007fe7505f44b8 mode 0
Event: 2.835 Thread 0x00007fe748017000 DEOPT PACKING pc=0x00007fe730ec006f sp=0x00007fe7505f4f10
Event: 2.835 Thread 0x00007fe748017000 DEOPT UNPACKING pc=0x00007fe73089e04a sp=0x00007fe7505f44b8 mode 0
Event: 2.836 Thread 0x00007fe748017000 DEOPT PACKING pc=0x00007fe730ec006f sp=0x00007fe7505f4f10
Event: 2.836 Thread 0x00007fe748017000 DEOPT UNPACKING pc=0x00007fe73089e04a sp=0x00007fe7505f44b8 mode 0
Event: 2.837 Thread 0x00007fe748017000 DEOPT PACKING pc=0x00007fe730ec006f sp=0x00007fe7505f4f10
Event: 2.837 Thread 0x00007fe748017000 DEOPT UNPACKING pc=0x00007fe73089e04a sp=0x00007fe7505f44b8 mode 0
Event: 2.839 Thread 0x00007fe748017000 DEOPT PACKING pc=0x00007fe730ec006f sp=0x00007fe7505f4f10
Event: 2.839 Thread 0x00007fe748017000 DEOPT UNPACKING pc=0x00007fe73089e04a sp=0x00007fe7505f44b8 mode 0
Event: 2.840 Thread 0x00007fe748017000 DEOPT PACKING pc=0x00007fe730ec006f sp=0x00007fe7505f4f10
Event: 2.840 Thread 0x00007fe748017000 DEOPT UNPACKING pc=0x00007fe73089e04a sp=0x00007fe7505f44b8 mode 0
Event: 2.841 Thread 0x00007fe748017000 DEOPT PACKING pc=0x00007fe730ec006f sp=0x00007fe7505f4f10
Event: 2.841 Thread 0x00007fe748017000 DEOPT UNPACKING pc=0x00007fe73089e04a sp=0x00007fe7505f44b8 mode 0
Event: 2.843 Thread 0x00007fe748017000 DEOPT PACKING pc=0x00007fe730ec006f sp=0x00007fe7505f4f10
Event: 2.843 Thread 0x00007fe748017000 DEOPT UNPACKING pc=0x00007fe73089e04a sp=0x00007fe7505f44b8 mode 0
Event: 2.844 Thread 0x00007fe748017000 DEOPT PACKING pc=0x00007fe730ec006f sp=0x00007fe7505f4f10
Event: 2.844 Thread 0x00007fe748017000 DEOPT UNPACKING pc=0x00007fe73089e04a sp=0x00007fe7505f44b8 mode 0

Classes redefined (0 events):
No events

Internal exceptions (0 events):
No events

Events (20 events):
Event: 1.405 loading class java/util/zip/CheckedInputStream done
Event: 1.414 Executing VM operation: RevokeBias
Event: 1.414 Executing VM operation: RevokeBias done
Event: 1.415 Executing VM operation: RevokeBias
Event: 1.416 Executing VM operation: RevokeBias done
Event: 1.423 Executing VM operation: RevokeBias
Event: 1.423 Executing VM operation: RevokeBias done
Event: 1.430 Executing VM operation: RevokeBias
Event: 1.437 Executing VM operation: RevokeBias done
Event: 1.494 Executing VM operation: CGC_Operation
Event: 1.496 Executing VM operation: CGC_Operation done
Event: 1.724 Executing VM operation: CGC_Operation
Event: 1.725 Executing VM operation: CGC_Operation done
Event: 1.827 Executing VM operation: G1CollectForAllocation
Event: 1.873 Executing VM operation: G1CollectForAllocation done
Event: 2.068 Executing VM operation: G1CollectForAllocation
Event: 2.087 Executing VM operation: G1CollectForAllocation done
Event: 2.330 Executing VM operation: G1CollectForAllocation
Event: 2.359 Executing VM operation: G1CollectForAllocation done
Event: 2.845 Executing VM operation: G1CollectForAllocation


Dynamic libraries:
80000000-8c000000 rw-p 00000000 00:00 0 
a2400000-100000000 ---p 00000000 00:00 0 
800000000-800002000 rwxp 00001000 08:02 288183                           /usr/lib/jvm/java-11-openjdk-amd64/lib/server/classes.jsa
800002000-8003b9000 rw-p 00003000 08:02 288183                           /usr/lib/jvm/java-11-openjdk-amd64/lib/server/classes.jsa
8003b9000-800a82000 r--p 003ba000 08:02 288183                           /usr/lib/jvm/java-11-openjdk-amd64/lib/server/classes.jsa
800a82000-800a83000 rw-p 00a83000 08:02 288183                           /usr/lib/jvm/java-11-openjdk-amd64/lib/server/classes.jsa
800a83000-801091000 r--p 00a84000 08:02 288183                           /usr/lib/jvm/java-11-openjdk-amd64/lib/server/classes.jsa
840000000-840080000 rw-p 00000000 00:00 0 
840080000-880000000 ---p 00000000 00:00 0 
5595cd235000-5595cd236000 r-xp 00000000 08:02 282121                     /usr/lib/jvm/java-11-openjdk-amd64/bin/java
5595cd436000-5595cd437000 r--p 00001000 08:02 282121                     /usr/lib/jvm/java-11-openjdk-amd64/bin/java
5595cd437000-5595cd438000 rw-p 00002000 08:02 282121                     /usr/lib/jvm/java-11-openjdk-amd64/bin/java
5595cdc87000-5595cdca8000 rw-p 00000000 00:00 0                          [heap]
7fe6d4000000-7fe6d4021000 rw-p 00000000 00:00 0 
7fe6d4021000-7fe6d8000000 ---p 00000000 00:00 0 
7fe6dc000000-7fe6dc021000 rw-p 00000000 00:00 0 
7fe6dc021000-7fe6e0000000 ---p 00000000 00:00 0 
7fe6e0000000-7fe6e0021000 rw-p 00000000 00:00 0 
7fe6e0021000-7fe6e4000000 ---p 00000000 00:00 0 
7fe6e4000000-7fe6e4021000 rw-p 00000000 00:00 0 
7fe6e4021000-7fe6e8000000 ---p 00000000 00:00 0 
7fe6e8000000-7fe6e8021000 rw-p 00000000 00:00 0 
7fe6e8021000-7fe6ec000000 ---p 00000000 00:00 0 
7fe6ef9e1000-7fe6ef9e2000 ---p 00000000 00:00 0 
7fe6ef9e2000-7fe6efae3000 rw-p 00000000 00:00 0 
7fe6efae3000-7fe6efae4000 ---p 00000000 00:00 0 
7fe6efae4000-7fe6efbe5000 rw-p 00000000 00:00 0 
7fe6efbe5000-7fe6efbe6000 ---p 00000000 00:00 0 
7fe6efbe6000-7fe6efce7000 rw-p 00000000 00:00 0 
7fe6efce7000-7fe6efce8000 ---p 00000000 00:00 0 
7fe6efce8000-7fe6efde9000 rw-p 00000000 00:00 0 
7fe6efde9000-7fe6efdff000 r-xp 00000000 08:02 282192                     /usr/lib/jvm/java-11-openjdk-amd64/lib/libnet.so
7fe6efdff000-7fe6efffe000 ---p 00016000 08:02 282192                     /usr/lib/jvm/java-11-openjdk-amd64/lib/libnet.so
7fe6efffe000-7fe6effff000 r--p 00015000 08:02 282192                     /usr/lib/jvm/java-11-openjdk-amd64/lib/libnet.so
7fe6effff000-7fe6f0000000 rw-p 00016000 08:02 282192                     /usr/lib/jvm/java-11-openjdk-amd64/lib/libnet.so
7fe6f0000000-7fe6f0021000 rw-p 00000000 00:00 0 
7fe6f0021000-7fe6f4000000 ---p 00000000 00:00 0 
7fe6f4000000-7fe6f4021000 rw-p 00000000 00:00 0 
7fe6f4021000-7fe6f8000000 ---p 00000000 00:00 0 
7fe6f8000000-7fe6f8f4d000 rw-p 00000000 00:00 0 
7fe6f8f4d000-7fe6fc000000 ---p 00000000 00:00 0 
7fe6fc000000-7fe6fc382000 rw-p 00000000 00:00 0 
7fe6fc382000-7fe700000000 ---p 00000000 00:00 0 
7fe700000000-7fe700021000 rw-p 00000000 00:00 0 
7fe700021000-7fe704000000 ---p 00000000 00:00 0 
7fe704000000-7fe704021000 rw-p 00000000 00:00 0 
7fe704021000-7fe708000000 ---p 00000000 00:00 0 
7fe708000000-7fe708021000 rw-p 00000000 00:00 0 
7fe708021000-7fe70c000000 ---p 00000000 00:00 0 
7fe70c000000-7fe70c021000 rw-p 00000000 00:00 0 
7fe70c021000-7fe710000000 ---p 00000000 00:00 0 
7fe710000000-7fe710021000 rw-p 00000000 00:00 0 
7fe710021000-7fe714000000 ---p 00000000 00:00 0 
7fe714000000-7fe714091000 rw-p 00000000 00:00 0 
7fe714091000-7fe718000000 ---p 00000000 00:00 0 
7fe718000000-7fe718045000 rw-p 00000000 00:00 0 
7fe718045000-7fe71c000000 ---p 00000000 00:00 0 
7fe71c000000-7fe71c021000 rw-p 00000000 00:00 0 
7fe71c021000-7fe720000000 ---p 00000000 00:00 0 
7fe720000000-7fe720021000 rw-p 00000000 00:00 0 
7fe720021000-7fe724000000 ---p 00000000 00:00 0 
7fe72403f000-7fe72404f000 r-xp 00000000 08:02 282193                     /usr/lib/jvm/java-11-openjdk-amd64/lib/libnio.so
7fe72404f000-7fe72424e000 ---p 00010000 08:02 282193                     /usr/lib/jvm/java-11-openjdk-amd64/lib/libnio.so
7fe72424e000-7fe72424f000 r--p 0000f000 08:02 282193                     /usr/lib/jvm/java-11-openjdk-amd64/lib/libnio.so
7fe72424f000-7fe724250000 rw-p 00010000 08:02 282193                     /usr/lib/jvm/java-11-openjdk-amd64/lib/libnio.so
7fe724250000-7fe724254000 ---p 00000000 00:00 0 
7fe724254000-7fe724351000 rw-p 00000000 00:00 0 
7fe724351000-7fe724352000 ---p 00000000 00:00 0 
7fe724352000-7fe724453000 rw-p 00000000 00:00 0 
7fe724453000-7fe724457000 ---p 00000000 00:00 0 
7fe724457000-7fe724554000 rw-p 00000000 00:00 0 
7fe724554000-7fe724558000 ---p 00000000 00:00 0 
7fe724558000-7fe724655000 rw-p 00000000 00:00 0 
7fe724655000-7fe724659000 ---p 00000000 00:00 0 
7fe724659000-7fe724756000 rw-p 00000000 00:00 0 
7fe724756000-7fe72475a000 ---p 00000000 00:00 0 
7fe72475a000-7fe724857000 rw-p 00000000 00:00 0 
7fe724857000-7fe72485b000 ---p 00000000 00:00 0 
7fe72485b000-7fe724958000 rw-p 00000000 00:00 0 
7fe724958000-7fe724af3000 r--p 00000000 08:02 90196                      /usr/lib/locale/locale-archive
7fe724af3000-7fe724af7000 ---p 00000000 00:00 0 
7fe724af7000-7fe724bf4000 rw-p 00000000 00:00 0 
7fe724bf4000-7fe724bf8000 ---p 00000000 00:00 0 
7fe724bf8000-7fe724cf5000 rw-p 00000000 00:00 0 
7fe724cf5000-7fe724cf6000 ---p 00000000 00:00 0 
7fe724cf6000-7fe725277000 rw-p 00000000 00:00 0 
7fe725277000-7fe7255f7000 ---p 00000000 00:00 0 
7fe7255f7000-7fe7255f8000 ---p 00000000 00:00 0 
7fe7255f8000-7fe7256f9000 rw-p 00000000 00:00 0 
7fe7256f9000-7fe7256fa000 ---p 00000000 00:00 0 
7fe7256fa000-7fe727afe000 rw-p 00000000 00:00 0 
7fe727afe000-7fe727aff000 ---p 00000000 00:00 0 
7fe727aff000-7fe727f00000 rw-p 00000000 00:00 0 
7fe727f00000-7fe729c00000 ---p 00000000 00:00 0 
7fe729c00000-7fe729f00000 rw-p 00000000 00:00 0 
7fe729f00000-7fe72bc00000 ---p 00000000 00:00 0 
7fe72bc00000-7fe72bc60000 rw-p 00000000 00:00 0 
7fe72bc60000-7fe72c000000 ---p 00000000 00:00 0 
7fe72c000000-7fe72c021000 rw-p 00000000 00:00 0 
7fe72c021000-7fe730000000 ---p 00000000 00:00 0 
7fe730078000-7fe7300d8000 rw-p 00000000 00:00 0 
7fe7300d8000-7fe730478000 ---p 00000000 00:00 0 
7fe730478000-7fe7304d8000 rw-p 00000000 00:00 0 
7fe7304d8000-7fe730878000 ---p 00000000 00:00 0 
7fe730878000-7fe730ae8000 rwxp 00000000 00:00 0 
7fe730ae8000-7fe730e07000 ---p 00000000 00:00 0 
7fe730e07000-7fe731077000 rwxp 00000000 00:00 0 
7fe731077000-7fe73833f000 ---p 00000000 00:00 0 
7fe73833f000-7fe7385af000 rwxp 00000000 00:00 0 
7fe7385af000-7fe73f878000 ---p 00000000 00:00 0 
7fe73f878000-7fe748000000 r--s 00000000 08:02 282217                     /usr/lib/jvm/java-11-openjdk-amd64/lib/modules
7fe748000000-7fe74824a000 rw-p 00000000 00:00 0 
7fe74824a000-7fe74c000000 ---p 00000000 00:00 0 
7fe74c031000-7fe74c0b2000 rw-p 00000000 00:00 0 
7fe74c0b2000-7fe74c0b3000 ---p 00000000 00:00 0 
7fe74c0b3000-7fe74c4b7000 rw-p 00000000 00:00 0 
7fe74c4b7000-7fe74c4b8000 ---p 00000000 00:00 0 
7fe74c4b8000-7fe74c5be000 rw-p 00000000 00:00 0 
7fe74c5be000-7fe74c6a4000 ---p 00000000 00:00 0 
7fe74c6a4000-7fe74c6a9000 rw-p 00000000 00:00 0 
7fe74c6a9000-7fe74c78f000 ---p 00000000 00:00 0 
7fe74c78f000-7fe74c796000 r-xp 00000000 08:02 282216                     /usr/lib/jvm/java-11-openjdk-amd64/lib/libzip.so
7fe74c796000-7fe74c995000 ---p 00007000 08:02 282216                     /usr/lib/jvm/java-11-openjdk-amd64/lib/libzip.so
7fe74c995000-7fe74c996000 r--p 00006000 08:02 282216                     /usr/lib/jvm/java-11-openjdk-amd64/lib/libzip.so
7fe74c996000-7fe74c997000 rw-p 00007000 08:02 282216                     /usr/lib/jvm/java-11-openjdk-amd64/lib/libzip.so
7fe74c997000-7fe74c9a2000 r-xp 00000000 08:02 139972                     /lib/x86_64-linux-gnu/libnss_files-2.27.so
7fe74c9a2000-7fe74cba1000 ---p 0000b000 08:02 139972                     /lib/x86_64-linux-gnu/libnss_files-2.27.so
7fe74cba1000-7fe74cba2000 r--p 0000a000 08:02 139972                     /lib/x86_64-linux-gnu/libnss_files-2.27.so
7fe74cba2000-7fe74cba3000 rw-p 0000b000 08:02 139972                     /lib/x86_64-linux-gnu/libnss_files-2.27.so
7fe74cba3000-7fe74cba9000 rw-p 00000000 00:00 0 
7fe74cba9000-7fe74cbc0000 r-xp 00000000 08:02 139969                     /lib/x86_64-linux-gnu/libnsl-2.27.so
7fe74cbc0000-7fe74cdbf000 ---p 00017000 08:02 139969                     /lib/x86_64-linux-gnu/libnsl-2.27.so
7fe74cdbf000-7fe74cdc0000 r--p 00016000 08:02 139969                     /lib/x86_64-linux-gnu/libnsl-2.27.so
7fe74cdc0000-7fe74cdc1000 rw-p 00017000 08:02 139969                     /lib/x86_64-linux-gnu/libnsl-2.27.so
7fe74cdc1000-7fe74cdc3000 rw-p 00000000 00:00 0 
7fe74cdc3000-7fe74cdce000 r-xp 00000000 08:02 139974                     /lib/x86_64-linux-gnu/libnss_nis-2.27.so
7fe74cdce000-7fe74cfcd000 ---p 0000b000 08:02 139974                     /lib/x86_64-linux-gnu/libnss_nis-2.27.so
7fe74cfcd000-7fe74cfce000 r--p 0000a000 08:02 139974                     /lib/x86_64-linux-gnu/libnss_nis-2.27.so
7fe74cfce000-7fe74cfcf000 rw-p 0000b000 08:02 139974                     /lib/x86_64-linux-gnu/libnss_nis-2.27.so
7fe74cfcf000-7fe74cfd7000 r-xp 00000000 08:02 139970                     /lib/x86_64-linux-gnu/libnss_compat-2.27.so
7fe74cfd7000-7fe74d1d7000 ---p 00008000 08:02 139970                     /lib/x86_64-linux-gnu/libnss_compat-2.27.so
7fe74d1d7000-7fe74d1d8000 r--p 00008000 08:02 139970                     /lib/x86_64-linux-gnu/libnss_compat-2.27.so
7fe74d1d8000-7fe74d1d9000 rw-p 00009000 08:02 139970                     /lib/x86_64-linux-gnu/libnss_compat-2.27.so
7fe74d1d9000-7fe74d1de000 r-xp 00000000 08:02 282184                     /usr/lib/jvm/java-11-openjdk-amd64/lib/libjimage.so
7fe74d1de000-7fe74d3dd000 ---p 00005000 08:02 282184                     /usr/lib/jvm/java-11-openjdk-amd64/lib/libjimage.so
7fe74d3dd000-7fe74d3de000 r--p 00004000 08:02 282184                     /usr/lib/jvm/java-11-openjdk-amd64/lib/libjimage.so
7fe74d3de000-7fe74d3df000 rw-p 00005000 08:02 282184                     /usr/lib/jvm/java-11-openjdk-amd64/lib/libjimage.so
7fe74d3df000-7fe74d407000 r-xp 00000000 08:02 282181                     /usr/lib/jvm/java-11-openjdk-amd64/lib/libjava.so
7fe74d407000-7fe74d607000 ---p 00028000 08:02 282181                     /usr/lib/jvm/java-11-openjdk-amd64/lib/libjava.so
7fe74d607000-7fe74d608000 r--p 00028000 08:02 282181                     /usr/lib/jvm/java-11-openjdk-amd64/lib/libjava.so
7fe74d608000-7fe74d609000 rw-p 00029000 08:02 282181                     /usr/lib/jvm/java-11-openjdk-amd64/lib/libjava.so
7fe74d609000-7fe74d60a000 rw-p 00000000 00:00 0 
7fe74d60a000-7fe74d617000 r-xp 00000000 08:02 282214                     /usr/lib/jvm/java-11-openjdk-amd64/lib/libverify.so
7fe74d617000-7fe74d816000 ---p 0000d000 08:02 282214                     /usr/lib/jvm/java-11-openjdk-amd64/lib/libverify.so
7fe74d816000-7fe74d818000 r--p 0000c000 08:02 282214                     /usr/lib/jvm/java-11-openjdk-amd64/lib/libverify.so
7fe74d818000-7fe74d819000 rw-p 0000e000 08:02 282214                     /usr/lib/jvm/java-11-openjdk-amd64/lib/libverify.so
7fe74d819000-7fe74d820000 r-xp 00000000 08:02 139979                     /lib/x86_64-linux-gnu/librt-2.27.so
7fe74d820000-7fe74da1f000 ---p 00007000 08:02 139979                     /lib/x86_64-linux-gnu/librt-2.27.so
7fe74da1f000-7fe74da20000 r--p 00006000 08:02 139979                     /lib/x86_64-linux-gnu/librt-2.27.so
7fe74da20000-7fe74da21000 rw-p 00007000 08:02 139979                     /lib/x86_64-linux-gnu/librt-2.27.so
7fe74da21000-7fe74da38000 r-xp 00000000 08:02 139957                     /lib/x86_64-linux-gnu/libgcc_s.so.1
7fe74da38000-7fe74dc37000 ---p 00017000 08:02 139957                     /lib/x86_64-linux-gnu/libgcc_s.so.1
7fe74dc37000-7fe74dc38000 r--p 00016000 08:02 139957                     /lib/x86_64-linux-gnu/libgcc_s.so.1
7fe74dc38000-7fe74dc39000 rw-p 00017000 08:02 139957                     /lib/x86_64-linux-gnu/libgcc_s.so.1
7fe74dc39000-7fe74ddd6000 r-xp 00000000 08:02 139966                     /lib/x86_64-linux-gnu/libm-2.27.so
7fe74ddd6000-7fe74dfd5000 ---p 0019d000 08:02 139966                     /lib/x86_64-linux-gnu/libm-2.27.so
7fe74dfd5000-7fe74dfd6000 r--p 0019c000 08:02 139966                     /lib/x86_64-linux-gnu/libm-2.27.so
7fe74dfd6000-7fe74dfd7000 rw-p 0019d000 08:02 139966                     /lib/x86_64-linux-gnu/libm-2.27.so
7fe74dfd7000-7fe74e150000 r-xp 00000000 08:02 88373                      /usr/lib/x86_64-linux-gnu/libstdc++.so.6.0.25
7fe74e150000-7fe74e350000 ---p 00179000 08:02 88373                      /usr/lib/x86_64-linux-gnu/libstdc++.so.6.0.25
7fe74e350000-7fe74e35a000 r--p 00179000 08:02 88373                      /usr/lib/x86_64-linux-gnu/libstdc++.so.6.0.25
7fe74e35a000-7fe74e35c000 rw-p 00183000 08:02 88373                      /usr/lib/x86_64-linux-gnu/libstdc++.so.6.0.25
7fe74e35c000-7fe74e360000 rw-p 00000000 00:00 0 
7fe74e360000-7fe74f448000 r-xp 00000000 08:02 288086                     /usr/lib/jvm/java-11-openjdk-amd64/lib/server/libjvm.so
7fe74f448000-7fe74f647000 ---p 010e8000 08:02 288086                     /usr/lib/jvm/java-11-openjdk-amd64/lib/server/libjvm.so
7fe74f647000-7fe74f708000 r--p 010e7000 08:02 288086                     /usr/lib/jvm/java-11-openjdk-amd64/lib/server/libjvm.so
7fe74f708000-7fe74f743000 rw-p 011a8000 08:02 288086                     /usr/lib/jvm/java-11-openjdk-amd64/lib/server/libjvm.so
7fe74f743000-7fe74f79a000 rw-p 00000000 00:00 0 
7fe74f79a000-7fe74f7b4000 r-xp 00000000 08:02 139977                     /lib/x86_64-linux-gnu/libpthread-2.27.so
7fe74f7b4000-7fe74f9b3000 ---p 0001a000 08:02 139977                     /lib/x86_64-linux-gnu/libpthread-2.27.so
7fe74f9b3000-7fe74f9b4000 r--p 00019000 08:02 139977                     /lib/x86_64-linux-gnu/libpthread-2.27.so
7fe74f9b4000-7fe74f9b5000 rw-p 0001a000 08:02 139977                     /lib/x86_64-linux-gnu/libpthread-2.27.so
7fe74f9b5000-7fe74f9b9000 rw-p 00000000 00:00 0 
7fe74f9b9000-7fe74f9bc000 r-xp 00000000 08:02 139965                     /lib/x86_64-linux-gnu/libdl-2.27.so
7fe74f9bc000-7fe74fbbb000 ---p 00003000 08:02 139965                     /lib/x86_64-linux-gnu/libdl-2.27.so
7fe74fbbb000-7fe74fbbc000 r--p 00002000 08:02 139965                     /lib/x86_64-linux-gnu/libdl-2.27.so
7fe74fbbc000-7fe74fbbd000 rw-p 00003000 08:02 139965                     /lib/x86_64-linux-gnu/libdl-2.27.so
7fe74fbbd000-7fe74fbd9000 r-xp 00000000 08:02 136542                     /lib/x86_64-linux-gnu/libz.so.1.2.11
7fe74fbd9000-7fe74fdd8000 ---p 0001c000 08:02 136542                     /lib/x86_64-linux-gnu/libz.so.1.2.11
7fe74fdd8000-7fe74fdd9000 r--p 0001b000 08:02 136542                     /lib/x86_64-linux-gnu/libz.so.1.2.11
7fe74fdd9000-7fe74fdda000 rw-p 0001c000 08:02 136542                     /lib/x86_64-linux-gnu/libz.so.1.2.11
7fe74fdda000-7fe74ffc1000 r-xp 00000000 08:02 139962                     /lib/x86_64-linux-gnu/libc-2.27.so
7fe74ffc1000-7fe7501c1000 ---p 001e7000 08:02 139962                     /lib/x86_64-linux-gnu/libc-2.27.so
7fe7501c1000-7fe7501c5000 r--p 001e7000 08:02 139962                     /lib/x86_64-linux-gnu/libc-2.27.so
7fe7501c5000-7fe7501c7000 rw-p 001eb000 08:02 139962                     /lib/x86_64-linux-gnu/libc-2.27.so
7fe7501c7000-7fe7501cb000 rw-p 00000000 00:00 0 
7fe7501cb000-7fe7501da000 r-xp 00000000 08:02 288081                     /usr/lib/jvm/java-11-openjdk-amd64/lib/jli/libjli.so
7fe7501da000-7fe7503d9000 ---p 0000f000 08:02 288081                     /usr/lib/jvm/java-11-openjdk-amd64/lib/jli/libjli.so
7fe7503d9000-7fe7503da000 r--p 0000e000 08:02 288081                     /usr/lib/jvm/java-11-openjdk-amd64/lib/jli/libjli.so
7fe7503da000-7fe7503db000 rw-p 0000f000 08:02 288081                     /usr/lib/jvm/java-11-openjdk-amd64/lib/jli/libjli.so
7fe7503db000-7fe750404000 r-xp 00000000 08:02 139958                     /lib/x86_64-linux-gnu/ld-2.27.so
7fe750442000-7fe7504e7000 rw-p 00000000 00:00 0 
7fe7504e7000-7fe7504ee000 ---p 00000000 00:00 0 
7fe7504ee000-7fe7504f6000 rw-s 00000000 08:02 361644                     /tmp/hsperfdata_root/9039
7fe7504f6000-7fe7504fa000 ---p 00000000 00:00 0 
7fe7504fa000-7fe7505f9000 rw-p 00000000 00:00 0 
7fe7505fe000-7fe750600000 r--s 00007000 08:02 155060                     /usr/share/java/java-atk-wrapper.jar
7fe750600000-7fe750601000 ---p 00000000 00:00 0 
7fe750601000-7fe750602000 r--p 00000000 00:00 0 
7fe750602000-7fe750604000 rw-p 00000000 00:00 0 
7fe750604000-7fe750605000 r--p 00029000 08:02 139958                     /lib/x86_64-linux-gnu/ld-2.27.so
7fe750605000-7fe750606000 rw-p 0002a000 08:02 139958                     /lib/x86_64-linux-gnu/ld-2.27.so
7fe750606000-7fe750607000 rw-p 00000000 00:00 0 
7ffc15293000-7ffc152b4000 rw-p 00000000 00:00 0                          [stack]
7ffc152de000-7ffc152e1000 r--p 00000000 00:00 0                          [vvar]
7ffc152e1000-7ffc152e3000 r-xp 00000000 00:00 0                          [vdso]
ffffffffff600000-ffffffffff601000 r-xp 00000000 00:00 0                  [vsyscall]


VM Arguments:
jvm_args: -Xmx2G 
java_command: meteor-1.5.jar - - -stdio -l en -norm
java_class_path (initial): meteor-1.5.jar
Launcher Type: SUN_STANDARD

[Global flags]
     intx CICompilerCount                          = 2                                         {product} {ergonomic}
     uint ConcGCThreads                            = 1                                         {product} {ergonomic}
     uint G1ConcRefinementThreads                  = 3                                         {product} {ergonomic}
   size_t G1HeapRegionSize                         = 1048576                                   {product} {ergonomic}
    uintx GCDrainStackTargetSize                   = 64                                        {product} {ergonomic}
   size_t InitialHeapSize                          = 33554432                                  {product} {ergonomic}
   size_t MarkStackSize                            = 4194304                                   {product} {ergonomic}
   size_t MaxHeapSize                              = 2147483648                                {product} {command line}
   size_t MaxNewSize                               = 1287651328                                {product} {ergonomic}
   size_t MinHeapDeltaBytes                        = 1048576                                   {product} {ergonomic}
    uintx NonNMethodCodeHeapSize                   = 5825164                                {pd product} {ergonomic}
    uintx NonProfiledCodeHeapSize                  = 122916538                              {pd product} {ergonomic}
    uintx ProfiledCodeHeapSize                     = 122916538                              {pd product} {ergonomic}
    uintx ReservedCodeCacheSize                    = 251658240                              {pd product} {ergonomic}
     bool SegmentedCodeCache                       = true                                      {product} {ergonomic}
     bool UseCompressedClassPointers               = true                                 {lp64_product} {ergonomic}
     bool UseCompressedOops                        = true                                 {lp64_product} {ergonomic}
     bool UseG1GC                                  = true                                      {product} {ergonomic}

Logging:
Log output configuration:
 #0: stdout all=warning uptime,level,tags
 #1: stderr all=off uptime,level,tags

Environment Variables:
PATH=/env/bin:/usr/local/sbin:/usr/local/bin:/usr/sbin:/usr/bin:/sbin:/bin:/usr/games:/usr/local/games
SHELL=/bin/bash
DISPLAY=localhost:10.0
LANG=en_US.UTF-8
LC_ALL=en_US.UTF_8

Signal Handlers:
SIGSEGV: [libjvm.so+0xe1d0a0], sa_mask[0]=11111111011111111101111111111110, sa_flags=SA_RESTART|SA_SIGINFO
SIGBUS: [libjvm.so+0xe1d0a0], sa_mask[0]=11111111011111111101111111111110, sa_flags=SA_RESTART|SA_SIGINFO
SIGFPE: [libjvm.so+0xe1d0a0], sa_mask[0]=11111111011111111101111111111110, sa_flags=SA_RESTART|SA_SIGINFO
SIGPIPE: [libjvm.so+0xb717f0], sa_mask[0]=11111111011111111101111111111110, sa_flags=SA_RESTART|SA_SIGINFO
SIGXFSZ: [libjvm.so+0xb717f0], sa_mask[0]=11111111011111111101111111111110, sa_flags=SA_RESTART|SA_SIGINFO
SIGILL: [libjvm.so+0xe1d0a0], sa_mask[0]=11111111011111111101111111111110, sa_flags=SA_RESTART|SA_SIGINFO
SIGUSR2: [libjvm.so+0xb71680], sa_mask[0]=00000000000000000000000000000000, sa_flags=SA_RESTART|SA_SIGINFO
SIGHUP: [libjvm.so+0xb71b30], sa_mask[0]=11111111011111111101111111111110, sa_flags=SA_RESTART|SA_SIGINFO
SIGINT: [libjvm.so+0xb71b30], sa_mask[0]=11111111011111111101111111111110, sa_flags=SA_RESTART|SA_SIGINFO
SIGTERM: [libjvm.so+0xb71b30], sa_mask[0]=11111111011111111101111111111110, sa_flags=SA_RESTART|SA_SIGINFO
SIGQUIT: [libjvm.so+0xb71b30], sa_mask[0]=11111111011111111101111111111110, sa_flags=SA_RESTART|SA_SIGINFO


---------------  S Y S T E M  ---------------

OS:DISTRIB_ID=Ubuntu
DISTRIB_RELEASE=18.04
DISTRIB_CODENAME=bionic
DISTRIB_DESCRIPTION="Ubuntu 18.04 LTS"
uname:Linux 4.15.0-20-generic #21-Ubuntu SMP Tue Apr 24 06:16:15 UTC 2018 x86_64
OS uptime: 0 days 2:51 hours
libc:glibc 2.27 NPTL 2.27 
rlimit (soft/hard): STACK 8192k/infinity , CORE 0k/infinity , NPROC 7950/7950 , NOFILE 1048576/1048576 , AS infinity/infinity , CPU infinity/infinity , DATA infinity/infinity , FSIZE infinity/infinity , MEMLOCK 16384k/16384k
load average:0.39 0.22 0.19

/proc/meminfo:
MemTotal:        2057260 kB
MemFree:           87164 kB
MemAvailable:      61064 kB
Buffers:             764 kB
Cached:            81432 kB
SwapCached:        12772 kB
Active:          1365212 kB
Inactive:         509600 kB
Active(anon):    1323168 kB
Inactive(anon):   473232 kB
Active(file):      42044 kB
Inactive(file):    36368 kB
Unevictable:           0 kB
Mlocked:               0 kB
SwapTotal:        435652 kB
SwapFree:              0 kB
Dirty:               892 kB
Writeback:             0 kB
AnonPages:       1781756 kB
Mapped:            76608 kB
Shmem:              3712 kB
Slab:              47436 kB
SReclaimable:      20300 kB
SUnreclaim:        27136 kB
KernelStack:        5360 kB
PageTables:        26812 kB
NFS_Unstable:          0 kB
Bounce:                0 kB
WritebackTmp:          0 kB
CommitLimit:     1464280 kB
Committed_AS:    4830388 kB
VmallocTotal:   34359738367 kB
VmallocUsed:           0 kB
VmallocChunk:          0 kB
HardwareCorrupted:     0 kB
AnonHugePages:         0 kB
ShmemHugePages:        0 kB
ShmemPmdMapped:        0 kB
CmaTotal:              0 kB
CmaFree:               0 kB
HugePages_Total:       0
HugePages_Free:        0
HugePages_Rsvd:        0
HugePages_Surp:        0
Hugepagesize:       2048 kB
DirectMap4k:      126840 kB
DirectMap2M:     1988608 kB
DirectMap1G:     1048576 kB

/sys/kernel/mm/transparent_hugepage/enabled:
always [madvise] never
/sys/kernel/mm/transparent_hugepage/defrag (defrag/compaction efforts parameter):
always defer defer+madvise [madvise] never

Process Memory:
Virtual Size: 4710232K (peak: 13565068K)
Resident Set Size: 182216K (peak: 182440K) (anon: 156560K, file: 25656K, shmem: 0K)
Swapped out: 0K
C-Heap outstanding allocations: 20244K

/proc/sys/kernel/threads-max (system-wide limit on the number of threads):
15901
/proc/sys/vm/max_map_count (maximum number of memory map areas a process may have):
65530
/proc/sys/kernel/pid_max (system-wide limit on number of process identifiers):
32768

container (cgroup) information:
container_type: cgroupv1
cpu_cpuset_cpus: 0-2
cpu_memory_nodes: 0
active_processor_count: 3
cpu_quota: -1
cpu_period: 100000
cpu_shares: -1
memory_limit_in_bytes: -1
memory_and_swap_limit_in_bytes: -2
memory_soft_limit_in_bytes: -1
memory_usage_in_bytes: 1915088896
memory_max_usage_in_bytes: 197185536

KVM virtualization detected
Steal ticks since vm start: 0
Steal ticks percentage since vm start:  0.000

CPU:total 3 (initial active 3) (3 cores per cpu, 1 threads per core) family 6 model 13 stepping 3 microcode 0x1, cmov, cx8, fxsr, mmx, sse, sse2, sse3, ssse3, sse4.1, sse4.2, popcnt, avx, aes, clmul, tsc
CPU Model and flags from /proc/cpuinfo:
model name	: QEMU Virtual CPU version (cpu64-rhel6)
flags		: fpu vme de pse tsc msr pae mce cx8 apic sep mtrr pge mca cmov pse36 clflush mmx fxsr sse sse2 ss ht syscall nx pdpe1gb rdtscp lm rep_good nopl xtopology cpuid pni pclmulqdq ssse3 cx16 pcid sse4_1 sse4_2 x2apic popcnt aes xsave avx f16c rdrand hypervisor lahf_lm pti fsgsbase smep xsaveopt
Online cpus:
0-2
Offline cpus:

BIOS frequency limitation:
<Not Available>
Frequency switch latency (ns):
<Not Available>
Available cpu frequencies:
<Not Available>
Current governor:
<Not Available>
Core performance/turbo boost:
<Not Available>

Memory: 4k page, physical 2057260k(87164k free), swap 435652k(0k free)

vm_info: OpenJDK 64-Bit Server VM (11.0.11+9-Ubuntu-0ubuntu2.18.04) for linux-amd64 JRE (11.0.11+9-Ubuntu-0ubuntu2.18.04), built on Apr 21 2021 09:15:32 by "unknown" with gcc 8.4.0

END.
