#
# There is insufficient memory for the Java Runtime Environment to continue.
# Native memory allocation (mmap) failed to map 78610432 bytes for committing reserved memory.
# Possible reasons:
#   The system is out of physical RAM or swap space
#   The process is running with CompressedOops enabled, and the Java Heap may be blocking the growth of the native heap
# Possible solutions:
#   Reduce memory load on the system
#   Increase physical memory or swap space
#   Check if swap backing store is full
#   Decrease Java heap size (-Xmx/-Xms)
#   Decrease number of Java threads
#   Decrease Java thread stack sizes (-Xss)
#   Set larger code cache with -XX:ReservedCodeCacheSize=
#   JVM is running with Unscaled Compressed Oops mode in which the Java heap is
#     placed in the first 4GB address space. The Java Heap base address is the
#     maximum limit for the native heap growth. Please use -XX:HeapBaseMinAddress
#     to set the Java Heap base and to place the Java Heap above 4GB virtual address.
# This output file may be truncated or incomplete.
#
#  Out of Memory Error (os_linux.cpp:2866), pid=481, tid=483
#
# JRE version: OpenJDK Runtime Environment (11.0.7+10) (build 11.0.7+10-post-Ubuntu-2ubuntu218.04)
# Java VM: OpenJDK 64-Bit Server VM (11.0.7+10-post-Ubuntu-2ubuntu218.04, mixed mode, sharing, tiered, compressed oops, serial gc, linux-amd64)
# Core dump will be written. Default location: Core dumps may be processed with "/usr/share/apport/apport %p %s %c %d %P" (or dumping to /export/home/xujun94/code/auto_gif/python3/pycocoevalcap/meteor/core.481)
#

---------------  S U M M A R Y ------------

Command Line: -Xmx2G meteor-1.5.jar - - -stdio -l en -norm

Host: Intel Core Processor (Broadwell, no TSX, IBRS), 1 cores, 481M, Ubuntu 18.04.4 LTS
Time: Sun Jun 28 09:18:55 2020 UTC elapsed time: 11 seconds (0d 0h 0m 11s)

---------------  T H R E A D  ---------------

Current thread (0x00007fb7040b5000):  VMThread "VM Thread" [stack: 0x00007fb6ea7ec000,0x00007fb6ea8ec000] [id=483]

Stack: [0x00007fb6ea7ec000,0x00007fb6ea8ec000],  sp=0x00007fb6ea8e9ff0,  free space=1015k
Native frames: (J=compiled Java code, A=aot compiled Java code, j=interpreted, Vv=VM code, C=native code)
V  [libjvm.so+0xdf8009]
V  [libjvm.so+0xdf8c9b]
V  [libjvm.so+0x6514e5]
V  [libjvm.so+0xbcfbf2]
V  [libjvm.so+0xbc70cf]
V  [libjvm.so+0xdef7a7]
V  [libjvm.so+0x516571]
V  [libjvm.so+0x516714]
V  [libjvm.so+0xd7d857]
V  [libjvm.so+0x516eb9]
V  [libjvm.so+0x7b0d80]
V  [libjvm.so+0x7b19f8]
V  [libjvm.so+0xdf92df]
V  [libjvm.so+0xdfa8d8]
V  [libjvm.so+0xe00a96]
V  [libjvm.so+0xe00fa0]
V  [libjvm.so+0xe01423]
V  [libjvm.so+0xd85acf]
V  [libjvm.so+0xbd59de]

VM_Operation (0x00007fb70af31280): GenCollectForAllocation, mode: safepoint, requested by thread 0x00007fb704015800


---------------  P R O C E S S  ---------------

Threads class SMR info:
_java_thread_list=0x00007fb704107610, length=9, elements={
0x00007fb704015800, 0x00007fb7040b8000, 0x00007fb7040ba000, 0x00007fb7040c0000,
0x00007fb7040c2800, 0x00007fb7040c4800, 0x00007fb7040c6800, 0x00007fb704100800,
0x00007fb704106000
}

Java Threads: ( => current thread )
  0x00007fb704015800 JavaThread "main" [_thread_blocked, id=482, stack(0x00007fb70ae32000,0x00007fb70af33000)]
  0x00007fb7040b8000 JavaThread "Reference Handler" daemon [_thread_blocked, id=484, stack(0x00007fb6ea6e9000,0x00007fb6ea7ea000)]
  0x00007fb7040ba000 JavaThread "Finalizer" daemon [_thread_blocked, id=485, stack(0x00007fb6ea5e8000,0x00007fb6ea6e9000)]
  0x00007fb7040c0000 JavaThread "Signal Dispatcher" daemon [_thread_blocked, id=486, stack(0x00007fb6ea1be000,0x00007fb6ea2bf000)]
  0x00007fb7040c2800 JavaThread "C2 CompilerThread0" daemon [_thread_blocked, id=487, stack(0x00007fb6ea0bd000,0x00007fb6ea1be000)]
  0x00007fb7040c4800 JavaThread "C1 CompilerThread0" daemon [_thread_blocked, id=488, stack(0x00007fb6e9fbc000,0x00007fb6ea0bd000)]
  0x00007fb7040c6800 JavaThread "Sweeper thread" daemon [_thread_blocked, id=489, stack(0x00007fb6e9ebb000,0x00007fb6e9fbc000)]
  0x00007fb704100800 JavaThread "Service Thread" daemon [_thread_blocked, id=490, stack(0x00007fb6e9dba000,0x00007fb6e9ebb000)]
  0x00007fb704106000 JavaThread "Common-Cleaner" daemon [_thread_blocked, id=492, stack(0x00007fb6e9bb7000,0x00007fb6e9cb8000)]

Other Threads:
=>0x00007fb7040b5000 VMThread "VM Thread" [stack: 0x00007fb6ea7ec000,0x00007fb6ea8ec000] [id=483]
  0x00007fb704103000 WatcherThread [stack: 0x00007fb6e9cba000,0x00007fb6e9dba000] [id=491]

Threads with active compile tasks:

VM state:at safepoint (normal execution)

VM Mutex/Monitor currently owned by a thread:  ([mutex/lock_event])
[0x00007fb7040116f0] Threads_lock - owner thread: 0x00007fb7040b5000
[0x00007fb704011ed0] Heap_lock - owner thread: 0x00007fb704015800

Heap address: 0x0000000080000000, size: 2048 MB, Compressed Oops mode: 32-bit
Narrow klass base: 0x0000000800000000, Narrow klass shift: 3
Compressed class space size: 1073741824 Address: 0x0000000840000000

Heap:
 def new generation   total 56000K, used 0K [0x0000000080000000, 0x0000000083cc0000, 0x00000000aaaa0000)
  eden space 49792K,   0% used [0x0000000080000000, 0x0000000080000000, 0x00000000830a0000)
  from space 6208K,   0% used [0x00000000836b0000, 0x00000000836b0000, 0x0000000083cc0000)
  to   space 6208K,   0% used [0x00000000830a0000, 0x00000000830a0000, 0x00000000836b0000)
 tenured generation   total 126068K, used 121700K [0x00000000aaaa0000, 0x00000000b25bd000, 0x0000000100000000)
   the space 126068K,  96% used [0x00000000aaaa0000, 0x00000000b2179050, 0x00000000b2179200, 0x00000000b25bd000)
 Metaspace       used 1041K, capacity 4856K, committed 5120K, reserved 1056768K
  class space    used 71K, capacity 428K, committed 512K, reserved 1048576K

Card table byte_map: [0x00007fb6eb397000,0x00007fb6eb798000] _byte_map_base: 0x00007fb6eaf97000

Polling page: 0x00007fb70af3c000

Metaspace:

Usage:
  Non-class:      4.32 MB capacity,   969.97 KB ( 22%) used,     3.38 MB ( 78%) free+waste,   768 bytes ( <1%) overhead. 
      Class:    428.00 KB capacity,    71.25 KB ( 17%) used,   356.19 KB ( 83%) free+waste,   576 bytes ( <1%) overhead. 
       Both:      4.74 MB capacity,     1.02 MB ( 21%) used,     3.72 MB ( 79%) free+waste,     1.31 KB ( <1%) overhead. 

Virtual space:
  Non-class space:        8.00 MB reserved,       4.50 MB ( 56%) committed 
      Class space:        1.00 GB reserved,     512.00 KB ( <1%) committed 
             Both:        1.01 GB reserved,       5.00 MB ( <1%) committed 

Chunk freelists:
   Non-Class:  4.00 KB
       Class:  20.00 KB
        Both:  24.00 KB

MaxMetaspaceSize: unlimited
CompressedClassSpaceSize: 1.00 GB

CodeHeap 'non-profiled nmethods': size=120036Kb used=383Kb max_used=383Kb free=119652Kb
 bounds [0x00007fb6f334a000, 0x00007fb6f35ba000, 0x00007fb6fa883000]
CodeHeap 'profiled nmethods': size=120032Kb used=855Kb max_used=855Kb free=119176Kb
 bounds [0x00007fb6ebe12000, 0x00007fb6ec082000, 0x00007fb6f334a000]
CodeHeap 'non-nmethods': size=5692Kb used=1047Kb max_used=1072Kb free=4645Kb
 bounds [0x00007fb6eb883000, 0x00007fb6ebaf3000, 0x00007fb6ebe12000]
 total_blobs=985 nmethods=415 adapters=250
 compilation: enabled
              stopped_count=0, restarted_count=0
 full_count=0

Compilation events (20 events):
Event: 6.848 Thread 0x00007fb7040c2800  414       4       java.util.zip.CRC32::updateBytesCheck (55 bytes)
Event: 6.849 Thread 0x00007fb7040c2800 nmethod 414 0x00007fb6f33a6090 code [0x00007fb6f33a6220, 0x00007fb6f33a62d8]
Event: 6.921 Thread 0x00007fb7040c2800  415       4       java.util.zip.InflaterInputStream::fill (60 bytes)
Event: 6.929 Thread 0x00007fb7040c2800 nmethod 415 0x00007fb6f33a6410 code [0x00007fb6f33a65c0, 0x00007fb6f33a6988]
Event: 6.929 Thread 0x00007fb7040c2800  416       4       java.util.zip.CRC32::update (51 bytes)
Event: 6.931 Thread 0x00007fb7040c2800 nmethod 416 0x00007fb6f33a6c10 code [0x00007fb6f33a6da0, 0x00007fb6f33a6f58]
Event: 6.954 Thread 0x00007fb7040c2800  417   !   4       java.util.zip.InflaterInputStream::read (138 bytes)
Event: 6.974 Thread 0x00007fb7040c2800 nmethod 417 0x00007fb6f33a7110 code [0x00007fb6f33a7320, 0x00007fb6f33a8058]
Event: 7.007 Thread 0x00007fb7040c4800  418       3       sun.nio.cs.StreamDecoder::implRead (243 bytes)
Event: 7.008 Thread 0x00007fb7040c4800 nmethod 418 0x00007fb6ebee6490 code [0x00007fb6ebee6780, 0x00007fb6ebee7908]
Event: 7.115 Thread 0x00007fb7040c2800  419       4       java.nio.CharBuffer::position (6 bytes)
Event: 7.117 Thread 0x00007fb7040c2800 nmethod 419 0x00007fb6f33a8790 code [0x00007fb6f33a8920, 0x00007fb6f33a89f8]
Event: 7.236 Thread 0x00007fb7040c2800  420       4       java.nio.Buffer::<init> (99 bytes)
Event: 7.238 Thread 0x00007fb7040c2800 nmethod 420 0x00007fb6f33a8b10 code [0x00007fb6f33a8ca0, 0x00007fb6f33a8d98]
Event: 7.303 Thread 0x00007fb7040c2800  421   !   4       java.nio.charset.CharsetDecoder::decode (287 bytes)
Event: 7.310 Thread 0x00007fb7040c2800 nmethod 421 0x00007fb6f33a8e90 code [0x00007fb6f33a9040, 0x00007fb6f33a9268]
Event: 7.311 Thread 0x00007fb7040c2800  422       4       sun.nio.cs.UTF_8$Decoder::decodeLoop (28 bytes)
Event: 7.317 Thread 0x00007fb7040c2800 nmethod 422 0x00007fb6f33a9610 code [0x00007fb6f33a97c0, 0x00007fb6f33a9908]
Event: 7.341 Thread 0x00007fb7040c2800  423       4       java.nio.CharBuffer::limit (6 bytes)
Event: 7.342 Thread 0x00007fb7040c2800 nmethod 423 0x00007fb6f33a9a90 code [0x00007fb6f33a9c20, 0x00007fb6f33a9d18]

GC Heap History (20 events):
Event: 6.333 GC heap after
{Heap after GC invocations=24 (full 5):
 def new generation   total 56000K, used 6208K [0x0000000080000000, 0x0000000083cc0000, 0x00000000aaaa0000)
  eden space 49792K,   0% used [0x0000000080000000, 0x0000000080000000, 0x00000000830a0000)
  from space 6208K, 100% used [0x00000000836b0000, 0x0000000083cc0000, 0x0000000083cc0000)
  to   space 6208K,   0% used [0x00000000830a0000, 0x00000000830a0000, 0x00000000836b0000)
 tenured generation   total 124340K, used 76578K [0x00000000aaaa0000, 0x00000000b240d000, 0x0000000100000000)
   the space 124340K,  61% used [0x00000000aaaa0000, 0x00000000af568ac0, 0x00000000af568c00, 0x00000000b240d000)
 Metaspace       used 1041K, capacity 4856K, committed 5120K, reserved 1056768K
  class space    used 71K, capacity 428K, committed 512K, reserved 1048576K
}
Event: 6.503 GC heap before
{Heap before GC invocations=24 (full 5):
 def new generation   total 56000K, used 56000K [0x0000000080000000, 0x0000000083cc0000, 0x00000000aaaa0000)
  eden space 49792K, 100% used [0x0000000080000000, 0x00000000830a0000, 0x00000000830a0000)
  from space 6208K, 100% used [0x00000000836b0000, 0x0000000083cc0000, 0x0000000083cc0000)
  to   space 6208K,   0% used [0x00000000830a0000, 0x00000000830a0000, 0x00000000836b0000)
 tenured generation   total 124340K, used 76578K [0x00000000aaaa0000, 0x00000000b240d000, 0x0000000100000000)
   the space 124340K,  61% used [0x00000000aaaa0000, 0x00000000af568ac0, 0x00000000af568c00, 0x00000000b240d000)
 Metaspace       used 1041K, capacity 4856K, committed 5120K, reserved 1056768K
  class space    used 71K, capacity 428K, committed 512K, reserved 1048576K
}
Event: 6.542 GC heap after
{Heap after GC invocations=25 (full 5):
 def new generation   total 56000K, used 3440K [0x0000000080000000, 0x0000000083cc0000, 0x00000000aaaa0000)
  eden space 49792K,   0% used [0x0000000080000000, 0x0000000080000000, 0x00000000830a0000)
  from space 6208K,  55% used [0x00000000830a0000, 0x00000000833fc030, 0x00000000836b0000)
  to   space 6208K,   0% used [0x00000000836b0000, 0x00000000836b0000, 0x0000000083cc0000)
 tenured generation   total 124340K, used 82786K [0x00000000aaaa0000, 0x00000000b240d000, 0x0000000100000000)
   the space 124340K,  66% used [0x00000000aaaa0000, 0x00000000afb78a40, 0x00000000afb78c00, 0x00000000b240d000)
 Metaspace       used 1041K, capacity 4856K, committed 5120K, reserved 1056768K
  class space    used 71K, capacity 428K, committed 512K, reserved 1048576K
}
Event: 6.691 GC heap before
{Heap before GC invocations=25 (full 5):
 def new generation   total 56000K, used 53232K [0x0000000080000000, 0x0000000083cc0000, 0x00000000aaaa0000)
  eden space 49792K, 100% used [0x0000000080000000, 0x00000000830a0000, 0x00000000830a0000)
  from space 6208K,  55% used [0x00000000830a0000, 0x00000000833fc030, 0x00000000836b0000)
  to   space 6208K,   0% used [0x00000000836b0000, 0x00000000836b0000, 0x0000000083cc0000)
 tenured generation   total 124340K, used 82786K [0x00000000aaaa0000, 0x00000000b240d000, 0x0000000100000000)
   the space 124340K,  66% used [0x00000000aaaa0000, 0x00000000afb78a40, 0x00000000afb78c00, 0x00000000b240d000)
 Metaspace       used 1041K, capacity 4856K, committed 5120K, reserved 1056768K
  class space    used 71K, capacity 428K, committed 512K, reserved 1048576K
}
Event: 6.712 GC heap after
{Heap after GC invocations=26 (full 5):
 def new generation   total 56000K, used 3566K [0x0000000080000000, 0x0000000083cc0000, 0x00000000aaaa0000)
  eden space 49792K,   0% used [0x0000000080000000, 0x0000000080000000, 0x00000000830a0000)
  from space 6208K,  57% used [0x00000000836b0000, 0x0000000083a2b970, 0x0000000083cc0000)
  to   space 6208K,   0% used [0x00000000830a0000, 0x00000000830a0000, 0x00000000836b0000)
 tenured generation   total 124340K, used 86226K [0x00000000aaaa0000, 0x00000000b240d000, 0x0000000100000000)
   the space 124340K,  69% used [0x00000000aaaa0000, 0x00000000afed48a8, 0x00000000afed4a00, 0x00000000b240d000)
 Metaspace       used 1041K, capacity 4856K, committed 5120K, reserved 1056768K
  class space    used 71K, capacity 428K, committed 512K, reserved 1048576K
}
Event: 6.871 GC heap before
{Heap before GC invocations=26 (full 5):
 def new generation   total 56000K, used 53358K [0x0000000080000000, 0x0000000083cc0000, 0x00000000aaaa0000)
  eden space 49792K, 100% used [0x0000000080000000, 0x00000000830a0000, 0x00000000830a0000)
  from space 6208K,  57% used [0x00000000836b0000, 0x0000000083a2b970, 0x0000000083cc0000)
  to   space 6208K,   0% used [0x00000000830a0000, 0x00000000830a0000, 0x00000000836b0000)
 tenured generation   total 124340K, used 86226K [0x00000000aaaa0000, 0x00000000b240d000, 0x0000000100000000)
   the space 124340K,  69% used [0x00000000aaaa0000, 0x00000000afed48a8, 0x00000000afed4a00, 0x00000000b240d000)
 Metaspace       used 1041K, capacity 4856K, committed 5120K, reserved 1056768K
  class space    used 71K, capacity 428K, committed 512K, reserved 1048576K
}
Event: 6.892 GC heap after
{Heap after GC invocations=27 (full 5):
 def new generation   total 56000K, used 3523K [0x0000000080000000, 0x0000000083cc0000, 0x00000000aaaa0000)
  eden space 49792K,   0% used [0x0000000080000000, 0x0000000080000000, 0x00000000830a0000)
  from space 6208K,  56% used [0x00000000830a0000, 0x0000000083410fc0, 0x00000000836b0000)
  to   space 6208K,   0% used [0x00000000836b0000, 0x00000000836b0000, 0x0000000083cc0000)
 tenured generation   total 124340K, used 89792K [0x00000000aaaa0000, 0x00000000b240d000, 0x0000000100000000)
   the space 124340K,  72% used [0x00000000aaaa0000, 0x00000000b0250140, 0x00000000b0250200, 0x00000000b240d000)
 Metaspace       used 1041K, capacity 4856K, committed 5120K, reserved 1056768K
  class space    used 71K, capacity 428K, committed 512K, reserved 1048576K
}
Event: 7.027 GC heap before
{Heap before GC invocations=27 (full 5):
 def new generation   total 56000K, used 53315K [0x0000000080000000, 0x0000000083cc0000, 0x00000000aaaa0000)
  eden space 49792K, 100% used [0x0000000080000000, 0x00000000830a0000, 0x00000000830a0000)
  from space 6208K,  56% used [0x00000000830a0000, 0x0000000083410fc0, 0x00000000836b0000)
  to   space 6208K,   0% used [0x00000000836b0000, 0x00000000836b0000, 0x0000000083cc0000)
 tenured generation   total 124340K, used 89792K [0x00000000aaaa0000, 0x00000000b240d000, 0x0000000100000000)
   the space 124340K,  72% used [0x00000000aaaa0000, 0x00000000b0250140, 0x00000000b0250200, 0x00000000b240d000)
 Metaspace       used 1041K, capacity 4856K, committed 5120K, reserved 1056768K
  class space    used 71K, capacity 428K, committed 512K, reserved 1048576K
}
Event: 7.056 GC heap after
{Heap after GC invocations=28 (full 5):
 def new generation   total 56000K, used 6208K [0x0000000080000000, 0x0000000083cc0000, 0x00000000aaaa0000)
  eden space 49792K,   0% used [0x0000000080000000, 0x0000000080000000, 0x00000000830a0000)
  from space 6208K, 100% used [0x00000000836b0000, 0x0000000083cc0000, 0x0000000083cc0000)
  to   space 6208K,   0% used [0x00000000830a0000, 0x00000000830a0000, 0x00000000836b0000)
 tenured generation   total 124340K, used 95301K [0x00000000aaaa0000, 0x00000000b240d000, 0x0000000100000000)
   the space 124340K,  76% used [0x00000000aaaa0000, 0x00000000b07b1718, 0x00000000b07b1800, 0x00000000b240d000)
 Metaspace       used 1041K, capacity 4856K, committed 5120K, reserved 1056768K
  class space    used 71K, capacity 428K, committed 512K, reserved 1048576K
}
Event: 7.191 GC heap before
{Heap before GC invocations=28 (full 5):
 def new generation   total 56000K, used 56000K [0x0000000080000000, 0x0000000083cc0000, 0x00000000aaaa0000)
  eden space 49792K, 100% used [0x0000000080000000, 0x00000000830a0000, 0x00000000830a0000)
  from space 6208K, 100% used [0x00000000836b0000, 0x0000000083cc0000, 0x0000000083cc0000)
  to   space 6208K,   0% used [0x00000000830a0000, 0x00000000830a0000, 0x00000000836b0000)
 tenured generation   total 124340K, used 95301K [0x00000000aaaa0000, 0x00000000b240d000, 0x0000000100000000)
   the space 124340K,  76% used [0x00000000aaaa0000, 0x00000000b07b1718, 0x00000000b07b1800, 0x00000000b240d000)
 Metaspace       used 1041K, capacity 4856K, committed 5120K, reserved 1056768K
  class space    used 71K, capacity 428K, committed 512K, reserved 1048576K
}
Event: 7.223 GC heap after
{Heap after GC invocations=29 (full 5):
 def new generation   total 56000K, used 3491K [0x0000000080000000, 0x0000000083cc0000, 0x00000000aaaa0000)
  eden space 49792K,   0% used [0x0000000080000000, 0x0000000080000000, 0x00000000830a0000)
  from space 6208K,  56% used [0x00000000830a0000, 0x0000000083408dc0, 0x00000000836b0000)
  to   space 6208K,   0% used [0x00000000836b0000, 0x00000000836b0000, 0x0000000083cc0000)
 tenured generation   total 124340K, used 101509K [0x00000000aaaa0000, 0x00000000b240d000, 0x0000000100000000)
   the space 124340K,  81% used [0x00000000aaaa0000, 0x00000000b0dc1698, 0x00000000b0dc1800, 0x00000000b240d000)
 Metaspace       used 1041K, capacity 4856K, committed 5120K, reserved 1056768K
  class space    used 71K, capacity 428K, committed 512K, reserved 1048576K
}
Event: 7.378 GC heap before
{Heap before GC invocations=29 (full 5):
 def new generation   total 56000K, used 53283K [0x0000000080000000, 0x0000000083cc0000, 0x00000000aaaa0000)
  eden space 49792K, 100% used [0x0000000080000000, 0x00000000830a0000, 0x00000000830a0000)
  from space 6208K,  56% used [0x00000000830a0000, 0x0000000083408dc0, 0x00000000836b0000)
  to   space 6208K,   0% used [0x00000000836b0000, 0x00000000836b0000, 0x0000000083cc0000)
 tenured generation   total 124340K, used 101509K [0x00000000aaaa0000, 0x00000000b240d000, 0x0000000100000000)
   the space 124340K,  81% used [0x00000000aaaa0000, 0x00000000b0dc1698, 0x00000000b0dc1800, 0x00000000b240d000)
 Metaspace       used 1041K, capacity 4856K, committed 5120K, reserved 1056768K
  class space    used 71K, capacity 428K, committed 512K, reserved 1048576K
}
Event: 7.406 GC heap after
{Heap after GC invocations=30 (full 5):
 def new generation   total 56000K, used 3656K [0x0000000080000000, 0x0000000083cc0000, 0x00000000aaaa0000)
  eden space 49792K,   0% used [0x0000000080000000, 0x0000000080000000, 0x00000000830a0000)
  from space 6208K,  58% used [0x00000000836b0000, 0x0000000083a420a0, 0x0000000083cc0000)
  to   space 6208K,   0% used [0x00000000830a0000, 0x00000000830a0000, 0x00000000836b0000)
 tenured generation   total 124340K, used 105000K [0x00000000aaaa0000, 0x00000000b240d000, 0x0000000100000000)
   the space 124340K,  84% used [0x00000000aaaa0000, 0x00000000b112a308, 0x00000000b112a400, 0x00000000b240d000)
 Metaspace       used 1041K, capacity 4856K, committed 5120K, reserved 1056768K
  class space    used 71K, capacity 428K, committed 512K, reserved 1048576K
}
Event: 7.547 GC heap before
{Heap before GC invocations=30 (full 5):
 def new generation   total 56000K, used 53448K [0x0000000080000000, 0x0000000083cc0000, 0x00000000aaaa0000)
  eden space 49792K, 100% used [0x0000000080000000, 0x00000000830a0000, 0x00000000830a0000)
  from space 6208K,  58% used [0x00000000836b0000, 0x0000000083a420a0, 0x0000000083cc0000)
  to   space 6208K,   0% used [0x00000000830a0000, 0x00000000830a0000, 0x00000000836b0000)
 tenured generation   total 124340K, used 105000K [0x00000000aaaa0000, 0x00000000b240d000, 0x0000000100000000)
   the space 124340K,  84% used [0x00000000aaaa0000, 0x00000000b112a308, 0x00000000b112a400, 0x00000000b240d000)
 Metaspace       used 1041K, capacity 4856K, committed 5120K, reserved 1056768K
  class space    used 71K, capacity 428K, committed 512K, reserved 1048576K
}
Event: 7.575 GC heap after
{Heap after GC invocations=31 (full 5):
 def new generation   total 56000K, used 3559K [0x0000000080000000, 0x0000000083cc0000, 0x00000000aaaa0000)
  eden space 49792K,   0% used [0x0000000080000000, 0x0000000080000000, 0x00000000830a0000)
  from space 6208K,  57% used [0x00000000830a0000, 0x0000000083419f70, 0x00000000836b0000)
  to   space 6208K,   0% used [0x00000000836b0000, 0x00000000836b0000, 0x0000000083cc0000)
 tenured generation   total 124340K, used 108656K [0x00000000aaaa0000, 0x00000000b240d000, 0x0000000100000000)
   the space 124340K,  87% used [0x00000000aaaa0000, 0x00000000b14bc248, 0x00000000b14bc400, 0x00000000b240d000)
 Metaspace       used 1041K, capacity 4856K, committed 5120K, reserved 1056768K
  class space    used 71K, capacity 428K, committed 512K, reserved 1048576K
}
Event: 7.712 GC heap before
{Heap before GC invocations=31 (full 5):
 def new generation   total 56000K, used 53351K [0x0000000080000000, 0x0000000083cc0000, 0x00000000aaaa0000)
  eden space 49792K, 100% used [0x0000000080000000, 0x00000000830a0000, 0x00000000830a0000)
  from space 6208K,  57% used [0x00000000830a0000, 0x0000000083419f70, 0x00000000836b0000)
  to   space 6208K,   0% used [0x00000000836b0000, 0x00000000836b0000, 0x0000000083cc0000)
 tenured generation   total 124340K, used 108656K [0x00000000aaaa0000, 0x00000000b240d000, 0x0000000100000000)
   the space 124340K,  87% used [0x00000000aaaa0000, 0x00000000b14bc248, 0x00000000b14bc400, 0x00000000b240d000)
 Metaspace       used 1041K, capacity 4856K, committed 5120K, reserved 1056768K
  class space    used 71K, capacity 428K, committed 512K, reserved 1048576K
}
Event: 7.738 GC heap after
{Heap after GC invocations=32 (full 5):
 def new generation   total 56000K, used 3591K [0x0000000080000000, 0x0000000083cc0000, 0x00000000aaaa0000)
  eden space 49792K,   0% used [0x0000000080000000, 0x0000000080000000, 0x00000000830a0000)
  from space 6208K,  57% used [0x00000000836b0000, 0x0000000083a31cf0, 0x0000000083cc0000)
  to   space 6208K,   0% used [0x00000000830a0000, 0x00000000830a0000, 0x00000000836b0000)
 tenured generation   total 124340K, used 112216K [0x00000000aaaa0000, 0x00000000b240d000, 0x0000000100000000)
   the space 124340K,  90% used [0x00000000aaaa0000, 0x00000000b1836100, 0x00000000b1836200, 0x00000000b240d000)
 Metaspace       used 1041K, capacity 4856K, committed 5120K, reserved 1056768K
  class space    used 71K, capacity 428K, committed 512K, reserved 1048576K
}
Event: 7.874 GC heap before
{Heap before GC invocations=32 (full 5):
 def new generation   total 56000K, used 53383K [0x0000000080000000, 0x0000000083cc0000, 0x00000000aaaa0000)
  eden space 49792K, 100% used [0x0000000080000000, 0x00000000830a0000, 0x00000000830a0000)
  from space 6208K,  57% used [0x00000000836b0000, 0x0000000083a31cf0, 0x0000000083cc0000)
  to   space 6208K,   0% used [0x00000000830a0000, 0x00000000830a0000, 0x00000000836b0000)
 tenured generation   total 124340K, used 112216K [0x00000000aaaa0000, 0x00000000b240d000, 0x0000000100000000)
   the space 124340K,  90% used [0x00000000aaaa0000, 0x00000000b1836100, 0x00000000b1836200, 0x00000000b240d000)
 Metaspace       used 1041K, capacity 4856K, committed 5120K, reserved 1056768K
  class space    used 71K, capacity 428K, committed 512K, reserved 1048576K
}
Event: 7.990 GC heap after
{Heap after GC invocations=33 (full 5):
 def new generation   total 56000K, used 3120K [0x0000000080000000, 0x0000000083cc0000, 0x00000000aaaa0000)
  eden space 49792K,   0% used [0x0000000080000000, 0x0000000080000000, 0x00000000830a0000)
  from space 6208K,  50% used [0x00000000830a0000, 0x00000000833ac020, 0x00000000836b0000)
  to   space 6208K,   0% used [0x00000000836b0000, 0x00000000836b0000, 0x0000000083cc0000)
 tenured generation   total 124340K, used 122929K [0x00000000aaaa0000, 0x00000000b240d000, 0x0000000100000000)
   the space 124340K,  98% used [0x00000000aaaa0000, 0x00000000b22ac530, 0x00000000b22ac600, 0x00000000b240d000)
 Metaspace       used 1041K, capacity 4856K, committed 5120K, reserved 1056768K
  class space    used 71K, capacity 428K, committed 512K, reserved 1048576K
}
Event: 8.379 GC heap before
{Heap before GC invocations=33 (full 5):
 def new generation   total 56000K, used 52912K [0x0000000080000000, 0x0000000083cc0000, 0x00000000aaaa0000)
  eden space 49792K, 100% used [0x0000000080000000, 0x00000000830a0000, 0x00000000830a0000)
  from space 6208K,  50% used [0x00000000830a0000, 0x00000000833ac020, 0x00000000836b0000)
  to   space 6208K,   0% used [0x00000000836b0000, 0x00000000836b0000, 0x0000000083cc0000)
 tenured generation   total 124340K, used 122929K [0x00000000aaaa0000, 0x00000000b240d000, 0x0000000100000000)
   the space 124340K,  98% used [0x00000000aaaa0000, 0x00000000b22ac530, 0x00000000b22ac600, 0x00000000b240d000)
 Metaspace       used 1041K, capacity 4856K, committed 5120K, reserved 1056768K
  class space    used 71K, capacity 428K, committed 512K, reserved 1048576K
}

Deoptimization events (20 events):
Event: 6.104 Thread 0x00007fb704015800 DEOPT PACKING pc=0x00007fb6ebed67ef sp=0x00007fb70af31010
Event: 6.105 Thread 0x00007fb704015800 DEOPT UNPACKING pc=0x00007fb6eb8ab1ba sp=0x00007fb70af305b8 mode 0
Event: 6.105 Thread 0x00007fb704015800 DEOPT PACKING pc=0x00007fb6ebed67ef sp=0x00007fb70af31010
Event: 6.105 Thread 0x00007fb704015800 DEOPT UNPACKING pc=0x00007fb6eb8ab1ba sp=0x00007fb70af305b8 mode 0
Event: 6.105 Thread 0x00007fb704015800 DEOPT PACKING pc=0x00007fb6ebed67ef sp=0x00007fb70af31010
Event: 6.105 Thread 0x00007fb704015800 DEOPT UNPACKING pc=0x00007fb6eb8ab1ba sp=0x00007fb70af305b8 mode 0
Event: 6.106 Thread 0x00007fb704015800 DEOPT PACKING pc=0x00007fb6ebed67ef sp=0x00007fb70af31010
Event: 6.106 Thread 0x00007fb704015800 DEOPT UNPACKING pc=0x00007fb6eb8ab1ba sp=0x00007fb70af305b8 mode 0
Event: 6.106 Thread 0x00007fb704015800 DEOPT PACKING pc=0x00007fb6ebed67ef sp=0x00007fb70af31010
Event: 6.106 Thread 0x00007fb704015800 DEOPT UNPACKING pc=0x00007fb6eb8ab1ba sp=0x00007fb70af305b8 mode 0
Event: 6.106 Thread 0x00007fb704015800 DEOPT PACKING pc=0x00007fb6ebed67ef sp=0x00007fb70af31010
Event: 6.106 Thread 0x00007fb704015800 DEOPT UNPACKING pc=0x00007fb6eb8ab1ba sp=0x00007fb70af305b8 mode 0
Event: 6.107 Thread 0x00007fb704015800 DEOPT PACKING pc=0x00007fb6ebed67ef sp=0x00007fb70af31010
Event: 6.107 Thread 0x00007fb704015800 DEOPT UNPACKING pc=0x00007fb6eb8ab1ba sp=0x00007fb70af305b8 mode 0
Event: 6.606 Thread 0x00007fb704015800 DEOPT PACKING pc=0x00007fb6ebec4acb sp=0x00007fb70af31470
Event: 6.606 Thread 0x00007fb704015800 DEOPT UNPACKING pc=0x00007fb6eb8ab1ba sp=0x00007fb70af309a0 mode 0
Event: 6.983 Thread 0x00007fb704015800 Uncommon trap: trap_request=0xffffff4d fr.pc=0x00007fb6f339f9f4 relative=0x0000000000000b34
Event: 6.983 Thread 0x00007fb704015800 Uncommon trap: reason=unstable_if action=reinterpret pc=0x00007fb6f339f9f4 method=sun.nio.cs.StreamDecoder.implRead([CII)I @ 87 c2
Event: 6.983 Thread 0x00007fb704015800 DEOPT PACKING pc=0x00007fb6f339f9f4 sp=0x00007fb70af31490
Event: 6.983 Thread 0x00007fb704015800 DEOPT UNPACKING pc=0x00007fb6eb8ab3a5 sp=0x00007fb70af31450 mode 2

Classes redefined (0 events):
No events

Internal exceptions (0 events):
No events

Events (20 events):
Event: 6.333 Executing VM operation: GenCollectForAllocation done
Event: 6.500 Executing VM operation: GenCollectForAllocation
Event: 6.544 Executing VM operation: GenCollectForAllocation done
Event: 6.691 Executing VM operation: GenCollectForAllocation
Event: 6.712 Executing VM operation: GenCollectForAllocation done
Event: 6.871 Executing VM operation: GenCollectForAllocation
Event: 6.892 Executing VM operation: GenCollectForAllocation done
Event: 7.027 Executing VM operation: GenCollectForAllocation
Event: 7.057 Executing VM operation: GenCollectForAllocation done
Event: 7.191 Executing VM operation: GenCollectForAllocation
Event: 7.223 Executing VM operation: GenCollectForAllocation done
Event: 7.378 Executing VM operation: GenCollectForAllocation
Event: 7.407 Executing VM operation: GenCollectForAllocation done
Event: 7.547 Executing VM operation: GenCollectForAllocation
Event: 7.575 Executing VM operation: GenCollectForAllocation done
Event: 7.712 Executing VM operation: GenCollectForAllocation
Event: 7.741 Executing VM operation: GenCollectForAllocation done
Event: 7.874 Executing VM operation: GenCollectForAllocation
Event: 8.009 Executing VM operation: GenCollectForAllocation done
Event: 8.343 Executing VM operation: GenCollectForAllocation


Dynamic libraries:
80000000-83cc0000 rw-p 00000000 00:00 0 
83cc0000-aaaa0000 ---p 00000000 00:00 0 
aaaa0000-b25bd000 rw-p 00000000 00:00 0 
b70b5000-100000000 ---p 00000000 00:00 0 
800000000-800002000 rwxp 00001000 fc:01 49939                            /usr/lib/jvm/java-11-openjdk-amd64/lib/server/classes.jsa
800002000-8003b8000 rw-p 00003000 fc:01 49939                            /usr/lib/jvm/java-11-openjdk-amd64/lib/server/classes.jsa
8003b8000-800a7f000 r--p 003b9000 fc:01 49939                            /usr/lib/jvm/java-11-openjdk-amd64/lib/server/classes.jsa
800a7f000-800a80000 rw-p 00a80000 fc:01 49939                            /usr/lib/jvm/java-11-openjdk-amd64/lib/server/classes.jsa
800a80000-80108c000 r--p 00a81000 fc:01 49939                            /usr/lib/jvm/java-11-openjdk-amd64/lib/server/classes.jsa
840000000-840080000 rw-p 00000000 00:00 0 
840080000-880000000 ---p 00000000 00:00 0 
562003307000-562003308000 r-xp 00000000 fc:01 50389                      /usr/lib/jvm/java-11-openjdk-amd64/bin/java
562003508000-562003509000 r--p 00001000 fc:01 50389                      /usr/lib/jvm/java-11-openjdk-amd64/bin/java
562003509000-56200350a000 rw-p 00002000 fc:01 50389                      /usr/lib/jvm/java-11-openjdk-amd64/bin/java
56200381e000-56200383f000 rw-p 00000000 00:00 0                          [heap]
7fb6cc000000-7fb6cc555000 rw-p 00000000 00:00 0 
7fb6cc555000-7fb6d0000000 ---p 00000000 00:00 0 
7fb6d0000000-7fb6d0021000 rw-p 00000000 00:00 0 
7fb6d0021000-7fb6d4000000 ---p 00000000 00:00 0 
7fb6d4000000-7fb6d4021000 rw-p 00000000 00:00 0 
7fb6d4021000-7fb6d8000000 ---p 00000000 00:00 0 
7fb6d8000000-7fb6d8e3e000 rw-p 00000000 00:00 0 
7fb6d8e3e000-7fb6dc000000 ---p 00000000 00:00 0 
7fb6dc000000-7fb6dc021000 rw-p 00000000 00:00 0 
7fb6dc021000-7fb6e0000000 ---p 00000000 00:00 0 
7fb6e0000000-7fb6e0021000 rw-p 00000000 00:00 0 
7fb6e0021000-7fb6e4000000 ---p 00000000 00:00 0 
7fb6e4000000-7fb6e4021000 rw-p 00000000 00:00 0 
7fb6e4021000-7fb6e8000000 ---p 00000000 00:00 0 
7fb6e978f000-7fb6e97a5000 r-xp 00000000 fc:01 50462                      /usr/lib/jvm/java-11-openjdk-amd64/lib/libnet.so
7fb6e97a5000-7fb6e99a4000 ---p 00016000 fc:01 50462                      /usr/lib/jvm/java-11-openjdk-amd64/lib/libnet.so
7fb6e99a4000-7fb6e99a5000 r--p 00015000 fc:01 50462                      /usr/lib/jvm/java-11-openjdk-amd64/lib/libnet.so
7fb6e99a5000-7fb6e99a6000 rw-p 00016000 fc:01 50462                      /usr/lib/jvm/java-11-openjdk-amd64/lib/libnet.so
7fb6e99a6000-7fb6e99b6000 r-xp 00000000 fc:01 50463                      /usr/lib/jvm/java-11-openjdk-amd64/lib/libnio.so
7fb6e99b6000-7fb6e9bb5000 ---p 00010000 fc:01 50463                      /usr/lib/jvm/java-11-openjdk-amd64/lib/libnio.so
7fb6e9bb5000-7fb6e9bb6000 r--p 0000f000 fc:01 50463                      /usr/lib/jvm/java-11-openjdk-amd64/lib/libnio.so
7fb6e9bb6000-7fb6e9bb7000 rw-p 00010000 fc:01 50463                      /usr/lib/jvm/java-11-openjdk-amd64/lib/libnio.so
7fb6e9bb7000-7fb6e9bbb000 ---p 00000000 00:00 0 
7fb6e9bbb000-7fb6e9cb8000 rw-p 00000000 00:00 0 
7fb6e9cb8000-7fb6e9cb9000 ---p 00000000 00:00 0 
7fb6e9cb9000-7fb6e9dba000 rw-p 00000000 00:00 0 
7fb6e9dba000-7fb6e9dbe000 ---p 00000000 00:00 0 
7fb6e9dbe000-7fb6e9ebb000 rw-p 00000000 00:00 0 
7fb6e9ebb000-7fb6e9ebf000 ---p 00000000 00:00 0 
7fb6e9ebf000-7fb6e9fbc000 rw-p 00000000 00:00 0 
7fb6e9fbc000-7fb6e9fc0000 ---p 00000000 00:00 0 
7fb6e9fc0000-7fb6ea0bd000 rw-p 00000000 00:00 0 
7fb6ea0bd000-7fb6ea0c1000 ---p 00000000 00:00 0 
7fb6ea0c1000-7fb6ea1be000 rw-p 00000000 00:00 0 
7fb6ea1be000-7fb6ea1c2000 ---p 00000000 00:00 0 
7fb6ea1c2000-7fb6ea2bf000 rw-p 00000000 00:00 0 
7fb6ea2bf000-7fb6ea5e8000 r--p 00000000 fc:01 344                        /usr/lib/locale/locale-archive
7fb6ea5e8000-7fb6ea5ec000 ---p 00000000 00:00 0 
7fb6ea5ec000-7fb6ea6e9000 rw-p 00000000 00:00 0 
7fb6ea6e9000-7fb6ea6ed000 ---p 00000000 00:00 0 
7fb6ea6ed000-7fb6ea7ea000 rw-p 00000000 00:00 0 
7fb6ea7ea000-7fb6ea7eb000 ---p 00000000 00:00 0 
7fb6ea7eb000-7fb6ead6c000 rw-p 00000000 00:00 0 
7fb6ead6c000-7fb6eb0ec000 ---p 00000000 00:00 0 
7fb6eb0ec000-7fb6eb12a000 rw-p 00000000 00:00 0 
7fb6eb12a000-7fb6eb397000 ---p 00000000 00:00 0 
7fb6eb397000-7fb6eb3b6000 rw-p 00000000 00:00 0 
7fb6eb3b6000-7fb6eb4ec000 ---p 00000000 00:00 0 
7fb6eb4ec000-7fb6eb52a000 rw-p 00000000 00:00 0 
7fb6eb52a000-7fb6eb797000 ---p 00000000 00:00 0 
7fb6eb797000-7fb6eb79d000 rw-p 00000000 00:00 0 
7fb6eb79d000-7fb6eb883000 ---p 00000000 00:00 0 
7fb6eb883000-7fb6ebaf3000 rwxp 00000000 00:00 0 
7fb6ebaf3000-7fb6ebe12000 ---p 00000000 00:00 0 
7fb6ebe12000-7fb6ec082000 rwxp 00000000 00:00 0 
7fb6ec082000-7fb6f334a000 ---p 00000000 00:00 0 
7fb6f334a000-7fb6f35ba000 rwxp 00000000 00:00 0 
7fb6f35ba000-7fb6fa883000 ---p 00000000 00:00 0 
7fb6fa883000-7fb702f76000 r--s 00000000 fc:01 50472                      /usr/lib/jvm/java-11-openjdk-amd64/lib/modules
7fb702f76000-7fb702f7b000 r-xp 00000000 fc:01 50454                      /usr/lib/jvm/java-11-openjdk-amd64/lib/libjimage.so
7fb702f7b000-7fb70317a000 ---p 00005000 fc:01 50454                      /usr/lib/jvm/java-11-openjdk-amd64/lib/libjimage.so
7fb70317a000-7fb70317b000 r--p 00004000 fc:01 50454                      /usr/lib/jvm/java-11-openjdk-amd64/lib/libjimage.so
7fb70317b000-7fb70317c000 rw-p 00005000 fc:01 50454                      /usr/lib/jvm/java-11-openjdk-amd64/lib/libjimage.so
7fb70317c000-7fb703183000 r-xp 00000000 fc:01 50471                      /usr/lib/jvm/java-11-openjdk-amd64/lib/libzip.so
7fb703183000-7fb703382000 ---p 00007000 fc:01 50471                      /usr/lib/jvm/java-11-openjdk-amd64/lib/libzip.so
7fb703382000-7fb703383000 r--p 00006000 fc:01 50471                      /usr/lib/jvm/java-11-openjdk-amd64/lib/libzip.so
7fb703383000-7fb703384000 rw-p 00007000 fc:01 50471                      /usr/lib/jvm/java-11-openjdk-amd64/lib/libzip.so
7fb703384000-7fb70338f000 r-xp 00000000 fc:01 1137                       /lib/x86_64-linux-gnu/libnss_files-2.27.so
7fb70338f000-7fb70358e000 ---p 0000b000 fc:01 1137                       /lib/x86_64-linux-gnu/libnss_files-2.27.so
7fb70358e000-7fb70358f000 r--p 0000a000 fc:01 1137                       /lib/x86_64-linux-gnu/libnss_files-2.27.so
7fb70358f000-7fb703590000 rw-p 0000b000 fc:01 1137                       /lib/x86_64-linux-gnu/libnss_files-2.27.so
7fb703590000-7fb703596000 rw-p 00000000 00:00 0 
7fb703596000-7fb7035ad000 r-xp 00000000 fc:01 1131                       /lib/x86_64-linux-gnu/libnsl-2.27.so
7fb7035ad000-7fb7037ac000 ---p 00017000 fc:01 1131                       /lib/x86_64-linux-gnu/libnsl-2.27.so
7fb7037ac000-7fb7037ad000 r--p 00016000 fc:01 1131                       /lib/x86_64-linux-gnu/libnsl-2.27.so
7fb7037ad000-7fb7037ae000 rw-p 00017000 fc:01 1131                       /lib/x86_64-linux-gnu/libnsl-2.27.so
7fb7037ae000-7fb7037b0000 rw-p 00000000 00:00 0 
7fb7037b0000-7fb7037bb000 r-xp 00000000 fc:01 1141                       /lib/x86_64-linux-gnu/libnss_nis-2.27.so
7fb7037bb000-7fb7039ba000 ---p 0000b000 fc:01 1141                       /lib/x86_64-linux-gnu/libnss_nis-2.27.so
7fb7039ba000-7fb7039bb000 r--p 0000a000 fc:01 1141                       /lib/x86_64-linux-gnu/libnss_nis-2.27.so
7fb7039bb000-7fb7039bc000 rw-p 0000b000 fc:01 1141                       /lib/x86_64-linux-gnu/libnss_nis-2.27.so
7fb7039bc000-7fb7039c4000 r-xp 00000000 fc:01 1133                       /lib/x86_64-linux-gnu/libnss_compat-2.27.so
7fb7039c4000-7fb703bc4000 ---p 00008000 fc:01 1133                       /lib/x86_64-linux-gnu/libnss_compat-2.27.so
7fb703bc4000-7fb703bc5000 r--p 00008000 fc:01 1133                       /lib/x86_64-linux-gnu/libnss_compat-2.27.so
7fb703bc5000-7fb703bc6000 rw-p 00009000 fc:01 1133                       /lib/x86_64-linux-gnu/libnss_compat-2.27.so
7fb703bc6000-7fb703bef000 r-xp 00000000 fc:01 50450                      /usr/lib/jvm/java-11-openjdk-amd64/lib/libjava.so
7fb703bef000-7fb703dee000 ---p 00029000 fc:01 50450                      /usr/lib/jvm/java-11-openjdk-amd64/lib/libjava.so
7fb703dee000-7fb703def000 r--p 00028000 fc:01 50450                      /usr/lib/jvm/java-11-openjdk-amd64/lib/libjava.so
7fb703def000-7fb703df1000 rw-p 00029000 fc:01 50450                      /usr/lib/jvm/java-11-openjdk-amd64/lib/libjava.so
7fb703df1000-7fb703dfe000 r-xp 00000000 fc:01 50470                      /usr/lib/jvm/java-11-openjdk-amd64/lib/libverify.so
7fb703dfe000-7fb703ffd000 ---p 0000d000 fc:01 50470                      /usr/lib/jvm/java-11-openjdk-amd64/lib/libverify.so
7fb703ffd000-7fb703fff000 r--p 0000c000 fc:01 50470                      /usr/lib/jvm/java-11-openjdk-amd64/lib/libverify.so
7fb703fff000-7fb704000000 rw-p 0000e000 fc:01 50470                      /usr/lib/jvm/java-11-openjdk-amd64/lib/libverify.so
7fb704000000-7fb7041e7000 rw-p 00000000 00:00 0 
7fb7041e7000-7fb708000000 ---p 00000000 00:00 0 
7fb70807c000-7fb708081000 rw-p 00000000 00:00 0 
7fb708081000-7fb708167000 ---p 00000000 00:00 0 
7fb708167000-7fb70816e000 r-xp 00000000 fc:01 1163                       /lib/x86_64-linux-gnu/librt-2.27.so
7fb70816e000-7fb70836d000 ---p 00007000 fc:01 1163                       /lib/x86_64-linux-gnu/librt-2.27.so
7fb70836d000-7fb70836e000 r--p 00006000 fc:01 1163                       /lib/x86_64-linux-gnu/librt-2.27.so
7fb70836e000-7fb70836f000 rw-p 00007000 fc:01 1163                       /lib/x86_64-linux-gnu/librt-2.27.so
7fb70836f000-7fb708386000 r-xp 00000000 fc:01 3089                       /lib/x86_64-linux-gnu/libgcc_s.so.1
7fb708386000-7fb708585000 ---p 00017000 fc:01 3089                       /lib/x86_64-linux-gnu/libgcc_s.so.1
7fb708585000-7fb708586000 r--p 00016000 fc:01 3089                       /lib/x86_64-linux-gnu/libgcc_s.so.1
7fb708586000-7fb708587000 rw-p 00017000 fc:01 3089                       /lib/x86_64-linux-gnu/libgcc_s.so.1
7fb708587000-7fb708724000 r-xp 00000000 fc:01 1116                       /lib/x86_64-linux-gnu/libm-2.27.so
7fb708724000-7fb708923000 ---p 0019d000 fc:01 1116                       /lib/x86_64-linux-gnu/libm-2.27.so
7fb708923000-7fb708924000 r--p 0019c000 fc:01 1116                       /lib/x86_64-linux-gnu/libm-2.27.so
7fb708924000-7fb708925000 rw-p 0019d000 fc:01 1116                       /lib/x86_64-linux-gnu/libm-2.27.so
7fb708925000-7fb708a9e000 r-xp 00000000 fc:01 3099                       /usr/lib/x86_64-linux-gnu/libstdc++.so.6.0.25
7fb708a9e000-7fb708c9e000 ---p 00179000 fc:01 3099                       /usr/lib/x86_64-linux-gnu/libstdc++.so.6.0.25
7fb708c9e000-7fb708ca8000 r--p 00179000 fc:01 3099                       /usr/lib/x86_64-linux-gnu/libstdc++.so.6.0.25
7fb708ca8000-7fb708caa000 rw-p 00183000 fc:01 3099                       /usr/lib/x86_64-linux-gnu/libstdc++.so.6.0.25
7fb708caa000-7fb708cae000 rw-p 00000000 00:00 0 
7fb708cae000-7fb709d8b000 r-xp 00000000 fc:01 50475                      /usr/lib/jvm/java-11-openjdk-amd64/lib/server/libjvm.so
7fb709d8b000-7fb709f8a000 ---p 010dd000 fc:01 50475                      /usr/lib/jvm/java-11-openjdk-amd64/lib/server/libjvm.so
7fb709f8a000-7fb70a047000 r--p 010dc000 fc:01 50475                      /usr/lib/jvm/java-11-openjdk-amd64/lib/server/libjvm.so
7fb70a047000-7fb70a081000 rw-p 01199000 fc:01 50475                      /usr/lib/jvm/java-11-openjdk-amd64/lib/server/libjvm.so
7fb70a081000-7fb70a0d7000 rw-p 00000000 00:00 0 
7fb70a0d7000-7fb70a0f1000 r-xp 00000000 fc:01 1157                       /lib/x86_64-linux-gnu/libpthread-2.27.so
7fb70a0f1000-7fb70a2f0000 ---p 0001a000 fc:01 1157                       /lib/x86_64-linux-gnu/libpthread-2.27.so
7fb70a2f0000-7fb70a2f1000 r--p 00019000 fc:01 1157                       /lib/x86_64-linux-gnu/libpthread-2.27.so
7fb70a2f1000-7fb70a2f2000 rw-p 0001a000 fc:01 1157                       /lib/x86_64-linux-gnu/libpthread-2.27.so
7fb70a2f2000-7fb70a2f6000 rw-p 00000000 00:00 0 
7fb70a2f6000-7fb70a2f9000 r-xp 00000000 fc:01 1087                       /lib/x86_64-linux-gnu/libdl-2.27.so
7fb70a2f9000-7fb70a4f8000 ---p 00003000 fc:01 1087                       /lib/x86_64-linux-gnu/libdl-2.27.so
7fb70a4f8000-7fb70a4f9000 r--p 00002000 fc:01 1087                       /lib/x86_64-linux-gnu/libdl-2.27.so
7fb70a4f9000-7fb70a4fa000 rw-p 00003000 fc:01 1087                       /lib/x86_64-linux-gnu/libdl-2.27.so
7fb70a4fa000-7fb70a516000 r-xp 00000000 fc:01 1188                       /lib/x86_64-linux-gnu/libz.so.1.2.11
7fb70a516000-7fb70a715000 ---p 0001c000 fc:01 1188                       /lib/x86_64-linux-gnu/libz.so.1.2.11
7fb70a715000-7fb70a716000 r--p 0001b000 fc:01 1188                       /lib/x86_64-linux-gnu/libz.so.1.2.11
7fb70a716000-7fb70a717000 rw-p 0001c000 fc:01 1188                       /lib/x86_64-linux-gnu/libz.so.1.2.11
7fb70a717000-7fb70a8fe000 r-xp 00000000 fc:01 1070                       /lib/x86_64-linux-gnu/libc-2.27.so
7fb70a8fe000-7fb70aafe000 ---p 001e7000 fc:01 1070                       /lib/x86_64-linux-gnu/libc-2.27.so
7fb70aafe000-7fb70ab02000 r--p 001e7000 fc:01 1070                       /lib/x86_64-linux-gnu/libc-2.27.so
7fb70ab02000-7fb70ab04000 rw-p 001eb000 fc:01 1070                       /lib/x86_64-linux-gnu/libc-2.27.so
7fb70ab04000-7fb70ab08000 rw-p 00000000 00:00 0 
7fb70ab08000-7fb70ab18000 r-xp 00000000 fc:01 50434                      /usr/lib/jvm/java-11-openjdk-amd64/lib/jli/libjli.so
7fb70ab18000-7fb70ad17000 ---p 00010000 fc:01 50434                      /usr/lib/jvm/java-11-openjdk-amd64/lib/jli/libjli.so
7fb70ad17000-7fb70ad18000 r--p 0000f000 fc:01 50434                      /usr/lib/jvm/java-11-openjdk-amd64/lib/jli/libjli.so
7fb70ad18000-7fb70ad19000 rw-p 00010000 fc:01 50434                      /usr/lib/jvm/java-11-openjdk-amd64/lib/jli/libjli.so
7fb70ad19000-7fb70ad40000 r-xp 00000000 fc:01 1046                       /lib/x86_64-linux-gnu/ld-2.27.so
7fb70ad42000-7fb70ae23000 rw-p 00000000 00:00 0 
7fb70ae23000-7fb70ae2a000 ---p 00000000 00:00 0 
7fb70ae2a000-7fb70ae32000 rw-s 00000000 fc:01 254                        /tmp/hsperfdata_root/481
7fb70ae32000-7fb70ae36000 ---p 00000000 00:00 0 
7fb70ae36000-7fb70af35000 rw-p 00000000 00:00 0 
7fb70af3a000-7fb70af3c000 r--s 00007000 fc:01 156609                     /usr/share/java/java-atk-wrapper.jar
7fb70af3c000-7fb70af3d000 ---p 00000000 00:00 0 
7fb70af3d000-7fb70af3e000 r--p 00000000 00:00 0 
7fb70af3e000-7fb70af40000 rw-p 00000000 00:00 0 
7fb70af40000-7fb70af41000 r--p 00027000 fc:01 1046                       /lib/x86_64-linux-gnu/ld-2.27.so
7fb70af41000-7fb70af42000 rw-p 00028000 fc:01 1046                       /lib/x86_64-linux-gnu/ld-2.27.so
7fb70af42000-7fb70af43000 rw-p 00000000 00:00 0 
7fff68143000-7fff68164000 rw-p 00000000 00:00 0                          [stack]
7fff681eb000-7fff681ee000 r--p 00000000 00:00 0                          [vvar]
7fff681ee000-7fff681f0000 r-xp 00000000 00:00 0                          [vdso]
ffffffffff600000-ffffffffff601000 r-xp 00000000 00:00 0                  [vsyscall]


VM Arguments:
jvm_args: -Xmx2G 
java_command: meteor-1.5.jar - - -stdio -l en -norm
java_class_path (initial): meteor-1.5.jar
Launcher Type: SUN_STANDARD

[Global flags]
     intx CICompilerCount                          = 2                                         {product} {ergonomic}
   size_t InitialHeapSize                          = 8388608                                   {product} {ergonomic}
   size_t MaxHeapSize                              = 2147483648                                {product} {command line}
   size_t MaxNewSize                               = 715784192                                 {product} {ergonomic}
   size_t MinHeapDeltaBytes                        = 196608                                    {product} {ergonomic}
   size_t NewSize                                  = 2752512                                   {product} {ergonomic}
    uintx NonNMethodCodeHeapSize                   = 5825164                                {pd product} {ergonomic}
    uintx NonProfiledCodeHeapSize                  = 122916538                              {pd product} {ergonomic}
   size_t OldSize                                  = 5636096                                   {product} {ergonomic}
    uintx ProfiledCodeHeapSize                     = 122916538                              {pd product} {ergonomic}
    uintx ReservedCodeCacheSize                    = 251658240                              {pd product} {ergonomic}
     bool SegmentedCodeCache                       = true                                      {product} {ergonomic}
     bool UseCompressedClassPointers               = true                                 {lp64_product} {ergonomic}
     bool UseCompressedOops                        = true                                 {lp64_product} {ergonomic}
     bool UseSerialGC                              = true                                      {product} {ergonomic}

Logging:
Log output configuration:
 #0: stdout all=warning uptime,level,tags
 #1: stderr all=off uptime,level,tags

Environment Variables:
PATH=/usr/local/sbin:/usr/local/bin:/usr/sbin:/usr/bin:/sbin:/bin:/usr/games:/usr/local/games:/snap/bin
SHELL=/bin/bash
DISPLAY=localhost:10.0

Signal Handlers:
SIGSEGV: [libjvm.so+0xdf8d00], sa_mask[0]=11111111011111111101111111111110, sa_flags=SA_RESTART|SA_SIGINFO
SIGBUS: [libjvm.so+0xdf8d00], sa_mask[0]=11111111011111111101111111111110, sa_flags=SA_RESTART|SA_SIGINFO
SIGFPE: [libjvm.so+0xdf8d00], sa_mask[0]=11111111011111111101111111111110, sa_flags=SA_RESTART|SA_SIGINFO
SIGPIPE: [libjvm.so+0xbcbc30], sa_mask[0]=11111111011111111101111111111110, sa_flags=SA_RESTART|SA_SIGINFO
SIGXFSZ: [libjvm.so+0xbcbc30], sa_mask[0]=11111111011111111101111111111110, sa_flags=SA_RESTART|SA_SIGINFO
SIGILL: [libjvm.so+0xdf8d00], sa_mask[0]=11111111011111111101111111111110, sa_flags=SA_RESTART|SA_SIGINFO
SIGUSR2: [libjvm.so+0xbcbad0], sa_mask[0]=00000000000000000000000000000000, sa_flags=SA_RESTART|SA_SIGINFO
SIGHUP: [libjvm.so+0xbcbe30], sa_mask[0]=11111111011111111101111111111110, sa_flags=SA_RESTART|SA_SIGINFO
SIGINT: [libjvm.so+0xbcbe30], sa_mask[0]=11111111011111111101111111111110, sa_flags=SA_RESTART|SA_SIGINFO
SIGTERM: [libjvm.so+0xbcbe30], sa_mask[0]=11111111011111111101111111111110, sa_flags=SA_RESTART|SA_SIGINFO
SIGQUIT: [libjvm.so+0xbcbe30], sa_mask[0]=11111111011111111101111111111110, sa_flags=SA_RESTART|SA_SIGINFO


---------------  S Y S T E M  ---------------

OS:DISTRIB_ID=Ubuntu
DISTRIB_RELEASE=18.04
DISTRIB_CODENAME=bionic
DISTRIB_DESCRIPTION="Ubuntu 18.04.4 LTS"
uname:Linux 4.15.0-76-generic #86-Ubuntu SMP Fri Jan 17 17:24:28 UTC 2020 x86_64
OS uptime: 82 days 5:21 hours
libc:glibc 2.27 NPTL 2.27 
rlimit: STACK 8192k, CORE 0k, NPROC 1677, NOFILE 1048576, AS infinity, CPU infinity, DATA infinity, FSIZE infinity
load average:0.72 1.22 0.91

/proc/meminfo:
MemTotal:         492644 kB
MemFree:            5072 kB
MemAvailable:      16772 kB
Buffers:             256 kB
Cached:             7100 kB
SwapCached:            0 kB
Active:           405956 kB
Inactive:           5300 kB
Active(anon):     404280 kB
Inactive(anon):      256 kB
Active(file):       1676 kB
Inactive(file):     5044 kB
Unevictable:           0 kB
Mlocked:               0 kB
SwapTotal:             0 kB
SwapFree:              0 kB
Dirty:                48 kB
Writeback:             0 kB
AnonPages:        403916 kB
Mapped:             4788 kB
Shmem:               620 kB
Slab:              46700 kB
SReclaimable:      17040 kB
SUnreclaim:        29660 kB
KernelStack:        2368 kB
PageTables:         6276 kB
NFS_Unstable:          0 kB
Bounce:                0 kB
WritebackTmp:          0 kB
CommitLimit:      246320 kB
Committed_AS:     924940 kB
VmallocTotal:   34359738367 kB
VmallocUsed:           0 kB
VmallocChunk:          0 kB
HardwareCorrupted:     0 kB
AnonHugePages:         0 kB
ShmemHugePages:        0 kB
ShmemPmdMapped:        0 kB
CmaTotal:              0 kB
CmaFree:               0 kB
HugePages_Total:       0
HugePages_Free:        0
HugePages_Rsvd:        0
HugePages_Surp:        0
Hugepagesize:       2048 kB
DirectMap4k:      493424 kB
DirectMap2M:       30720 kB


/proc/sys/kernel/threads-max (system-wide limit on the number of threads):
3355


/proc/sys/vm/max_map_count (maximum number of memory map areas a process may have):
65530


/proc/sys/kernel/pid_max (system-wide limit on number of process identifiers):
32768



container (cgroup) information:
container_type: cgroupv1
cpu_cpuset_cpus: 0
cpu_memory_nodes: 0
active_processor_count: 1
cpu_quota: -1
cpu_period: 100000
cpu_shares: -1
memory_limit_in_bytes: -1
memory_and_swap_limit_in_bytes: -2
memory_soft_limit_in_bytes: -1
memory_usage_in_bytes: 331448320
memory_max_usage_in_bytes: 335659008

KVM virtualization detected
Steal ticks since vm start: 0
Steal ticks percentage since vm start:  0.000

CPU:total 1 (initial active 1) (1 cores per cpu, 1 threads per core) family 6 model 61 stepping 2, cmov, cx8, fxsr, mmx, sse, sse2, sse3, ssse3, sse4.1, sse4.2, popcnt, avx, avx2, aes, clmul, erms, lzcnt, tsc, bmi1, bmi2, fma
CPU Model and flags from /proc/cpuinfo:
model name	: Intel Core Processor (Broadwell, no TSX, IBRS)
flags		: fpu vme de pse tsc msr pae mce cx8 apic sep mtrr pge mca cmov pat pse36 clflush mmx fxsr sse sse2 syscall nx rdtscp lm constant_tsc rep_good nopl xtopology cpuid tsc_known_freq pni pclmulqdq ssse3 fma cx16 pcid sse4_1 sse4_2 x2apic movbe popcnt tsc_deadline_timer aes xsave avx f16c rdrand hypervisor lahf_lm abm cpuid_fault invpcid_single pti ssbd ibrs ibpb fsgsbase bmi1 avx2 smep bmi2 erms invpcid xsaveopt arat

Memory: 4k page, physical 492644k(5668k free), swap 0k(0k free)

vm_info: OpenJDK 64-Bit Server VM (11.0.7+10-post-Ubuntu-2ubuntu218.04) for linux-amd64 JRE (11.0.7+10-post-Ubuntu-2ubuntu218.04), built on Apr 15 2020 21:12:54 by "unknown" with gcc 7.5.0

END.
