#
# There is insufficient memory for the Java Runtime Environment to continue.
# Native memory allocation (mmap) failed to map 278921216 bytes for committing reserved memory.
# Possible reasons:
#   The system is out of physical RAM or swap space
#   The process is running with CompressedOops enabled, and the Java Heap may be blocking the growth of the native heap
# Possible solutions:
#   Reduce memory load on the system
#   Increase physical memory or swap space
#   Check if swap backing store is full
#   Decrease Java heap size (-Xmx/-Xms)
#   Decrease number of Java threads
#   Decrease Java thread stack sizes (-Xss)
#   Set larger code cache with -XX:ReservedCodeCacheSize=
#   JVM is running with Unscaled Compressed Oops mode in which the Java heap is
#     placed in the first 4GB address space. The Java Heap base address is the
#     maximum limit for the native heap growth. Please use -XX:HeapBaseMinAddress
#     to set the Java Heap base and to place the Java Heap above 4GB virtual address.
# This output file may be truncated or incomplete.
#
#  Out of Memory Error (os_linux.cpp:2985), pid=9264, tid=9271
#
# JRE version: OpenJDK Runtime Environment (11.0.11+9) (build 11.0.11+9-Ubuntu-0ubuntu2.18.04)
# Java VM: OpenJDK 64-Bit Server VM (11.0.11+9-Ubuntu-0ubuntu2.18.04, mixed mode, sharing, tiered, compressed oops, g1 gc, linux-amd64)
# No core dump will be written. Core dumps have been disabled. To enable core dumping, try "ulimit -c unlimited" before starting Java again
#

---------------  S U M M A R Y ------------

Command Line: -Xmx2G meteor-1.5.jar - - -stdio -l en -norm -a data/paraphrase-en.gz

Host: QEMU Virtual CPU version (cpu64-rhel6), 3 cores, 1G, Ubuntu 18.04 LTS
Time: Thu Jun 24 09:15:54 2021 EDT elapsed time: 3.435018 seconds (0d 0h 0m 3s)

---------------  T H R E A D  ---------------

Current thread (0x00007fb91011d000):  VMThread "VM Thread" [stack: 0x00007fb8df5fe000,0x00007fb8df6fe000] [id=9271]

Stack: [0x00007fb8df5fe000,0x00007fb8df6fe000],  sp=0x00007fb8df6fbe40,  free space=1015k
Native frames: (J=compiled Java code, A=aot compiled Java code, j=interpreted, Vv=VM code, C=native code)
V  [libjvm.so+0xe1c39a]
V  [libjvm.so+0xe1d04b]
V  [libjvm.so+0x649755]
V  [libjvm.so+0xb76a88]
V  [libjvm.so+0xb6cf2d]
V  [libjvm.so+0x76107f]
V  [libjvm.so+0x76142e]
V  [libjvm.so+0x76aac6]
V  [libjvm.so+0x7e31c4]
V  [libjvm.so+0x7e3dd0]
V  [libjvm.so+0x7e41e7]
V  [libjvm.so+0x71ed30]
V  [libjvm.so+0x7236fc]
V  [libjvm.so+0xe27364]
V  [libjvm.so+0xe1eb58]
V  [libjvm.so+0xe24a47]
V  [libjvm.so+0xe250d8]
V  [libjvm.so+0xe253e3]
V  [libjvm.so+0xdb67e9]
V  [libjvm.so+0xb7b34e]

VM_Operation (0x00007fb916f72210): G1CollectForAllocation, mode: safepoint, requested by thread 0x00007fb910017000


---------------  P R O C E S S  ---------------

Threads class SMR info:
_java_thread_list=0x00007fb910171280, length=9, elements={
0x00007fb910017000, 0x00007fb910120000, 0x00007fb910122000, 0x00007fb910128000,
0x00007fb91012a000, 0x00007fb91012c800, 0x00007fb91012e800, 0x00007fb910130800,
0x00007fb91016f800
}

Java Threads: ( => current thread )
  0x00007fb910017000 JavaThread "main" [_thread_blocked, id=9265, stack(0x00007fb916e73000,0x00007fb916f74000)]
  0x00007fb910120000 JavaThread "Reference Handler" daemon [_thread_blocked, id=9272, stack(0x00007fb8df4fb000,0x00007fb8df5fc000)]
  0x00007fb910122000 JavaThread "Finalizer" daemon [_thread_blocked, id=9273, stack(0x00007fb8df3fa000,0x00007fb8df4fb000)]
  0x00007fb910128000 JavaThread "Signal Dispatcher" daemon [_thread_blocked, id=9274, stack(0x00007fb8df15e000,0x00007fb8df25f000)]
  0x00007fb91012a000 JavaThread "Service Thread" daemon [_thread_blocked, id=9275, stack(0x00007fb8df05d000,0x00007fb8df15e000)]
  0x00007fb91012c800 JavaThread "C2 CompilerThread0" daemon [_thread_in_native, id=9276, stack(0x00007fb8def5c000,0x00007fb8df05d000)]
  0x00007fb91012e800 JavaThread "C1 CompilerThread0" daemon [_thread_blocked, id=9277, stack(0x00007fb8dee5b000,0x00007fb8def5c000)]
  0x00007fb910130800 JavaThread "Sweeper thread" daemon [_thread_blocked, id=9278, stack(0x00007fb8ded5a000,0x00007fb8dee5b000)]
  0x00007fb91016f800 JavaThread "Common-Cleaner" daemon [_thread_blocked, id=9280, stack(0x00007fb8deb57000,0x00007fb8dec58000)]

Other Threads:
=>0x00007fb91011d000 VMThread "VM Thread" [stack: 0x00007fb8df5fe000,0x00007fb8df6fe000] [id=9271]
  0x00007fb91016d000 WatcherThread [stack: 0x00007fb8dec5a000,0x00007fb8ded5a000] [id=9279]
  0x00007fb91002f000 GCTaskThread "GC Thread#0" [stack: 0x00007fb8f7603000,0x00007fb8f7703000] [id=9266]
  0x00007fb8d0001000 GCTaskThread "GC Thread#1" [stack: 0x00007fb8de62f000,0x00007fb8de72f000] [id=9281]
  0x00007fb8d008b000 GCTaskThread "GC Thread#2" [stack: 0x00007fb8de42b000,0x00007fb8de52b000] [id=9283]
  0x00007fb910062000 ConcurrentGCThread "G1 Main Marker" [stack: 0x00007fb8f45fe000,0x00007fb8f46fe000] [id=9267]
  0x00007fb910063800 ConcurrentGCThread "G1 Conc#0" [stack: 0x00007fb8f44fc000,0x00007fb8f45fc000] [id=9268]
  0x00007fb91008c800 ConcurrentGCThread "G1 Refine#0" [stack: 0x00007fb8f40f7000,0x00007fb8f41f7000] [id=9269]
  0x00007fb8e4001000 ConcurrentGCThread "G1 Refine#1" [stack: 0x00007fb8de52d000,0x00007fb8de62d000] [id=9282]
  0x00007fb91008e000 ConcurrentGCThread "G1 Young RemSet Sampling" [stack: 0x00007fb8dff00000,0x00007fb8e0000000] [id=9270]

Threads with active compile tasks:
C2 CompilerThread0   3455  364 % !   4       edu.cmu.meteor.aligner.ParaphraseTransducer::<init> @ 163 (267 bytes)

VM state:at safepoint (normal execution)

VM Mutex/Monitor currently owned by a thread:  ([mutex/lock_event])
[0x00007fb9100133e0] Threads_lock - owner thread: 0x00007fb91011d000
[0x00007fb910013bc0] Heap_lock - owner thread: 0x00007fb910017000

Heap address: 0x0000000080000000, size: 2048 MB, Compressed Oops mode: 32-bit
Narrow klass base: 0x0000000800000000, Narrow klass shift: 3
Compressed class space size: 1073741824 Address: 0x0000000840000000

Heap:
 garbage-first heap   total 473088K, used 60712K [0x0000000080000000, 0x0000000100000000)
  region size 1024K, 6 young (6144K), 6 survivors (6144K)
 Metaspace       used 1029K, capacity 4856K, committed 5120K, reserved 1056768K
  class space    used 71K, capacity 428K, committed 512K, reserved 1048576K
Heap Regions: E=young(eden), S=young(survivor), O=old, HS=humongous(starts), HC=humongous(continues), CS=collection set, F=free, A=archive, TAMS=top-at-mark-start (previous, next)
|   0|0x0000000080000000, 0x0000000080100000, 0x0000000080100000|100%| O|  |TAMS 0x0000000080100000, 0x0000000080000000| Untracked 
|   1|0x0000000080100000, 0x0000000080200000, 0x0000000080200000|100%| O|  |TAMS 0x0000000080200000, 0x0000000080100000| Untracked 
|   2|0x0000000080200000, 0x0000000080300000, 0x0000000080300000|100%| O|  |TAMS 0x0000000080300000, 0x0000000080200000| Untracked 
|   3|0x0000000080300000, 0x0000000080400000, 0x0000000080400000|100%| O|  |TAMS 0x0000000080400000, 0x0000000080300000| Untracked 
|   4|0x0000000080400000, 0x0000000080500000, 0x0000000080500000|100%| O|  |TAMS 0x0000000080500000, 0x0000000080400000| Untracked 
|   5|0x0000000080500000, 0x0000000080600000, 0x0000000080600000|100%| O|  |TAMS 0x0000000080600000, 0x0000000080500000| Untracked 
|   6|0x0000000080600000, 0x0000000080700000, 0x0000000080700000|100%| O|  |TAMS 0x0000000080700000, 0x0000000080600000| Untracked 
|   7|0x0000000080700000, 0x0000000080800000, 0x0000000080800000|100%| O|  |TAMS 0x0000000080800000, 0x0000000080700000| Untracked 
|   8|0x0000000080800000, 0x0000000080900000, 0x0000000080900000|100%| O|  |TAMS 0x0000000080900000, 0x0000000080800000| Untracked 
|   9|0x0000000080900000, 0x0000000080a00000, 0x0000000080a00000|100%| O|  |TAMS 0x0000000080a00000, 0x0000000080900000| Untracked 
|  10|0x0000000080a00000, 0x0000000080b00000, 0x0000000080b00000|100%| O|  |TAMS 0x0000000080b00000, 0x0000000080a00000| Untracked 
|  11|0x0000000080b00000, 0x0000000080c00000, 0x0000000080c00000|100%| O|  |TAMS 0x0000000080c00000, 0x0000000080b00000| Untracked 
|  12|0x0000000080c00000, 0x0000000080d00000, 0x0000000080d00000|100%| O|  |TAMS 0x0000000080d00000, 0x0000000080c00000| Untracked 
|  13|0x0000000080d00000, 0x0000000080e00000, 0x0000000080e00000|100%| O|  |TAMS 0x0000000080e00000, 0x0000000080d00000| Untracked 
|  14|0x0000000080e00000, 0x0000000080f00000, 0x0000000080f00000|100%| O|  |TAMS 0x0000000080f00000, 0x0000000080e00000| Untracked 
|  15|0x0000000080f00000, 0x0000000081000000, 0x0000000081000000|100%| O|  |TAMS 0x0000000081000000, 0x0000000080f00000| Untracked 
|  16|0x0000000081000000, 0x0000000081100000, 0x0000000081100000|100%|HS|  |TAMS 0x0000000081100000, 0x0000000081000000| Complete 
|  17|0x0000000081100000, 0x0000000081200000, 0x0000000081200000|100%| O|  |TAMS 0x0000000081200000, 0x0000000081100000| Untracked 
|  18|0x0000000081200000, 0x0000000081300000, 0x0000000081300000|100%| O|  |TAMS 0x0000000081300000, 0x0000000081200000| Untracked 
|  19|0x0000000081300000, 0x0000000081400000, 0x0000000081400000|100%| O|  |TAMS 0x0000000081400000, 0x0000000081300000| Untracked 
|  20|0x0000000081400000, 0x0000000081500000, 0x0000000081500000|100%| O|  |TAMS 0x0000000081500000, 0x0000000081400000| Untracked 
|  21|0x0000000081500000, 0x0000000081600000, 0x0000000081600000|100%| O|  |TAMS 0x0000000081600000, 0x0000000081500000| Untracked 
|  22|0x0000000081600000, 0x0000000081700000, 0x0000000081700000|100%| O|  |TAMS 0x0000000081700000, 0x0000000081600000| Untracked 
|  23|0x0000000081700000, 0x0000000081800000, 0x0000000081800000|100%| O|  |TAMS 0x0000000081800000, 0x0000000081700000| Untracked 
|  24|0x0000000081800000, 0x0000000081900000, 0x0000000081900000|100%| O|  |TAMS 0x0000000081900000, 0x0000000081800000| Untracked 
|  25|0x0000000081900000, 0x0000000081a00000, 0x0000000081a00000|100%| O|  |TAMS 0x0000000081a00000, 0x0000000081900000| Untracked 
|  26|0x0000000081a00000, 0x0000000081b00000, 0x0000000081b00000|100%| O|  |TAMS 0x0000000081b00000, 0x0000000081a00000| Untracked 
|  27|0x0000000081b00000, 0x0000000081c00000, 0x0000000081c00000|100%| O|  |TAMS 0x0000000081c00000, 0x0000000081b00000| Untracked 
|  28|0x0000000081c00000, 0x0000000081d00000, 0x0000000081d00000|100%| O|  |TAMS 0x0000000081d00000, 0x0000000081c00000| Untracked 
|  29|0x0000000081d00000, 0x0000000081e00000, 0x0000000081e00000|100%| O|  |TAMS 0x0000000081e00000, 0x0000000081d00000| Untracked 
|  30|0x0000000081e00000, 0x0000000081f00000, 0x0000000081f00000|100%| O|  |TAMS 0x0000000081f00000, 0x0000000081e00000| Untracked 
|  31|0x0000000081f00000, 0x0000000082000000, 0x0000000082000000|100%| O|  |TAMS 0x0000000082000000, 0x0000000081f00000| Untracked 
|  32|0x0000000082000000, 0x0000000082100000, 0x0000000082100000|100%| O|  |TAMS 0x0000000082100000, 0x0000000082000000| Untracked 
|  33|0x0000000082100000, 0x0000000082200000, 0x0000000082200000|100%| O|  |TAMS 0x0000000082200000, 0x0000000082100000| Untracked 
|  34|0x0000000082200000, 0x0000000082300000, 0x0000000082300000|100%| O|  |TAMS 0x0000000082300000, 0x0000000082200000| Untracked 
|  35|0x0000000082300000, 0x0000000082400000, 0x0000000082400000|100%| O|  |TAMS 0x0000000082400000, 0x0000000082300000| Untracked 
|  36|0x0000000082400000, 0x0000000082500000, 0x0000000082500000|100%| O|  |TAMS 0x0000000082500000, 0x0000000082400000| Untracked 
|  37|0x0000000082500000, 0x0000000082600000, 0x0000000082600000|100%| O|  |TAMS 0x0000000082600000, 0x0000000082500000| Untracked 
|  38|0x0000000082600000, 0x0000000082700000, 0x0000000082700000|100%| O|  |TAMS 0x0000000082700000, 0x0000000082600000| Untracked 
|  39|0x0000000082700000, 0x0000000082800000, 0x0000000082800000|100%| O|  |TAMS 0x0000000082800000, 0x0000000082700000| Untracked 
|  40|0x0000000082800000, 0x0000000082900000, 0x0000000082900000|100%| O|  |TAMS 0x0000000082800000, 0x0000000082800000| Untracked 
|  41|0x0000000082900000, 0x0000000082a00000, 0x0000000082a00000|100%| O|  |TAMS 0x0000000082900000, 0x0000000082900000| Untracked 
|  42|0x0000000082a00000, 0x0000000082b00000, 0x0000000082b00000|100%| O|  |TAMS 0x0000000082a00000, 0x0000000082a00000| Untracked 
|  43|0x0000000082b00000, 0x0000000082c00000, 0x0000000082c00000|100%| O|  |TAMS 0x0000000082b00000, 0x0000000082b00000| Untracked 
|  44|0x0000000082c00000, 0x0000000082d00000, 0x0000000082d00000|100%| O|  |TAMS 0x0000000082c00000, 0x0000000082c00000| Untracked 
|  45|0x0000000082d00000, 0x0000000082e00000, 0x0000000082e00000|100%| O|  |TAMS 0x0000000082d00000, 0x0000000082d00000| Untracked 
|  46|0x0000000082e00000, 0x0000000082f00000, 0x0000000082f00000|100%| O|  |TAMS 0x0000000082e00000, 0x0000000082e00000| Untracked 
|  47|0x0000000082f00000, 0x0000000083000000, 0x0000000083000000|100%| O|  |TAMS 0x0000000082f00000, 0x0000000082f00000| Untracked 
|  48|0x0000000083000000, 0x0000000083100000, 0x0000000083100000|100%| O|  |TAMS 0x0000000083000000, 0x0000000083000000| Untracked 
|  49|0x0000000083100000, 0x0000000083200000, 0x0000000083200000|100%| O|  |TAMS 0x0000000083100000, 0x0000000083100000| Untracked 
|  50|0x0000000083200000, 0x0000000083300000, 0x0000000083300000|100%| O|  |TAMS 0x0000000083200000, 0x0000000083200000| Untracked 
|  51|0x0000000083300000, 0x0000000083400000, 0x0000000083400000|100%|HS|  |TAMS 0x0000000083300000, 0x0000000083300000| Complete 
|  52|0x0000000083400000, 0x0000000083500000, 0x0000000083500000|100%| O|  |TAMS 0x0000000083400000, 0x0000000083400000| Untracked 
|  53|0x0000000083500000, 0x0000000083592800, 0x0000000083600000| 57%| O|  |TAMS 0x0000000083500000, 0x0000000083500000| Untracked 
|  54|0x0000000083600000, 0x0000000083600000, 0x0000000083700000|  0%| F|  |TAMS 0x0000000083600000, 0x0000000083600000| Untracked 
|  55|0x0000000083700000, 0x0000000083700000, 0x0000000083800000|  0%| F|  |TAMS 0x0000000083700000, 0x0000000083700000| Untracked 
|  56|0x0000000083800000, 0x0000000083800000, 0x0000000083900000|  0%| F|  |TAMS 0x0000000083800000, 0x0000000083800000| Untracked 
|  57|0x0000000083900000, 0x0000000083900000, 0x0000000083a00000|  0%| F|  |TAMS 0x0000000083900000, 0x0000000083900000| Untracked 
|  58|0x0000000083a00000, 0x0000000083a00000, 0x0000000083b00000|  0%| F|  |TAMS 0x0000000083a00000, 0x0000000083a00000| Untracked 
|  59|0x0000000083b00000, 0x0000000083b00000, 0x0000000083c00000|  0%| F|  |TAMS 0x0000000083b00000, 0x0000000083b00000| Untracked 
|  60|0x0000000083c00000, 0x0000000083c00000, 0x0000000083d00000|  0%| F|  |TAMS 0x0000000083c00000, 0x0000000083c00000| Untracked 
|  61|0x0000000083d00000, 0x0000000083d00000, 0x0000000083e00000|  0%| F|  |TAMS 0x0000000083d00000, 0x0000000083d00000| Untracked 
|  62|0x0000000083e00000, 0x0000000083e00000, 0x0000000083f00000|  0%| F|  |TAMS 0x0000000083e00000, 0x0000000083e00000| Untracked 
|  63|0x0000000083f00000, 0x0000000083f00000, 0x0000000084000000|  0%| F|  |TAMS 0x0000000083f00000, 0x0000000083f00000| Untracked 
|  64|0x0000000084000000, 0x0000000084000000, 0x0000000084100000|  0%| F|  |TAMS 0x0000000084000000, 0x0000000084000000| Untracked 
|  65|0x0000000084100000, 0x0000000084100000, 0x0000000084200000|  0%| F|  |TAMS 0x0000000084100000, 0x0000000084100000| Untracked 
|  66|0x0000000084200000, 0x0000000084200000, 0x0000000084300000|  0%| F|  |TAMS 0x0000000084200000, 0x0000000084200000| Untracked 
|  67|0x0000000084300000, 0x0000000084300000, 0x0000000084400000|  0%| F|  |TAMS 0x0000000084300000, 0x0000000084300000| Untracked 
|  68|0x0000000084400000, 0x0000000084400000, 0x0000000084500000|  0%| F|  |TAMS 0x0000000084400000, 0x0000000084400000| Untracked 
|  69|0x0000000084500000, 0x0000000084500000, 0x0000000084600000|  0%| F|  |TAMS 0x0000000084500000, 0x0000000084500000| Untracked 
|  70|0x0000000084600000, 0x0000000084600000, 0x0000000084700000|  0%| F|  |TAMS 0x0000000084600000, 0x0000000084600000| Untracked 
|  71|0x0000000084700000, 0x0000000084700000, 0x0000000084800000|  0%| F|  |TAMS 0x0000000084700000, 0x0000000084700000| Untracked 
|  72|0x0000000084800000, 0x0000000084800000, 0x0000000084900000|  0%| F|  |TAMS 0x0000000084800000, 0x0000000084800000| Untracked 
|  73|0x0000000084900000, 0x0000000084900000, 0x0000000084a00000|  0%| F|  |TAMS 0x0000000084900000, 0x0000000084900000| Untracked 
|  74|0x0000000084a00000, 0x0000000084a00000, 0x0000000084b00000|  0%| F|  |TAMS 0x0000000084a00000, 0x0000000084a00000| Untracked 
|  75|0x0000000084b00000, 0x0000000084b00000, 0x0000000084c00000|  0%| F|  |TAMS 0x0000000084b00000, 0x0000000084b00000| Untracked 
|  76|0x0000000084c00000, 0x0000000084c00000, 0x0000000084d00000|  0%| F|  |TAMS 0x0000000084c00000, 0x0000000084c00000| Untracked 
|  77|0x0000000084d00000, 0x0000000084d00000, 0x0000000084e00000|  0%| F|  |TAMS 0x0000000084d00000, 0x0000000084d00000| Untracked 
|  78|0x0000000084e00000, 0x0000000084e00000, 0x0000000084f00000|  0%| F|  |TAMS 0x0000000084e00000, 0x0000000084e00000| Untracked 
|  79|0x0000000084f00000, 0x0000000084f00000, 0x0000000085000000|  0%| F|  |TAMS 0x0000000084f00000, 0x0000000084f00000| Untracked 
|  80|0x0000000085000000, 0x0000000085000000, 0x0000000085100000|  0%| F|  |TAMS 0x0000000085000000, 0x0000000085000000| Untracked 
|  81|0x0000000085100000, 0x0000000085100000, 0x0000000085200000|  0%| F|  |TAMS 0x0000000085100000, 0x0000000085100000| Untracked 
|  82|0x0000000085200000, 0x0000000085200000, 0x0000000085300000|  0%| F|  |TAMS 0x0000000085200000, 0x0000000085200000| Untracked 
|  83|0x0000000085300000, 0x0000000085300000, 0x0000000085400000|  0%| F|  |TAMS 0x0000000085300000, 0x0000000085300000| Untracked 
|  84|0x0000000085400000, 0x0000000085400000, 0x0000000085500000|  0%| F|  |TAMS 0x0000000085400000, 0x0000000085400000| Untracked 
|  85|0x0000000085500000, 0x0000000085500000, 0x0000000085600000|  0%| F|  |TAMS 0x0000000085500000, 0x0000000085500000| Untracked 
|  86|0x0000000085600000, 0x0000000085600000, 0x0000000085700000|  0%| F|  |TAMS 0x0000000085600000, 0x0000000085600000| Untracked 
|  87|0x0000000085700000, 0x0000000085700000, 0x0000000085800000|  0%| F|  |TAMS 0x0000000085700000, 0x0000000085700000| Untracked 
|  88|0x0000000085800000, 0x0000000085800000, 0x0000000085900000|  0%| F|  |TAMS 0x0000000085800000, 0x0000000085800000| Untracked 
|  89|0x0000000085900000, 0x0000000085900000, 0x0000000085a00000|  0%| F|  |TAMS 0x0000000085900000, 0x0000000085900000| Untracked 
|  90|0x0000000085a00000, 0x0000000085a00000, 0x0000000085b00000|  0%| F|  |TAMS 0x0000000085a00000, 0x0000000085a00000| Untracked 
|  91|0x0000000085b00000, 0x0000000085b00000, 0x0000000085c00000|  0%| F|  |TAMS 0x0000000085b00000, 0x0000000085b00000| Untracked 
|  92|0x0000000085c00000, 0x0000000085c00000, 0x0000000085d00000|  0%| F|  |TAMS 0x0000000085c00000, 0x0000000085c00000| Untracked 
|  93|0x0000000085d00000, 0x0000000085d00000, 0x0000000085e00000|  0%| F|  |TAMS 0x0000000085d00000, 0x0000000085d00000| Untracked 
|  94|0x0000000085e00000, 0x0000000085e00000, 0x0000000085f00000|  0%| F|  |TAMS 0x0000000085e00000, 0x0000000085e00000| Untracked 
|  95|0x0000000085f00000, 0x0000000085f00000, 0x0000000086000000|  0%| F|  |TAMS 0x0000000085f00000, 0x0000000085f00000| Untracked 
|  96|0x0000000086000000, 0x0000000086000000, 0x0000000086100000|  0%| F|  |TAMS 0x0000000086000000, 0x0000000086000000| Untracked 
|  97|0x0000000086100000, 0x0000000086100000, 0x0000000086200000|  0%| F|  |TAMS 0x0000000086100000, 0x0000000086100000| Untracked 
|  98|0x0000000086200000, 0x0000000086200000, 0x0000000086300000|  0%| F|  |TAMS 0x0000000086200000, 0x0000000086200000| Untracked 
|  99|0x0000000086300000, 0x0000000086300000, 0x0000000086400000|  0%| F|  |TAMS 0x0000000086300000, 0x0000000086300000| Untracked 
| 100|0x0000000086400000, 0x0000000086400000, 0x0000000086500000|  0%| F|  |TAMS 0x0000000086400000, 0x0000000086400000| Untracked 
| 101|0x0000000086500000, 0x0000000086500000, 0x0000000086600000|  0%| F|  |TAMS 0x0000000086500000, 0x0000000086500000| Untracked 
| 102|0x0000000086600000, 0x0000000086600000, 0x0000000086700000|  0%| F|  |TAMS 0x0000000086600000, 0x0000000086600000| Untracked 
| 103|0x0000000086700000, 0x0000000086700000, 0x0000000086800000|  0%| F|  |TAMS 0x0000000086700000, 0x0000000086700000| Untracked 
| 104|0x0000000086800000, 0x0000000086800000, 0x0000000086900000|  0%| F|  |TAMS 0x0000000086800000, 0x0000000086800000| Untracked 
| 105|0x0000000086900000, 0x0000000086900000, 0x0000000086a00000|  0%| F|  |TAMS 0x0000000086900000, 0x0000000086900000| Untracked 
| 106|0x0000000086a00000, 0x0000000086a00000, 0x0000000086b00000|  0%| F|  |TAMS 0x0000000086a00000, 0x0000000086a00000| Untracked 
| 107|0x0000000086b00000, 0x0000000086b00000, 0x0000000086c00000|  0%| F|  |TAMS 0x0000000086b00000, 0x0000000086b00000| Untracked 
| 108|0x0000000086c00000, 0x0000000086c00000, 0x0000000086d00000|  0%| F|  |TAMS 0x0000000086c00000, 0x0000000086c00000| Untracked 
| 109|0x0000000086d00000, 0x0000000086d00000, 0x0000000086e00000|  0%| F|  |TAMS 0x0000000086d00000, 0x0000000086d00000| Untracked 
| 110|0x0000000086e00000, 0x0000000086e00000, 0x0000000086f00000|  0%| F|  |TAMS 0x0000000086e00000, 0x0000000086e00000| Untracked 
| 111|0x0000000086f00000, 0x0000000086f00000, 0x0000000087000000|  0%| F|  |TAMS 0x0000000086f00000, 0x0000000086f00000| Untracked 
| 112|0x0000000087000000, 0x0000000087000000, 0x0000000087100000|  0%| F|  |TAMS 0x0000000087000000, 0x0000000087000000| Untracked 
| 113|0x0000000087100000, 0x0000000087100000, 0x0000000087200000|  0%| F|  |TAMS 0x0000000087100000, 0x0000000087100000| Untracked 
| 114|0x0000000087200000, 0x0000000087200000, 0x0000000087300000|  0%| F|  |TAMS 0x0000000087200000, 0x0000000087200000| Untracked 
| 115|0x0000000087300000, 0x0000000087300000, 0x0000000087400000|  0%| F|  |TAMS 0x0000000087300000, 0x0000000087300000| Untracked 
| 116|0x0000000087400000, 0x0000000087400000, 0x0000000087500000|  0%| F|  |TAMS 0x0000000087400000, 0x0000000087400000| Untracked 
| 117|0x0000000087500000, 0x0000000087500000, 0x0000000087600000|  0%| F|  |TAMS 0x0000000087500000, 0x0000000087500000| Untracked 
| 118|0x0000000087600000, 0x0000000087600000, 0x0000000087700000|  0%| F|  |TAMS 0x0000000087600000, 0x0000000087600000| Untracked 
| 119|0x0000000087700000, 0x0000000087700000, 0x0000000087800000|  0%| F|  |TAMS 0x0000000087700000, 0x0000000087700000| Untracked 
| 120|0x0000000087800000, 0x0000000087800000, 0x0000000087900000|  0%| F|  |TAMS 0x0000000087800000, 0x0000000087800000| Untracked 
| 121|0x0000000087900000, 0x0000000087900000, 0x0000000087a00000|  0%| F|  |TAMS 0x0000000087900000, 0x0000000087900000| Untracked 
| 122|0x0000000087a00000, 0x0000000087a00000, 0x0000000087b00000|  0%| F|  |TAMS 0x0000000087a00000, 0x0000000087a00000| Untracked 
| 123|0x0000000087b00000, 0x0000000087b00000, 0x0000000087c00000|  0%| F|  |TAMS 0x0000000087b00000, 0x0000000087b00000| Untracked 
| 124|0x0000000087c00000, 0x0000000087c00000, 0x0000000087d00000|  0%| F|  |TAMS 0x0000000087c00000, 0x0000000087c00000| Untracked 
| 125|0x0000000087d00000, 0x0000000087d00000, 0x0000000087e00000|  0%| F|  |TAMS 0x0000000087d00000, 0x0000000087d00000| Untracked 
| 126|0x0000000087e00000, 0x0000000087e00000, 0x0000000087f00000|  0%| F|  |TAMS 0x0000000087e00000, 0x0000000087e00000| Untracked 
| 127|0x0000000087f00000, 0x0000000087f00000, 0x0000000088000000|  0%| F|  |TAMS 0x0000000087f00000, 0x0000000087f00000| Untracked 
| 128|0x0000000088000000, 0x0000000088000000, 0x0000000088100000|  0%| F|  |TAMS 0x0000000088000000, 0x0000000088000000| Untracked 
| 129|0x0000000088100000, 0x0000000088100000, 0x0000000088200000|  0%| F|  |TAMS 0x0000000088100000, 0x0000000088100000| Untracked 
| 130|0x0000000088200000, 0x0000000088200000, 0x0000000088300000|  0%| F|  |TAMS 0x0000000088200000, 0x0000000088200000| Untracked 
| 131|0x0000000088300000, 0x0000000088300000, 0x0000000088400000|  0%| F|  |TAMS 0x0000000088300000, 0x0000000088300000| Untracked 
| 132|0x0000000088400000, 0x0000000088400000, 0x0000000088500000|  0%| F|  |TAMS 0x0000000088400000, 0x0000000088400000| Untracked 
| 133|0x0000000088500000, 0x0000000088500000, 0x0000000088600000|  0%| F|  |TAMS 0x0000000088500000, 0x0000000088500000| Untracked 
| 134|0x0000000088600000, 0x0000000088600000, 0x0000000088700000|  0%| F|  |TAMS 0x0000000088600000, 0x0000000088600000| Untracked 
| 135|0x0000000088700000, 0x0000000088700000, 0x0000000088800000|  0%| F|  |TAMS 0x0000000088700000, 0x0000000088700000| Untracked 
| 136|0x0000000088800000, 0x0000000088800000, 0x0000000088900000|  0%| F|  |TAMS 0x0000000088800000, 0x0000000088800000| Untracked 
| 137|0x0000000088900000, 0x0000000088900000, 0x0000000088a00000|  0%| F|  |TAMS 0x0000000088900000, 0x0000000088900000| Untracked 
| 138|0x0000000088a00000, 0x0000000088a00000, 0x0000000088b00000|  0%| F|  |TAMS 0x0000000088a00000, 0x0000000088a00000| Untracked 
| 139|0x0000000088b00000, 0x0000000088b00000, 0x0000000088c00000|  0%| F|  |TAMS 0x0000000088b00000, 0x0000000088b00000| Untracked 
| 140|0x0000000088c00000, 0x0000000088cb7af8, 0x0000000088d00000| 71%| S|CS|TAMS 0x0000000088c00000, 0x0000000088c00000| Complete 
| 141|0x0000000088d00000, 0x0000000088e00000, 0x0000000088e00000|100%| S|CS|TAMS 0x0000000088d00000, 0x0000000088d00000| Complete 
| 142|0x0000000088e00000, 0x0000000088f00000, 0x0000000088f00000|100%| S|CS|TAMS 0x0000000088e00000, 0x0000000088e00000| Complete 
| 143|0x0000000088f00000, 0x0000000089000000, 0x0000000089000000|100%| S|CS|TAMS 0x0000000088f00000, 0x0000000088f00000| Complete 
| 144|0x0000000089000000, 0x0000000089100000, 0x0000000089100000|100%| S|CS|TAMS 0x0000000089000000, 0x0000000089000000| Complete 
| 145|0x0000000089100000, 0x0000000089200000, 0x0000000089200000|100%| S|CS|TAMS 0x0000000089100000, 0x0000000089100000| Complete 
| 146|0x0000000089200000, 0x0000000089200000, 0x0000000089300000|  0%| F|  |TAMS 0x0000000089200000, 0x0000000089200000| Untracked 
| 147|0x0000000089300000, 0x0000000089300000, 0x0000000089400000|  0%| F|  |TAMS 0x0000000089300000, 0x0000000089300000| Untracked 
| 148|0x0000000089400000, 0x0000000089400000, 0x0000000089500000|  0%| F|  |TAMS 0x0000000089400000, 0x0000000089400000| Untracked 
| 149|0x0000000089500000, 0x0000000089500000, 0x0000000089600000|  0%| F|  |TAMS 0x0000000089500000, 0x0000000089500000| Untracked 
| 150|0x0000000089600000, 0x0000000089600000, 0x0000000089700000|  0%| F|  |TAMS 0x0000000089600000, 0x0000000089600000| Untracked 
| 151|0x0000000089700000, 0x0000000089700000, 0x0000000089800000|  0%| F|  |TAMS 0x0000000089700000, 0x0000000089700000| Untracked 
| 152|0x0000000089800000, 0x0000000089800000, 0x0000000089900000|  0%| F|  |TAMS 0x0000000089800000, 0x0000000089800000| Untracked 
| 153|0x0000000089900000, 0x0000000089900000, 0x0000000089a00000|  0%| F|  |TAMS 0x0000000089900000, 0x0000000089900000| Untracked 
| 154|0x0000000089a00000, 0x0000000089a00000, 0x0000000089b00000|  0%| F|  |TAMS 0x0000000089a00000, 0x0000000089a00000| Untracked 
| 155|0x0000000089b00000, 0x0000000089b00000, 0x0000000089c00000|  0%| F|  |TAMS 0x0000000089b00000, 0x0000000089b00000| Untracked 
| 156|0x0000000089c00000, 0x0000000089c00000, 0x0000000089d00000|  0%| F|  |TAMS 0x0000000089c00000, 0x0000000089c00000| Untracked 
| 157|0x0000000089d00000, 0x0000000089d00000, 0x0000000089e00000|  0%| F|  |TAMS 0x0000000089d00000, 0x0000000089d00000| Untracked 
| 158|0x0000000089e00000, 0x0000000089e00000, 0x0000000089f00000|  0%| F|  |TAMS 0x0000000089e00000, 0x0000000089e00000| Untracked 
| 159|0x0000000089f00000, 0x0000000089f00000, 0x000000008a000000|  0%| F|  |TAMS 0x0000000089f00000, 0x0000000089f00000| Untracked 
| 160|0x000000008a000000, 0x000000008a000000, 0x000000008a100000|  0%| F|  |TAMS 0x000000008a000000, 0x000000008a000000| Untracked 
| 161|0x000000008a100000, 0x000000008a100000, 0x000000008a200000|  0%| F|  |TAMS 0x000000008a100000, 0x000000008a100000| Untracked 
| 162|0x000000008a200000, 0x000000008a200000, 0x000000008a300000|  0%| F|  |TAMS 0x000000008a200000, 0x000000008a200000| Untracked 
| 163|0x000000008a300000, 0x000000008a300000, 0x000000008a400000|  0%| F|  |TAMS 0x000000008a300000, 0x000000008a300000| Untracked 
| 164|0x000000008a400000, 0x000000008a400000, 0x000000008a500000|  0%| F|  |TAMS 0x000000008a400000, 0x000000008a400000| Untracked 
| 165|0x000000008a500000, 0x000000008a500000, 0x000000008a600000|  0%| F|  |TAMS 0x000000008a500000, 0x000000008a500000| Untracked 
| 166|0x000000008a600000, 0x000000008a600000, 0x000000008a700000|  0%| F|  |TAMS 0x000000008a600000, 0x000000008a600000| Untracked 
| 167|0x000000008a700000, 0x000000008a700000, 0x000000008a800000|  0%| F|  |TAMS 0x000000008a700000, 0x000000008a700000| Untracked 
| 168|0x000000008a800000, 0x000000008a800000, 0x000000008a900000|  0%| F|  |TAMS 0x000000008a800000, 0x000000008a800000| Untracked 
| 169|0x000000008a900000, 0x000000008a900000, 0x000000008aa00000|  0%| F|  |TAMS 0x000000008a900000, 0x000000008a900000| Untracked 
| 170|0x000000008aa00000, 0x000000008aa00000, 0x000000008ab00000|  0%| F|  |TAMS 0x000000008aa00000, 0x000000008aa00000| Untracked 
| 171|0x000000008ab00000, 0x000000008ab00000, 0x000000008ac00000|  0%| F|  |TAMS 0x000000008ab00000, 0x000000008ab00000| Untracked 
| 172|0x000000008ac00000, 0x000000008ac00000, 0x000000008ad00000|  0%| F|  |TAMS 0x000000008ac00000, 0x000000008ac00000| Untracked 
| 173|0x000000008ad00000, 0x000000008ad00000, 0x000000008ae00000|  0%| F|  |TAMS 0x000000008ad00000, 0x000000008ad00000| Untracked 
| 174|0x000000008ae00000, 0x000000008ae00000, 0x000000008af00000|  0%| F|  |TAMS 0x000000008ae00000, 0x000000008ae00000| Untracked 
| 175|0x000000008af00000, 0x000000008af00000, 0x000000008b000000|  0%| F|  |TAMS 0x000000008af00000, 0x000000008af00000| Untracked 
| 176|0x000000008b000000, 0x000000008b000000, 0x000000008b100000|  0%| F|  |TAMS 0x000000008b000000, 0x000000008b000000| Untracked 
| 177|0x000000008b100000, 0x000000008b100000, 0x000000008b200000|  0%| F|  |TAMS 0x000000008b100000, 0x000000008b100000| Untracked 
| 178|0x000000008b200000, 0x000000008b200000, 0x000000008b300000|  0%| F|  |TAMS 0x000000008b200000, 0x000000008b200000| Untracked 
| 179|0x000000008b300000, 0x000000008b300000, 0x000000008b400000|  0%| F|  |TAMS 0x000000008b300000, 0x000000008b300000| Untracked 
| 180|0x000000008b400000, 0x000000008b400000, 0x000000008b500000|  0%| F|  |TAMS 0x000000008b400000, 0x000000008b400000| Untracked 
| 181|0x000000008b500000, 0x000000008b500000, 0x000000008b600000|  0%| F|  |TAMS 0x000000008b500000, 0x000000008b500000| Untracked 
| 182|0x000000008b600000, 0x000000008b600000, 0x000000008b700000|  0%| F|  |TAMS 0x000000008b600000, 0x000000008b600000| Untracked 
| 183|0x000000008b700000, 0x000000008b700000, 0x000000008b800000|  0%| F|  |TAMS 0x000000008b700000, 0x000000008b700000| Untracked 
| 184|0x000000008b800000, 0x000000008b800000, 0x000000008b900000|  0%| F|  |TAMS 0x000000008b800000, 0x000000008b800000| Untracked 
| 185|0x000000008b900000, 0x000000008b900000, 0x000000008ba00000|  0%| F|  |TAMS 0x000000008b900000, 0x000000008b900000| Untracked 
| 186|0x000000008ba00000, 0x000000008ba00000, 0x000000008bb00000|  0%| F|  |TAMS 0x000000008ba00000, 0x000000008ba00000| Untracked 
| 187|0x000000008bb00000, 0x000000008bb00000, 0x000000008bc00000|  0%| F|  |TAMS 0x000000008bb00000, 0x000000008bb00000| Untracked 
| 188|0x000000008bc00000, 0x000000008bc00000, 0x000000008bd00000|  0%| F|  |TAMS 0x000000008bc00000, 0x000000008bc00000| Untracked 
| 189|0x000000008bd00000, 0x000000008bd00000, 0x000000008be00000|  0%| F|  |TAMS 0x000000008bd00000, 0x000000008bd00000| Untracked 
| 190|0x000000008be00000, 0x000000008be00000, 0x000000008bf00000|  0%| F|  |TAMS 0x000000008be00000, 0x000000008be00000| Untracked 
| 191|0x000000008bf00000, 0x000000008bf00000, 0x000000008c000000|  0%| F|  |TAMS 0x000000008bf00000, 0x000000008bf00000| Untracked 
| 192|0x000000008c000000, 0x000000008c000000, 0x000000008c100000|  0%| F|  |TAMS 0x000000008c000000, 0x000000008c000000| Untracked 
| 193|0x000000008c100000, 0x000000008c100000, 0x000000008c200000|  0%| F|  |TAMS 0x000000008c100000, 0x000000008c100000| Untracked 
| 194|0x000000008c200000, 0x000000008c200000, 0x000000008c300000|  0%| F|  |TAMS 0x000000008c200000, 0x000000008c200000| Untracked 
| 195|0x000000008c300000, 0x000000008c300000, 0x000000008c400000|  0%| F|  |TAMS 0x000000008c300000, 0x000000008c300000| Untracked 

Card table byte_map: [0x00007fb8f6afe000,0x00007fb8f6efe000] _byte_map_base: 0x00007fb8f66fe000

Marking Bits (Prev, Next): (CMBitMap*) 0x00007fb910058ee0, (CMBitMap*) 0x00007fb910058ea8
 Prev Bits: [0x00007fb8ee000000, 0x00007fb8f0000000)
 Next Bits: [0x00007fb8f46fe000, 0x00007fb8f66fe000)

Polling page: 0x00007fb916f7d000

Metaspace:

Usage:
  Non-class:      4.32 MB capacity,   957.96 KB ( 22%) used,     3.39 MB ( 78%) free+waste,   768 bytes ( <1%) overhead. 
      Class:    428.00 KB capacity,    71.25 KB ( 17%) used,   356.19 KB ( 83%) free+waste,   576 bytes ( <1%) overhead. 
       Both:      4.74 MB capacity,     1.01 MB ( 21%) used,     3.74 MB ( 79%) free+waste,     1.31 KB ( <1%) overhead. 

Virtual space:
  Non-class space:        8.00 MB reserved,       4.50 MB ( 56%) committed 
      Class space:        1.00 GB reserved,     512.00 KB ( <1%) committed 
             Both:        1.01 GB reserved,       5.00 MB ( <1%) committed 

Chunk freelists:
   Non-Class:  60.00 KB
       Class:  20.00 KB
        Both:  80.00 KB

MaxMetaspaceSize: unlimited
CompressedClassSpaceSize: 1.00 GB

CodeHeap 'non-profiled nmethods': size=120036Kb used=266Kb max_used=266Kb free=119769Kb
 bounds [0x00007fb8ff2b5000, 0x00007fb8ff525000, 0x00007fb9067ee000]
CodeHeap 'profiled nmethods': size=120032Kb used=724Kb max_used=724Kb free=119307Kb
 bounds [0x00007fb8f7d7d000, 0x00007fb8f7fed000, 0x00007fb8ff2b5000]
CodeHeap 'non-nmethods': size=5692Kb used=1045Kb max_used=1078Kb free=4647Kb
 bounds [0x00007fb8f77ee000, 0x00007fb8f7a5e000, 0x00007fb8f7d7d000]
 total_blobs=691 nmethods=354 adapters=250
 compilation: enabled
              stopped_count=0, restarted_count=0
 full_count=0

Compilation events (20 events):
Event: 2.369 Thread 0x00007fb91012c800 nmethod 353 0x00007fb8ff2e9390 code [0x00007fb8ff2e9560, 0x00007fb8ff2e9f08]
Event: 2.369 Thread 0x00007fb91012c800  356       4       java.util.Hashtable::rehash (142 bytes)
Event: 2.389 Thread 0x00007fb91012c800 nmethod 356 0x00007fb8ff2ea290 code [0x00007fb8ff2ea460, 0x00007fb8ff2eab58]
Event: 2.389 Thread 0x00007fb91012c800  357 % !   4       edu.cmu.meteor.aligner.ParaphraseTransducer::<init> @ 76 (267 bytes)
Event: 2.497 Thread 0x00007fb91012e800  359       3       java.lang.StringUTF16::newString (50 bytes)
Event: 2.499 Thread 0x00007fb91012e800 nmethod 359 0x00007fb8f7e27c10 code [0x00007fb8f7e27e20, 0x00007fb8f7e28470]
Event: 2.499 Thread 0x00007fb91012e800  360       3       java.lang.StringUTF16::compress (20 bytes)
Event: 2.499 Thread 0x00007fb91012e800 nmethod 360 0x00007fb8f7e28690 code [0x00007fb8f7e28860, 0x00007fb8f7e28a80]
Event: 2.695 Thread 0x00007fb91012e800  361       3       java.lang.StringUTF16::checkBoundsOffCount (10 bytes)
Event: 2.696 Thread 0x00007fb91012e800 nmethod 361 0x00007fb8f7e28b90 code [0x00007fb8f7e28d60, 0x00007fb8f7e28ec0]
Event: 2.719 Thread 0x00007fb91012e800  362       3       java.lang.StringUTF16::compress (59 bytes)
Event: 2.721 Thread 0x00007fb91012e800 nmethod 362 0x00007fb8f7e29010 code [0x00007fb8f7e291e0, 0x00007fb8f7e29520]
Event: 2.958 Thread 0x00007fb91012c800 nmethod 357% 0x00007fb8ff2ead90 code [0x00007fb8ff2eb300, 0x00007fb8ff2f0810]
Event: 2.958 Thread 0x00007fb91012c800  335       4       edu.cmu.meteor.aligner.ParaphraseTransducer$State::addPath (104 bytes)
Event: 3.006 Thread 0x00007fb91012e800  365       3       sun.nio.cs.UTF_8$Decoder::decodeArrayLoop (691 bytes)
Event: 3.025 Thread 0x00007fb91012e800 nmethod 365 0x00007fb8f7e29710 code [0x00007fb8f7e2a0e0, 0x00007fb8f7e30680]
Event: 3.034 Thread 0x00007fb91012c800 nmethod 335 0x00007fb8ff2f3890 code [0x00007fb8ff2f3b40, 0x00007fb8ff2f5200]
Event: 3.034 Thread 0x00007fb91012c800  367       4       sun.nio.cs.UTF_8$Decoder::decodeArrayLoop (691 bytes)
Event: 3.117 Thread 0x00007fb91012c800 nmethod 367 0x00007fb8ff2f5c10 code [0x00007fb8ff2f5e80, 0x00007fb8ff2f6cd0]
Event: 3.117 Thread 0x00007fb91012c800  364 % !   4       edu.cmu.meteor.aligner.ParaphraseTransducer::<init> @ 163 (267 bytes)

GC Heap History (20 events):
Event: 0.918 GC heap after
{Heap after GC invocations=3 (full 0):
 garbage-first heap   total 32768K, used 10240K [0x0000000080000000, 0x0000000100000000)
  region size 1024K, 1 young (1024K), 1 survivors (1024K)
 Metaspace       used 923K, capacity 4856K, committed 5120K, reserved 1056768K
  class space    used 65K, capacity 428K, committed 512K, reserved 1048576K
}
Event: 0.955 GC heap before
{Heap before GC invocations=3 (full 0):
 garbage-first heap   total 32768K, used 15360K [0x0000000080000000, 0x0000000100000000)
  region size 1024K, 6 young (6144K), 1 survivors (1024K)
 Metaspace       used 924K, capacity 4856K, committed 5120K, reserved 1056768K
  class space    used 65K, capacity 428K, committed 512K, reserved 1048576K
}
Event: 0.994 GC heap after
{Heap after GC invocations=4 (full 0):
 garbage-first heap   total 32768K, used 13788K [0x0000000080000000, 0x0000000100000000)
  region size 1024K, 1 young (1024K), 1 survivors (1024K)
 Metaspace       used 924K, capacity 4856K, committed 5120K, reserved 1056768K
  class space    used 65K, capacity 428K, committed 512K, reserved 1048576K
}
Event: 1.056 GC heap before
{Heap before GC invocations=4 (full 0):
 garbage-first heap   total 32768K, used 17884K [0x0000000080000000, 0x0000000100000000)
  region size 1024K, 5 young (5120K), 1 survivors (1024K)
 Metaspace       used 936K, capacity 4856K, committed 5120K, reserved 1056768K
  class space    used 65K, capacity 428K, committed 512K, reserved 1048576K
}
Event: 1.072 GC heap after
{Heap after GC invocations=5 (full 0):
 garbage-first heap   total 67584K, used 17018K [0x0000000080000000, 0x0000000100000000)
  region size 1024K, 1 young (1024K), 1 survivors (1024K)
 Metaspace       used 936K, capacity 4856K, committed 5120K, reserved 1056768K
  class space    used 65K, capacity 428K, committed 512K, reserved 1048576K
}
Event: 1.364 GC heap before
{Heap before GC invocations=5 (full 0):
 garbage-first heap   total 67584K, used 31354K [0x0000000080000000, 0x0000000100000000)
  region size 1024K, 14 young (14336K), 1 survivors (1024K)
 Metaspace       used 947K, capacity 4856K, committed 5120K, reserved 1056768K
  class space    used 65K, capacity 428K, committed 512K, reserved 1048576K
}
Event: 1.469 GC heap after
{Heap after GC invocations=6 (full 0):
 garbage-first heap   total 67584K, used 27219K [0x0000000080000000, 0x0000000100000000)
  region size 1024K, 2 young (2048K), 2 survivors (2048K)
 Metaspace       used 947K, capacity 4856K, committed 5120K, reserved 1056768K
  class space    used 65K, capacity 428K, committed 512K, reserved 1048576K
}
Event: 1.520 GC heap before
{Heap before GC invocations=6 (full 0):
 garbage-first heap   total 67584K, used 37459K [0x0000000080000000, 0x0000000100000000)
  region size 1024K, 12 young (12288K), 2 survivors (2048K)
 Metaspace       used 957K, capacity 4856K, committed 5120K, reserved 1056768K
  class space    used 65K, capacity 428K, committed 512K, reserved 1048576K
}
Event: 1.556 GC heap after
{Heap after GC invocations=7 (full 0):
 garbage-first heap   total 67584K, used 35840K [0x0000000080000000, 0x0000000100000000)
  region size 1024K, 2 young (2048K), 2 survivors (2048K)
 Metaspace       used 957K, capacity 4856K, committed 5120K, reserved 1056768K
  class space    used 65K, capacity 428K, committed 512K, reserved 1048576K
}
Event: 1.596 GC heap before
{Heap before GC invocations=7 (full 0):
 garbage-first heap   total 67584K, used 44032K [0x0000000080000000, 0x0000000100000000)
  region size 1024K, 10 young (10240K), 2 survivors (2048K)
 Metaspace       used 959K, capacity 4856K, committed 5120K, reserved 1056768K
  class space    used 65K, capacity 428K, committed 512K, reserved 1048576K
}
Event: 1.655 GC heap after
{Heap after GC invocations=8 (full 0):
 garbage-first heap   total 67584K, used 43008K [0x0000000080000000, 0x0000000100000000)
  region size 1024K, 2 young (2048K), 2 survivors (2048K)
 Metaspace       used 959K, capacity 4856K, committed 5120K, reserved 1056768K
  class space    used 65K, capacity 428K, committed 512K, reserved 1048576K
}
Event: 1.691 GC heap before
{Heap before GC invocations=8 (full 0):
 garbage-first heap   total 67584K, used 49152K [0x0000000080000000, 0x0000000100000000)
  region size 1024K, 8 young (8192K), 2 survivors (2048K)
 Metaspace       used 960K, capacity 4856K, committed 5120K, reserved 1056768K
  class space    used 65K, capacity 428K, committed 512K, reserved 1048576K
}
Event: 1.739 GC heap after
{Heap after GC invocations=9 (full 0):
 garbage-first heap   total 200704K, used 48128K [0x0000000080000000, 0x0000000100000000)
  region size 1024K, 1 young (1024K), 1 survivors (1024K)
 Metaspace       used 960K, capacity 4856K, committed 5120K, reserved 1056768K
  class space    used 65K, capacity 428K, committed 512K, reserved 1048576K
}
Event: 2.267 GC heap before
{Heap before GC invocations=10 (full 0):
 garbage-first heap   total 200704K, used 63488K [0x0000000080000000, 0x0000000100000000)
  region size 1024K, 16 young (16384K), 1 survivors (1024K)
 Metaspace       used 1027K, capacity 4856K, committed 5120K, reserved 1056768K
  class space    used 71K, capacity 428K, committed 512K, reserved 1048576K
}
Event: 2.291 GC heap after
{Heap after GC invocations=11 (full 0):
 garbage-first heap   total 200704K, used 51599K [0x0000000080000000, 0x0000000100000000)
  region size 1024K, 2 young (2048K), 2 survivors (2048K)
 Metaspace       used 1027K, capacity 4856K, committed 5120K, reserved 1056768K
  class space    used 71K, capacity 428K, committed 512K, reserved 1048576K
}
Event: 2.506 GC heap before
{Heap before GC invocations=11 (full 0):
 garbage-first heap   total 200704K, used 75151K [0x0000000080000000, 0x0000000100000000)
  region size 1024K, 25 young (25600K), 2 survivors (2048K)
 Metaspace       used 1028K, capacity 4856K, committed 5120K, reserved 1056768K
  class space    used 71K, capacity 428K, committed 512K, reserved 1048576K
}
Event: 2.531 GC heap after
{Heap after GC invocations=12 (full 0):
 garbage-first heap   total 200704K, used 53828K [0x0000000080000000, 0x0000000100000000)
  region size 1024K, 4 young (4096K), 4 survivors (4096K)
 Metaspace       used 1028K, capacity 4856K, committed 5120K, reserved 1056768K
  class space    used 71K, capacity 428K, committed 512K, reserved 1048576K
}
Event: 2.834 GC heap before
{Heap before GC invocations=12 (full 0):
 garbage-first heap   total 200704K, used 88644K [0x0000000080000000, 0x0000000100000000)
  region size 1024K, 38 young (38912K), 4 survivors (4096K)
 Metaspace       used 1029K, capacity 4856K, committed 5120K, reserved 1056768K
  class space    used 71K, capacity 428K, committed 512K, reserved 1048576K
}
Event: 2.882 GC heap after
{Heap after GC invocations=13 (full 0):
 garbage-first heap   total 200704K, used 57023K [0x0000000080000000, 0x0000000100000000)
  region size 1024K, 5 young (5120K), 5 survivors (5120K)
 Metaspace       used 1029K, capacity 4856K, committed 5120K, reserved 1056768K
  class space    used 71K, capacity 428K, committed 512K, reserved 1048576K
}
Event: 3.287 GC heap before
{Heap before GC invocations=13 (full 0):
 garbage-first heap   total 200704K, used 104127K [0x0000000080000000, 0x0000000100000000)
  region size 1024K, 50 young (51200K), 5 survivors (5120K)
 Metaspace       used 1029K, capacity 4856K, committed 5120K, reserved 1056768K
  class space    used 71K, capacity 428K, committed 512K, reserved 1048576K
}

Deoptimization events (20 events):
Event: 3.112 Thread 0x00007fb910017000 DEOPT PACKING pc=0x00007fb8f7e2f66f sp=0x00007fb916f72040
Event: 3.112 Thread 0x00007fb910017000 DEOPT UNPACKING pc=0x00007fb8f781404a sp=0x00007fb916f715e8 mode 0
Event: 3.112 Thread 0x00007fb910017000 DEOPT PACKING pc=0x00007fb8f7e2f66f sp=0x00007fb916f72040
Event: 3.112 Thread 0x00007fb910017000 DEOPT UNPACKING pc=0x00007fb8f781404a sp=0x00007fb916f715e8 mode 0
Event: 3.113 Thread 0x00007fb910017000 DEOPT PACKING pc=0x00007fb8f7e2f66f sp=0x00007fb916f72040
Event: 3.113 Thread 0x00007fb910017000 DEOPT UNPACKING pc=0x00007fb8f781404a sp=0x00007fb916f715e8 mode 0
Event: 3.113 Thread 0x00007fb910017000 DEOPT PACKING pc=0x00007fb8f7e2f66f sp=0x00007fb916f72040
Event: 3.113 Thread 0x00007fb910017000 DEOPT UNPACKING pc=0x00007fb8f781404a sp=0x00007fb916f715e8 mode 0
Event: 3.114 Thread 0x00007fb910017000 DEOPT PACKING pc=0x00007fb8f7e2f66f sp=0x00007fb916f72040
Event: 3.114 Thread 0x00007fb910017000 DEOPT UNPACKING pc=0x00007fb8f781404a sp=0x00007fb916f715e8 mode 0
Event: 3.114 Thread 0x00007fb910017000 DEOPT PACKING pc=0x00007fb8f7e2f66f sp=0x00007fb916f72040
Event: 3.114 Thread 0x00007fb910017000 DEOPT UNPACKING pc=0x00007fb8f781404a sp=0x00007fb916f715e8 mode 0
Event: 3.115 Thread 0x00007fb910017000 DEOPT PACKING pc=0x00007fb8f7e2f66f sp=0x00007fb916f72040
Event: 3.115 Thread 0x00007fb910017000 DEOPT UNPACKING pc=0x00007fb8f781404a sp=0x00007fb916f715e8 mode 0
Event: 3.115 Thread 0x00007fb910017000 DEOPT PACKING pc=0x00007fb8f7e2f66f sp=0x00007fb916f72040
Event: 3.115 Thread 0x00007fb910017000 DEOPT UNPACKING pc=0x00007fb8f781404a sp=0x00007fb916f715e8 mode 0
Event: 3.116 Thread 0x00007fb910017000 DEOPT PACKING pc=0x00007fb8f7e2f66f sp=0x00007fb916f72040
Event: 3.116 Thread 0x00007fb910017000 DEOPT UNPACKING pc=0x00007fb8f781404a sp=0x00007fb916f715e8 mode 0
Event: 3.116 Thread 0x00007fb910017000 DEOPT PACKING pc=0x00007fb8f7e2f66f sp=0x00007fb916f72040
Event: 3.116 Thread 0x00007fb910017000 DEOPT UNPACKING pc=0x00007fb8f781404a sp=0x00007fb916f715e8 mode 0

Classes redefined (0 events):
No events

Internal exceptions (0 events):
No events

Events (20 events):
Event: 1.832 Executing VM operation: RevokeBias done
Event: 1.835 Executing VM operation: RevokeBias
Event: 1.835 Executing VM operation: RevokeBias done
Event: 1.835 Executing VM operation: RevokeBias
Event: 1.835 Executing VM operation: RevokeBias done
Event: 1.837 Executing VM operation: RevokeBias
Event: 1.845 Executing VM operation: RevokeBias done
Event: 1.937 Executing VM operation: CGC_Operation
Event: 1.958 Executing VM operation: CGC_Operation done
Event: 2.069 Executing VM operation: RevokeBias
Event: 2.070 Executing VM operation: RevokeBias done
Event: 2.145 Executing VM operation: CGC_Operation
Event: 2.146 Executing VM operation: CGC_Operation done
Event: 2.267 Executing VM operation: G1CollectForAllocation
Event: 2.291 Executing VM operation: G1CollectForAllocation done
Event: 2.506 Executing VM operation: G1CollectForAllocation
Event: 2.531 Executing VM operation: G1CollectForAllocation done
Event: 2.834 Executing VM operation: G1CollectForAllocation
Event: 2.882 Executing VM operation: G1CollectForAllocation done
Event: 3.287 Executing VM operation: G1CollectForAllocation


Dynamic libraries:
80000000-8c400000 rw-p 00000000 00:00 0 
9ce00000-100000000 ---p 00000000 00:00 0 
800000000-800002000 rwxp 00001000 08:02 288183                           /usr/lib/jvm/java-11-openjdk-amd64/lib/server/classes.jsa
800002000-8003b9000 rw-p 00003000 08:02 288183                           /usr/lib/jvm/java-11-openjdk-amd64/lib/server/classes.jsa
8003b9000-800a82000 r--p 003ba000 08:02 288183                           /usr/lib/jvm/java-11-openjdk-amd64/lib/server/classes.jsa
800a82000-800a83000 rw-p 00a83000 08:02 288183                           /usr/lib/jvm/java-11-openjdk-amd64/lib/server/classes.jsa
800a83000-801091000 r--p 00a84000 08:02 288183                           /usr/lib/jvm/java-11-openjdk-amd64/lib/server/classes.jsa
840000000-840080000 rw-p 00000000 00:00 0 
840080000-880000000 ---p 00000000 00:00 0 
5649a6c27000-5649a6c28000 r-xp 00000000 08:02 282121                     /usr/lib/jvm/java-11-openjdk-amd64/bin/java
5649a6e28000-5649a6e29000 r--p 00001000 08:02 282121                     /usr/lib/jvm/java-11-openjdk-amd64/bin/java
5649a6e29000-5649a6e2a000 rw-p 00002000 08:02 282121                     /usr/lib/jvm/java-11-openjdk-amd64/bin/java
5649a8c05000-5649a8c26000 rw-p 00000000 00:00 0                          [heap]
7fb8a0000000-7fb8a0021000 rw-p 00000000 00:00 0 
7fb8a0021000-7fb8a4000000 ---p 00000000 00:00 0 
7fb8a8000000-7fb8a8021000 rw-p 00000000 00:00 0 
7fb8a8021000-7fb8ac000000 ---p 00000000 00:00 0 
7fb8ac000000-7fb8ac021000 rw-p 00000000 00:00 0 
7fb8ac021000-7fb8b0000000 ---p 00000000 00:00 0 
7fb8b0000000-7fb8b0021000 rw-p 00000000 00:00 0 
7fb8b0021000-7fb8b4000000 ---p 00000000 00:00 0 
7fb8b4000000-7fb8b4021000 rw-p 00000000 00:00 0 
7fb8b4021000-7fb8b8000000 ---p 00000000 00:00 0 
7fb8b8000000-7fb8b825a000 rw-p 00000000 00:00 0 
7fb8b825a000-7fb8bc000000 ---p 00000000 00:00 0 
7fb8bc000000-7fb8bc021000 rw-p 00000000 00:00 0 
7fb8bc021000-7fb8c0000000 ---p 00000000 00:00 0 
7fb8c0000000-7fb8c0021000 rw-p 00000000 00:00 0 
7fb8c0021000-7fb8c4000000 ---p 00000000 00:00 0 
7fb8c4000000-7fb8c4f3f000 rw-p 00000000 00:00 0 
7fb8c4f3f000-7fb8c8000000 ---p 00000000 00:00 0 
7fb8c8000000-7fb8c8021000 rw-p 00000000 00:00 0 
7fb8c8021000-7fb8cc000000 ---p 00000000 00:00 0 
7fb8cc000000-7fb8cc021000 rw-p 00000000 00:00 0 
7fb8cc021000-7fb8d0000000 ---p 00000000 00:00 0 
7fb8d0000000-7fb8d0094000 rw-p 00000000 00:00 0 
7fb8d0094000-7fb8d4000000 ---p 00000000 00:00 0 
7fb8d4000000-7fb8d4021000 rw-p 00000000 00:00 0 
7fb8d4021000-7fb8d8000000 ---p 00000000 00:00 0 
7fb8d8000000-7fb8d8021000 rw-p 00000000 00:00 0 
7fb8d8021000-7fb8dc000000 ---p 00000000 00:00 0 
7fb8de429000-7fb8de42a000 ---p 00000000 00:00 0 
7fb8de42a000-7fb8de52b000 rw-p 00000000 00:00 0 
7fb8de52b000-7fb8de52c000 ---p 00000000 00:00 0 
7fb8de52c000-7fb8de62d000 rw-p 00000000 00:00 0 
7fb8de62d000-7fb8de62e000 ---p 00000000 00:00 0 
7fb8de62e000-7fb8de72f000 rw-p 00000000 00:00 0 
7fb8de72f000-7fb8de745000 r-xp 00000000 08:02 282192                     /usr/lib/jvm/java-11-openjdk-amd64/lib/libnet.so
7fb8de745000-7fb8de944000 ---p 00016000 08:02 282192                     /usr/lib/jvm/java-11-openjdk-amd64/lib/libnet.so
7fb8de944000-7fb8de945000 r--p 00015000 08:02 282192                     /usr/lib/jvm/java-11-openjdk-amd64/lib/libnet.so
7fb8de945000-7fb8de946000 rw-p 00016000 08:02 282192                     /usr/lib/jvm/java-11-openjdk-amd64/lib/libnet.so
7fb8de946000-7fb8de956000 r-xp 00000000 08:02 282193                     /usr/lib/jvm/java-11-openjdk-amd64/lib/libnio.so
7fb8de956000-7fb8deb55000 ---p 00010000 08:02 282193                     /usr/lib/jvm/java-11-openjdk-amd64/lib/libnio.so
7fb8deb55000-7fb8deb56000 r--p 0000f000 08:02 282193                     /usr/lib/jvm/java-11-openjdk-amd64/lib/libnio.so
7fb8deb56000-7fb8deb57000 rw-p 00010000 08:02 282193                     /usr/lib/jvm/java-11-openjdk-amd64/lib/libnio.so
7fb8deb57000-7fb8deb5b000 ---p 00000000 00:00 0 
7fb8deb5b000-7fb8dec58000 rw-p 00000000 00:00 0 
7fb8dec58000-7fb8dec59000 ---p 00000000 00:00 0 
7fb8dec59000-7fb8ded5a000 rw-p 00000000 00:00 0 
7fb8ded5a000-7fb8ded5e000 ---p 00000000 00:00 0 
7fb8ded5e000-7fb8dee5b000 rw-p 00000000 00:00 0 
7fb8dee5b000-7fb8dee5f000 ---p 00000000 00:00 0 
7fb8dee5f000-7fb8def5c000 rw-p 00000000 00:00 0 
7fb8def5c000-7fb8def60000 ---p 00000000 00:00 0 
7fb8def60000-7fb8df05d000 rw-p 00000000 00:00 0 
7fb8df05d000-7fb8df061000 ---p 00000000 00:00 0 
7fb8df061000-7fb8df15e000 rw-p 00000000 00:00 0 
7fb8df15e000-7fb8df162000 ---p 00000000 00:00 0 
7fb8df162000-7fb8df25f000 rw-p 00000000 00:00 0 
7fb8df25f000-7fb8df3fa000 r--p 00000000 08:02 90196                      /usr/lib/locale/locale-archive
7fb8df3fa000-7fb8df3fe000 ---p 00000000 00:00 0 
7fb8df3fe000-7fb8df4fb000 rw-p 00000000 00:00 0 
7fb8df4fb000-7fb8df4ff000 ---p 00000000 00:00 0 
7fb8df4ff000-7fb8df5fc000 rw-p 00000000 00:00 0 
7fb8df5fc000-7fb8df5fd000 ---p 00000000 00:00 0 
7fb8df5fd000-7fb8dfb7e000 rw-p 00000000 00:00 0 
7fb8dfb7e000-7fb8dfefe000 ---p 00000000 00:00 0 
7fb8dfefe000-7fb8dfeff000 ---p 00000000 00:00 0 
7fb8dfeff000-7fb8e0000000 rw-p 00000000 00:00 0 
7fb8e0000000-7fb8e004b000 rw-p 00000000 00:00 0 
7fb8e004b000-7fb8e4000000 ---p 00000000 00:00 0 
7fb8e4000000-7fb8e4021000 rw-p 00000000 00:00 0 
7fb8e4021000-7fb8e8000000 ---p 00000000 00:00 0 
7fb8e8000000-7fb8e8021000 rw-p 00000000 00:00 0 
7fb8e8021000-7fb8ec000000 ---p 00000000 00:00 0 
7fb8ec000000-7fb8ee310000 rw-p 00000000 00:00 0 
7fb8ee310000-7fb8f0000000 ---p 00000000 00:00 0 
7fb8f0000000-7fb8f0021000 rw-p 00000000 00:00 0 
7fb8f0021000-7fb8f4000000 ---p 00000000 00:00 0 
7fb8f40f5000-7fb8f40f6000 ---p 00000000 00:00 0 
7fb8f40f6000-7fb8f44fa000 rw-p 00000000 00:00 0 
7fb8f44fa000-7fb8f44fb000 ---p 00000000 00:00 0 
7fb8f44fb000-7fb8f45fc000 rw-p 00000000 00:00 0 
7fb8f45fc000-7fb8f45fd000 ---p 00000000 00:00 0 
7fb8f45fd000-7fb8f4a0e000 rw-p 00000000 00:00 0 
7fb8f4a0e000-7fb8f66fe000 ---p 00000000 00:00 0 
7fb8f66fe000-7fb8f6760000 rw-p 00000000 00:00 0 
7fb8f6760000-7fb8f6afe000 ---p 00000000 00:00 0 
7fb8f6afe000-7fb8f6b60000 rw-p 00000000 00:00 0 
7fb8f6b60000-7fb8f6efe000 ---p 00000000 00:00 0 
7fb8f6efe000-7fb8f6f60000 rw-p 00000000 00:00 0 
7fb8f6f60000-7fb8f72fe000 ---p 00000000 00:00 0 
7fb8f72fe000-7fb8f7601000 rw-p 00000000 00:00 0 
7fb8f7601000-7fb8f7602000 ---p 00000000 00:00 0 
7fb8f7602000-7fb8f7708000 rw-p 00000000 00:00 0 
7fb8f7708000-7fb8f77ee000 ---p 00000000 00:00 0 
7fb8f77ee000-7fb8f7a5e000 rwxp 00000000 00:00 0 
7fb8f7a5e000-7fb8f7d7d000 ---p 00000000 00:00 0 
7fb8f7d7d000-7fb8f7fed000 rwxp 00000000 00:00 0 
7fb8f7fed000-7fb8ff2b5000 ---p 00000000 00:00 0 
7fb8ff2b5000-7fb8ff525000 rwxp 00000000 00:00 0 
7fb8ff525000-7fb9067ee000 ---p 00000000 00:00 0 
7fb9067ee000-7fb9067f5000 r-xp 00000000 08:02 282216                     /usr/lib/jvm/java-11-openjdk-amd64/lib/libzip.so
7fb9067f5000-7fb9069f4000 ---p 00007000 08:02 282216                     /usr/lib/jvm/java-11-openjdk-amd64/lib/libzip.so
7fb9069f4000-7fb9069f5000 r--p 00006000 08:02 282216                     /usr/lib/jvm/java-11-openjdk-amd64/lib/libzip.so
7fb9069f5000-7fb9069f6000 rw-p 00007000 08:02 282216                     /usr/lib/jvm/java-11-openjdk-amd64/lib/libzip.so
7fb9069f6000-7fb906a01000 r-xp 00000000 08:02 139972                     /lib/x86_64-linux-gnu/libnss_files-2.27.so
7fb906a01000-7fb906c00000 ---p 0000b000 08:02 139972                     /lib/x86_64-linux-gnu/libnss_files-2.27.so
7fb906c00000-7fb906c01000 r--p 0000a000 08:02 139972                     /lib/x86_64-linux-gnu/libnss_files-2.27.so
7fb906c01000-7fb906c02000 rw-p 0000b000 08:02 139972                     /lib/x86_64-linux-gnu/libnss_files-2.27.so
7fb906c02000-7fb906c08000 rw-p 00000000 00:00 0 
7fb906c08000-7fb906c1f000 r-xp 00000000 08:02 139969                     /lib/x86_64-linux-gnu/libnsl-2.27.so
7fb906c1f000-7fb906e1e000 ---p 00017000 08:02 139969                     /lib/x86_64-linux-gnu/libnsl-2.27.so
7fb906e1e000-7fb906e1f000 r--p 00016000 08:02 139969                     /lib/x86_64-linux-gnu/libnsl-2.27.so
7fb906e1f000-7fb906e20000 rw-p 00017000 08:02 139969                     /lib/x86_64-linux-gnu/libnsl-2.27.so
7fb906e20000-7fb906e22000 rw-p 00000000 00:00 0 
7fb906e22000-7fb906e2d000 r-xp 00000000 08:02 139974                     /lib/x86_64-linux-gnu/libnss_nis-2.27.so
7fb906e2d000-7fb90702c000 ---p 0000b000 08:02 139974                     /lib/x86_64-linux-gnu/libnss_nis-2.27.so
7fb90702c000-7fb90702d000 r--p 0000a000 08:02 139974                     /lib/x86_64-linux-gnu/libnss_nis-2.27.so
7fb90702d000-7fb90702e000 rw-p 0000b000 08:02 139974                     /lib/x86_64-linux-gnu/libnss_nis-2.27.so
7fb90702e000-7fb907036000 r-xp 00000000 08:02 139970                     /lib/x86_64-linux-gnu/libnss_compat-2.27.so
7fb907036000-7fb907236000 ---p 00008000 08:02 139970                     /lib/x86_64-linux-gnu/libnss_compat-2.27.so
7fb907236000-7fb907237000 r--p 00008000 08:02 139970                     /lib/x86_64-linux-gnu/libnss_compat-2.27.so
7fb907237000-7fb907238000 rw-p 00009000 08:02 139970                     /lib/x86_64-linux-gnu/libnss_compat-2.27.so
7fb907238000-7fb90f9c0000 r--s 00000000 08:02 282217                     /usr/lib/jvm/java-11-openjdk-amd64/lib/modules
7fb90f9c0000-7fb90f9c5000 r-xp 00000000 08:02 282184                     /usr/lib/jvm/java-11-openjdk-amd64/lib/libjimage.so
7fb90f9c5000-7fb90fbc4000 ---p 00005000 08:02 282184                     /usr/lib/jvm/java-11-openjdk-amd64/lib/libjimage.so
7fb90fbc4000-7fb90fbc5000 r--p 00004000 08:02 282184                     /usr/lib/jvm/java-11-openjdk-amd64/lib/libjimage.so
7fb90fbc5000-7fb90fbc6000 rw-p 00005000 08:02 282184                     /usr/lib/jvm/java-11-openjdk-amd64/lib/libjimage.so
7fb90fbc6000-7fb90fbee000 r-xp 00000000 08:02 282181                     /usr/lib/jvm/java-11-openjdk-amd64/lib/libjava.so
7fb90fbee000-7fb90fdee000 ---p 00028000 08:02 282181                     /usr/lib/jvm/java-11-openjdk-amd64/lib/libjava.so
7fb90fdee000-7fb90fdef000 r--p 00028000 08:02 282181                     /usr/lib/jvm/java-11-openjdk-amd64/lib/libjava.so
7fb90fdef000-7fb90fdf0000 rw-p 00029000 08:02 282181                     /usr/lib/jvm/java-11-openjdk-amd64/lib/libjava.so
7fb90fdf0000-7fb90fdf1000 rw-p 00000000 00:00 0 
7fb90fdf1000-7fb90fdfe000 r-xp 00000000 08:02 282214                     /usr/lib/jvm/java-11-openjdk-amd64/lib/libverify.so
7fb90fdfe000-7fb90fffd000 ---p 0000d000 08:02 282214                     /usr/lib/jvm/java-11-openjdk-amd64/lib/libverify.so
7fb90fffd000-7fb90ffff000 r--p 0000c000 08:02 282214                     /usr/lib/jvm/java-11-openjdk-amd64/lib/libverify.so
7fb90ffff000-7fb910000000 rw-p 0000e000 08:02 282214                     /usr/lib/jvm/java-11-openjdk-amd64/lib/libverify.so
7fb910000000-7fb910244000 rw-p 00000000 00:00 0 
7fb910244000-7fb914000000 ---p 00000000 00:00 0 
7fb91402a000-7fb9140b0000 rw-p 00000000 00:00 0 
7fb9140b0000-7fb914196000 ---p 00000000 00:00 0 
7fb914196000-7fb91419d000 r-xp 00000000 08:02 139979                     /lib/x86_64-linux-gnu/librt-2.27.so
7fb91419d000-7fb91439c000 ---p 00007000 08:02 139979                     /lib/x86_64-linux-gnu/librt-2.27.so
7fb91439c000-7fb91439d000 r--p 00006000 08:02 139979                     /lib/x86_64-linux-gnu/librt-2.27.so
7fb91439d000-7fb91439e000 rw-p 00007000 08:02 139979                     /lib/x86_64-linux-gnu/librt-2.27.so
7fb91439e000-7fb9143b5000 r-xp 00000000 08:02 139957                     /lib/x86_64-linux-gnu/libgcc_s.so.1
7fb9143b5000-7fb9145b4000 ---p 00017000 08:02 139957                     /lib/x86_64-linux-gnu/libgcc_s.so.1
7fb9145b4000-7fb9145b5000 r--p 00016000 08:02 139957                     /lib/x86_64-linux-gnu/libgcc_s.so.1
7fb9145b5000-7fb9145b6000 rw-p 00017000 08:02 139957                     /lib/x86_64-linux-gnu/libgcc_s.so.1
7fb9145b6000-7fb914753000 r-xp 00000000 08:02 139966                     /lib/x86_64-linux-gnu/libm-2.27.so
7fb914753000-7fb914952000 ---p 0019d000 08:02 139966                     /lib/x86_64-linux-gnu/libm-2.27.so
7fb914952000-7fb914953000 r--p 0019c000 08:02 139966                     /lib/x86_64-linux-gnu/libm-2.27.so
7fb914953000-7fb914954000 rw-p 0019d000 08:02 139966                     /lib/x86_64-linux-gnu/libm-2.27.so
7fb914954000-7fb914acd000 r-xp 00000000 08:02 88373                      /usr/lib/x86_64-linux-gnu/libstdc++.so.6.0.25
7fb914acd000-7fb914ccd000 ---p 00179000 08:02 88373                      /usr/lib/x86_64-linux-gnu/libstdc++.so.6.0.25
7fb914ccd000-7fb914cd7000 r--p 00179000 08:02 88373                      /usr/lib/x86_64-linux-gnu/libstdc++.so.6.0.25
7fb914cd7000-7fb914cd9000 rw-p 00183000 08:02 88373                      /usr/lib/x86_64-linux-gnu/libstdc++.so.6.0.25
7fb914cd9000-7fb914cdd000 rw-p 00000000 00:00 0 
7fb914cdd000-7fb915dc5000 r-xp 00000000 08:02 288086                     /usr/lib/jvm/java-11-openjdk-amd64/lib/server/libjvm.so
7fb915dc5000-7fb915fc4000 ---p 010e8000 08:02 288086                     /usr/lib/jvm/java-11-openjdk-amd64/lib/server/libjvm.so
7fb915fc4000-7fb916085000 r--p 010e7000 08:02 288086                     /usr/lib/jvm/java-11-openjdk-amd64/lib/server/libjvm.so
7fb916085000-7fb9160c0000 rw-p 011a8000 08:02 288086                     /usr/lib/jvm/java-11-openjdk-amd64/lib/server/libjvm.so
7fb9160c0000-7fb916117000 rw-p 00000000 00:00 0 
7fb916117000-7fb916131000 r-xp 00000000 08:02 139977                     /lib/x86_64-linux-gnu/libpthread-2.27.so
7fb916131000-7fb916330000 ---p 0001a000 08:02 139977                     /lib/x86_64-linux-gnu/libpthread-2.27.so
7fb916330000-7fb916331000 r--p 00019000 08:02 139977                     /lib/x86_64-linux-gnu/libpthread-2.27.so
7fb916331000-7fb916332000 rw-p 0001a000 08:02 139977                     /lib/x86_64-linux-gnu/libpthread-2.27.so
7fb916332000-7fb916336000 rw-p 00000000 00:00 0 
7fb916336000-7fb916339000 r-xp 00000000 08:02 139965                     /lib/x86_64-linux-gnu/libdl-2.27.so
7fb916339000-7fb916538000 ---p 00003000 08:02 139965                     /lib/x86_64-linux-gnu/libdl-2.27.so
7fb916538000-7fb916539000 r--p 00002000 08:02 139965                     /lib/x86_64-linux-gnu/libdl-2.27.so
7fb916539000-7fb91653a000 rw-p 00003000 08:02 139965                     /lib/x86_64-linux-gnu/libdl-2.27.so
7fb91653a000-7fb916556000 r-xp 00000000 08:02 136542                     /lib/x86_64-linux-gnu/libz.so.1.2.11
7fb916556000-7fb916755000 ---p 0001c000 08:02 136542                     /lib/x86_64-linux-gnu/libz.so.1.2.11
7fb916755000-7fb916756000 r--p 0001b000 08:02 136542                     /lib/x86_64-linux-gnu/libz.so.1.2.11
7fb916756000-7fb916757000 rw-p 0001c000 08:02 136542                     /lib/x86_64-linux-gnu/libz.so.1.2.11
7fb916757000-7fb91693e000 r-xp 00000000 08:02 139962                     /lib/x86_64-linux-gnu/libc-2.27.so
7fb91693e000-7fb916b3e000 ---p 001e7000 08:02 139962                     /lib/x86_64-linux-gnu/libc-2.27.so
7fb916b3e000-7fb916b42000 r--p 001e7000 08:02 139962                     /lib/x86_64-linux-gnu/libc-2.27.so
7fb916b42000-7fb916b44000 rw-p 001eb000 08:02 139962                     /lib/x86_64-linux-gnu/libc-2.27.so
7fb916b44000-7fb916b48000 rw-p 00000000 00:00 0 
7fb916b48000-7fb916b57000 r-xp 00000000 08:02 288081                     /usr/lib/jvm/java-11-openjdk-amd64/lib/jli/libjli.so
7fb916b57000-7fb916d56000 ---p 0000f000 08:02 288081                     /usr/lib/jvm/java-11-openjdk-amd64/lib/jli/libjli.so
7fb916d56000-7fb916d57000 r--p 0000e000 08:02 288081                     /usr/lib/jvm/java-11-openjdk-amd64/lib/jli/libjli.so
7fb916d57000-7fb916d58000 rw-p 0000f000 08:02 288081                     /usr/lib/jvm/java-11-openjdk-amd64/lib/jli/libjli.so
7fb916d58000-7fb916d81000 r-xp 00000000 08:02 139958                     /lib/x86_64-linux-gnu/ld-2.27.so
7fb916dbf000-7fb916e64000 rw-p 00000000 00:00 0 
7fb916e64000-7fb916e6b000 ---p 00000000 00:00 0 
7fb916e6b000-7fb916e73000 rw-s 00000000 08:02 361644                     /tmp/hsperfdata_root/9264
7fb916e73000-7fb916e77000 ---p 00000000 00:00 0 
7fb916e77000-7fb916f76000 rw-p 00000000 00:00 0 
7fb916f7b000-7fb916f7d000 r--s 00007000 08:02 155060                     /usr/share/java/java-atk-wrapper.jar
7fb916f7d000-7fb916f7e000 ---p 00000000 00:00 0 
7fb916f7e000-7fb916f7f000 r--p 00000000 00:00 0 
7fb916f7f000-7fb916f81000 rw-p 00000000 00:00 0 
7fb916f81000-7fb916f82000 r--p 00029000 08:02 139958                     /lib/x86_64-linux-gnu/ld-2.27.so
7fb916f82000-7fb916f83000 rw-p 0002a000 08:02 139958                     /lib/x86_64-linux-gnu/ld-2.27.so
7fb916f83000-7fb916f84000 rw-p 00000000 00:00 0 
7ffc56686000-7ffc566a7000 rw-p 00000000 00:00 0                          [stack]
7ffc56751000-7ffc56754000 r--p 00000000 00:00 0                          [vvar]
7ffc56754000-7ffc56756000 r-xp 00000000 00:00 0                          [vdso]
ffffffffff600000-ffffffffff601000 r-xp 00000000 00:00 0                  [vsyscall]


VM Arguments:
jvm_args: -Xmx2G 
java_command: meteor-1.5.jar - - -stdio -l en -norm -a data/paraphrase-en.gz
java_class_path (initial): meteor-1.5.jar
Launcher Type: SUN_STANDARD

[Global flags]
     intx CICompilerCount                          = 2                                         {product} {ergonomic}
     uint ConcGCThreads                            = 1                                         {product} {ergonomic}
     uint G1ConcRefinementThreads                  = 3                                         {product} {ergonomic}
   size_t G1HeapRegionSize                         = 1048576                                   {product} {ergonomic}
    uintx GCDrainStackTargetSize                   = 64                                        {product} {ergonomic}
   size_t InitialHeapSize                          = 33554432                                  {product} {ergonomic}
   size_t MarkStackSize                            = 4194304                                   {product} {ergonomic}
   size_t MaxHeapSize                              = 2147483648                                {product} {command line}
   size_t MaxNewSize                               = 1287651328                                {product} {ergonomic}
   size_t MinHeapDeltaBytes                        = 1048576                                   {product} {ergonomic}
    uintx NonNMethodCodeHeapSize                   = 5825164                                {pd product} {ergonomic}
    uintx NonProfiledCodeHeapSize                  = 122916538                              {pd product} {ergonomic}
    uintx ProfiledCodeHeapSize                     = 122916538                              {pd product} {ergonomic}
    uintx ReservedCodeCacheSize                    = 251658240                              {pd product} {ergonomic}
     bool SegmentedCodeCache                       = true                                      {product} {ergonomic}
     bool UseCompressedClassPointers               = true                                 {lp64_product} {ergonomic}
     bool UseCompressedOops                        = true                                 {lp64_product} {ergonomic}
     bool UseG1GC                                  = true                                      {product} {ergonomic}

Logging:
Log output configuration:
 #0: stdout all=warning uptime,level,tags
 #1: stderr all=off uptime,level,tags

Environment Variables:
PATH=/env/bin:/usr/local/sbin:/usr/local/bin:/usr/sbin:/usr/bin:/sbin:/bin:/usr/games:/usr/local/games
SHELL=/bin/bash
DISPLAY=localhost:10.0
LANG=en_US.UTF-8
LC_ALL=en_US.UTF_8

Signal Handlers:
SIGSEGV: [libjvm.so+0xe1d0a0], sa_mask[0]=11111111011111111101111111111110, sa_flags=SA_RESTART|SA_SIGINFO
SIGBUS: [libjvm.so+0xe1d0a0], sa_mask[0]=11111111011111111101111111111110, sa_flags=SA_RESTART|SA_SIGINFO
SIGFPE: [libjvm.so+0xe1d0a0], sa_mask[0]=11111111011111111101111111111110, sa_flags=SA_RESTART|SA_SIGINFO
SIGPIPE: [libjvm.so+0xb717f0], sa_mask[0]=11111111011111111101111111111110, sa_flags=SA_RESTART|SA_SIGINFO
SIGXFSZ: [libjvm.so+0xb717f0], sa_mask[0]=11111111011111111101111111111110, sa_flags=SA_RESTART|SA_SIGINFO
SIGILL: [libjvm.so+0xe1d0a0], sa_mask[0]=11111111011111111101111111111110, sa_flags=SA_RESTART|SA_SIGINFO
SIGUSR2: [libjvm.so+0xb71680], sa_mask[0]=00000000000000000000000000000000, sa_flags=SA_RESTART|SA_SIGINFO
SIGHUP: [libjvm.so+0xb71b30], sa_mask[0]=11111111011111111101111111111110, sa_flags=SA_RESTART|SA_SIGINFO
SIGINT: [libjvm.so+0xb71b30], sa_mask[0]=11111111011111111101111111111110, sa_flags=SA_RESTART|SA_SIGINFO
SIGTERM: [libjvm.so+0xb71b30], sa_mask[0]=11111111011111111101111111111110, sa_flags=SA_RESTART|SA_SIGINFO
SIGQUIT: [libjvm.so+0xb71b30], sa_mask[0]=11111111011111111101111111111110, sa_flags=SA_RESTART|SA_SIGINFO


---------------  S Y S T E M  ---------------

OS:DISTRIB_ID=Ubuntu
DISTRIB_RELEASE=18.04
DISTRIB_CODENAME=bionic
DISTRIB_DESCRIPTION="Ubuntu 18.04 LTS"
uname:Linux 4.15.0-20-generic #21-Ubuntu SMP Tue Apr 24 06:16:15 UTC 2018 x86_64
OS uptime: 0 days 2:54 hours
libc:glibc 2.27 NPTL 2.27 
rlimit (soft/hard): STACK 8192k/infinity , CORE 0k/infinity , NPROC 7950/7950 , NOFILE 1048576/1048576 , AS infinity/infinity , CPU infinity/infinity , DATA infinity/infinity , FSIZE infinity/infinity , MEMLOCK 16384k/16384k
load average:0.65 0.28 0.21

/proc/meminfo:
MemTotal:        2057260 kB
MemFree:           82024 kB
MemAvailable:      45228 kB
Buffers:            1036 kB
Cached:            59152 kB
SwapCached:        11532 kB
Active:          1372440 kB
Inactive:         506596 kB
Active(anon):    1351204 kB
Inactive(anon):   471564 kB
Active(file):      21236 kB
Inactive(file):    35032 kB
Unevictable:           0 kB
Mlocked:               0 kB
SwapTotal:        435652 kB
SwapFree:              0 kB
Dirty:              1100 kB
Writeback:             0 kB
AnonPages:       1809280 kB
Mapped:            55108 kB
Shmem:              3712 kB
Slab:              48188 kB
SReclaimable:      21056 kB
SUnreclaim:        27132 kB
KernelStack:        5328 kB
PageTables:        26848 kB
NFS_Unstable:          0 kB
Bounce:                0 kB
WritebackTmp:          0 kB
CommitLimit:     1464280 kB
Committed_AS:    4866876 kB
VmallocTotal:   34359738367 kB
VmallocUsed:           0 kB
VmallocChunk:          0 kB
HardwareCorrupted:     0 kB
AnonHugePages:         0 kB
ShmemHugePages:        0 kB
ShmemPmdMapped:        0 kB
CmaTotal:              0 kB
CmaFree:               0 kB
HugePages_Total:       0
HugePages_Free:        0
HugePages_Rsvd:        0
HugePages_Surp:        0
Hugepagesize:       2048 kB
DirectMap4k:      126840 kB
DirectMap2M:     1988608 kB
DirectMap1G:     1048576 kB

/sys/kernel/mm/transparent_hugepage/enabled:
always [madvise] never
/sys/kernel/mm/transparent_hugepage/defrag (defrag/compaction efforts parameter):
always defer defer+madvise [madvise] never

Process Memory:
Virtual Size: 4735824K (peak: 13565068K)
Resident Set Size: 166920K (peak: 170452K) (anon: 152352K, file: 14568K, shmem: 0K)
Swapped out: 0K
C-Heap outstanding allocations: 19282K

/proc/sys/kernel/threads-max (system-wide limit on the number of threads):
15901
/proc/sys/vm/max_map_count (maximum number of memory map areas a process may have):
65530
/proc/sys/kernel/pid_max (system-wide limit on number of process identifiers):
32768

container (cgroup) information:
container_type: cgroupv1
cpu_cpuset_cpus: 0-2
cpu_memory_nodes: 0
active_processor_count: 3
cpu_quota: -1
cpu_period: 100000
cpu_shares: -1
memory_limit_in_bytes: -1
memory_and_swap_limit_in_bytes: -2
memory_soft_limit_in_bytes: -1
memory_usage_in_bytes: 1919807488
memory_max_usage_in_bytes: 197185536

KVM virtualization detected
Steal ticks since vm start: 0
Steal ticks percentage since vm start:  0.000

CPU:total 3 (initial active 3) (3 cores per cpu, 1 threads per core) family 6 model 13 stepping 3 microcode 0x1, cmov, cx8, fxsr, mmx, sse, sse2, sse3, ssse3, sse4.1, sse4.2, popcnt, avx, aes, clmul, tsc
CPU Model and flags from /proc/cpuinfo:
model name	: QEMU Virtual CPU version (cpu64-rhel6)
flags		: fpu vme de pse tsc msr pae mce cx8 apic sep mtrr pge mca cmov pse36 clflush mmx fxsr sse sse2 ss ht syscall nx pdpe1gb rdtscp lm rep_good nopl xtopology cpuid pni pclmulqdq ssse3 cx16 pcid sse4_1 sse4_2 x2apic popcnt aes xsave avx f16c rdrand hypervisor lahf_lm pti fsgsbase smep xsaveopt
Online cpus:
0-2
Offline cpus:

BIOS frequency limitation:
<Not Available>
Frequency switch latency (ns):
<Not Available>
Available cpu frequencies:
<Not Available>
Current governor:
<Not Available>
Core performance/turbo boost:
<Not Available>

Memory: 4k page, physical 2057260k(82528k free), swap 435652k(0k free)

vm_info: OpenJDK 64-Bit Server VM (11.0.11+9-Ubuntu-0ubuntu2.18.04) for linux-amd64 JRE (11.0.11+9-Ubuntu-0ubuntu2.18.04), built on Apr 21 2021 09:15:32 by "unknown" with gcc 8.4.0

END.
